    1    2    1   50   50    0   50   50    0    1
  0.62900000D+01  0.62900000D+01 -0.69404446D-04 -0.99999968D+00
 -0.32367138D+00 -0.22464240D-04
  0.11684309D+00  0.11684198D+00  0.11683875D+00  0.11683349D+00
  0.11682626D+00  0.11681720D+00  0.11680644D+00  0.11679415D+00
  0.11678053D+00  0.11676579D+00  0.11675017D+00  0.11673392D+00
  0.11671730D+00  0.11670058D+00  0.11668403D+00  0.11666792D+00
  0.11665235D+00  0.11663777D+00  0.11662443D+00  0.11661258D+00
  0.11660222D+00  0.11659370D+00  0.11658705D+00  0.11658514D+00
  0.11658349D+00  0.11658292D+00  0.11658322D+00  0.11658415D+00
  0.11658865D+00  0.11659551D+00  0.11660460D+00  0.11661563D+00
  0.11662859D+00  0.11664327D+00  0.11665944D+00  0.11667662D+00
  0.11669468D+00  0.11671332D+00  0.11673221D+00  0.11675102D+00
  0.11676938D+00  0.11678696D+00  0.11680343D+00  0.11681845D+00
  0.11683175D+00  0.11684304D+00  0.11685210D+00  0.11685875D+00
  0.11686285D+00  0.11686431D+00
  0.11684309D+00  0.11684196D+00  0.11683873D+00  0.11683347D+00
  0.11682624D+00  0.11681718D+00  0.11680642D+00  0.11679413D+00
  0.11678051D+00  0.11676577D+00  0.11675015D+00  0.11673390D+00
  0.11671729D+00  0.11670057D+00  0.11668402D+00  0.11666790D+00
  0.11665233D+00  0.11663775D+00  0.11662442D+00  0.11661257D+00
  0.11660221D+00  0.11659370D+00  0.11658705D+00  0.11658514D+00
  0.11658349D+00  0.11658292D+00  0.11658322D+00  0.11658415D+00
  0.11658866D+00  0.11659551D+00  0.11660461D+00  0.11661565D+00
  0.11662860D+00  0.11664329D+00  0.11665946D+00  0.11667664D+00
  0.11669470D+00  0.11671334D+00  0.11673223D+00  0.11675104D+00
  0.11676940D+00  0.11678699D+00  0.11680345D+00  0.11681848D+00
  0.11683178D+00  0.11684307D+00  0.11685213D+00  0.11685878D+00
  0.11686288D+00  0.11686431D+00

 -0.68321308D-07  0.65702790D-01  0.13140783D+00  0.19711731D+00
  0.26283363D+00  0.32855945D+00  0.39429781D+00  0.46005223D+00
  0.52582694D+00  0.59162714D+00  0.65745933D+00  0.72333188D+00
  0.78925581D+00  0.85524596D+00  0.92132298D+00  0.98751648D+00
  0.10539022D+01  0.11205257D+01  0.11875049D+01  0.12550496D+01
  0.13237888D+01  0.13948738D+01  0.14734503D+01  0.15071914D+01
  0.15521801D+01  0.15894145D+01  0.16344039D+01  0.16681442D+01
  0.17467194D+01  0.18178047D+01  0.18865444D+01  0.19540888D+01
  0.20210670D+01  0.20876897D+01  0.21540750D+01  0.22202706D+01
  0.22863475D+01  0.23523375D+01  0.24182614D+01  0.24841338D+01
  0.25499659D+01  0.26157661D+01  0.26815407D+01  0.27472950D+01
  0.28130333D+01  0.28787591D+01  0.29444754D+01  0.30101848D+01
  0.30758898D+01  0.31415927D+01
 -0.68321308D-07 -0.65702881D-01 -0.13140787D+00 -0.19711729D+00
 -0.26283355D+00 -0.32855932D+00 -0.39429761D+00 -0.46005197D+00
 -0.52582661D+00 -0.59162673D+00 -0.65745884D+00 -0.72333130D+00
 -0.78925513D+00 -0.85524516D+00 -0.92132204D+00 -0.98751766D+00
 -0.10539029D+01 -0.11205257D+01 -0.11875039D+01 -0.12550482D+01
 -0.13237879D+01 -0.13948732D+01 -0.14734483D+01 -0.15071887D+01
 -0.15521782D+01 -0.15894126D+01 -0.16344013D+01 -0.16681426D+01
 -0.17467190D+01 -0.18178039D+01 -0.18865431D+01 -0.19540878D+01
 -0.20210669D+01 -0.20876904D+01 -0.21540762D+01 -0.22202697D+01
 -0.22863467D+01 -0.23523368D+01 -0.24182607D+01 -0.24841332D+01
 -0.25499654D+01 -0.26157656D+01 -0.26815403D+01 -0.27472947D+01
 -0.28130331D+01 -0.28787589D+01 -0.29444752D+01 -0.30101847D+01
 -0.30758898D+01 -0.31415926D+01

  0.11684309D+00  0.11684316D+00  0.11684342D+00  0.11684411D+00
  0.11684556D+00  0.11684814D+00  0.11685228D+00  0.11685841D+00
  0.11686696D+00  0.11687832D+00  0.11689284D+00  0.11691074D+00
  0.11693218D+00  0.11695712D+00  0.11696805D+00  0.11702305D+00
  0.11705763D+00  0.11709370D+00  0.11710450D+00  0.11716924D+00
  0.11719432D+00  0.11722222D+00  0.11723596D+00  0.11725219D+00
  0.11726061D+00  0.11726490D+00  0.11726038D+00  0.11725003D+00
  0.11723395D+00  0.11713788D+00  0.11711945D+00  0.11703308D+00
  0.11692132D+00  0.11667925D+00  0.11659501D+00  0.11642112D+00
  0.11621551D+00  0.11598993D+00  0.11574768D+00  0.11549315D+00
  0.11523179D+00  0.11497007D+00  0.11471540D+00  0.11447592D+00
  0.11426033D+00  0.11407748D+00  0.11393614D+00  0.11384449D+00
  0.11384449D+00  0.00000000D+00 -0.85512828D-06 -0.25393644D-05
 -0.57321282D-05 -0.11870738D-04 -0.21789144D-04 -0.36204042D-04
 -0.55692908D-04 -0.80672652D-04 -0.11138463D-03 -0.14788282D-03
 -0.19002540D-03 -0.23747320D-03 -0.28968678D-03 -0.34592962D-03
 -0.36885369D-03 -0.47673715D-03 -0.54041547D-03 -0.60297908D-03
 -0.62067531D-03 -0.72116270D-03 -0.75808714D-03 -0.79702952D-03
 -0.81547292D-03 -0.83669087D-03 -0.84741235D-03 -0.85273871D-03
 -0.84726554D-03 -0.83513090D-03 -0.81708665D-03 -0.71330540D-03
 -0.69410439D-03 -0.60717911D-03 -0.49834850D-03 -0.27001632D-03
 -0.19296377D-03 -0.38592630D-04  0.13874133D-03  0.32792348D-03
  0.52561712D-03  0.72789567D-03  0.93031233D-03  0.11279673D-02
  0.13156371D-02  0.14879334D-02  0.16394657D-02  0.17650848D-02
  0.18600353D-02  0.19202836D-02  0.19202836D-02  0.00000000D+00
 -0.24472515D-03 -0.23618052D-03 -0.22646205D-03 -0.21311582D-03
 -0.19634456D-03 -0.17640301D-03 -0.15359167D-03 -0.12825414D-03
 -0.10077026D-03 -0.71550348D-04 -0.41029743D-04 -0.96611214D-05
  0.22089278D-04  0.53747401D-04  0.65756828D-04  0.11860412D-03
  0.14788922D-03  0.17499614D-03  0.18224111D-03  0.22120725D-03
  0.23478909D-03  0.24836579D-03  0.25455352D-03  0.26148892D-03
  0.26490167D-03  0.26655386D-03  0.26489660D-03  0.26134312D-03
  0.25628095D-03  0.22826489D-03  0.22326545D-03  0.20139831D-03
  0.17491083D-03  0.12108131D-03  0.10346667D-03  0.69212345D-04
  0.30982985D-04 -0.86728630D-05 -0.48998792D-04 -0.89180466D-04
 -0.12836497D-03 -0.16567732D-03 -0.20024640D-03 -0.23123310D-03
 -0.25785605D-03 -0.27942810D-03 -0.29537368D-03 -0.30527306D-03
 -0.30527306D-03  0.00000000D+00
  0.11684309D+00  0.11684314D+00  0.11684339D+00  0.11684408D+00
  0.11684553D+00  0.11684812D+00  0.11685225D+00  0.11685838D+00
  0.11686693D+00  0.11687830D+00  0.11689281D+00  0.11691072D+00
  0.11693215D+00  0.11695576D+00  0.11696997D+00  0.11702304D+00
  0.11705751D+00  0.11709340D+00  0.11710415D+00  0.11716949D+00
  0.11719436D+00  0.11722215D+00  0.11723601D+00  0.11725216D+00
  0.11726057D+00  0.11726484D+00  0.11726035D+00  0.11724992D+00
  0.11723352D+00  0.11713841D+00  0.11712006D+00  0.11703327D+00
  0.11692108D+00  0.11666935D+00  0.11660448D+00  0.11642113D+00
  0.11621550D+00  0.11598988D+00  0.11574760D+00  0.11549303D+00
  0.11523163D+00  0.11496987D+00  0.11471515D+00  0.11447564D+00
  0.11426001D+00  0.11407712D+00  0.11393577D+00  0.11380565D+00
  0.11380565D+00  0.00000000D+00  0.13677107D-05  0.25391658D-05
  0.57317066D-05  0.11869886D-04  0.21787579D-04  0.36201428D-04
  0.55688839D-04  0.80666678D-04  0.11137625D-03  0.14787147D-03
  0.19001048D-03  0.23745402D-03  0.28966258D-03  0.34289215D-03
  0.37270820D-03  0.47681528D-03  0.54028589D-03  0.60253217D-03
  0.62014803D-03  0.72156438D-03  0.75818619D-03  0.79696532D-03
  0.81557382D-03  0.83669754D-03  0.84740232D-03  0.85269709D-03
  0.84726634D-03  0.83504121D-03  0.81662861D-03  0.71389362D-03
  0.69477520D-03  0.60741846D-03  0.49817336D-03  0.26072990D-03
  0.20139450D-03  0.38626436D-04 -0.13873132D-03 -0.32793965D-03
 -0.52566172D-03 -0.72797041D-03 -0.93041834D-03 -0.11281048D-02
 -0.13158054D-02 -0.14881307D-02 -0.16396889D-02 -0.17653299D-02
 -0.18602971D-02 -0.19458260D-02 -0.19458260D-02  0.00000000D+00
 -0.24210473D-03 -0.23616160D-03 -0.22644380D-03 -0.21309851D-03
 -0.19632845D-03 -0.17638834D-03 -0.15357869D-03 -0.12824308D-03
 -0.10076133D-03 -0.71543776D-04 -0.41025738D-04 -0.96598999D-05
  0.22087472D-04  0.52049509D-04  0.67669495D-04  0.11866686D-03
  0.14785642D-03  0.17482587D-03  0.18203794D-03  0.22136434D-03
  0.23483487D-03  0.24835467D-03  0.25459780D-03  0.26150241D-03
  0.26490984D-03  0.26655224D-03  0.26490782D-03  0.26132785D-03
  0.25616233D-03  0.22842870D-03  0.22345076D-03  0.20147508D-03
  0.17488672D-03  0.11890923D-03  0.10534483D-03  0.69227249D-04
  0.30992746D-04 -0.86686021D-05 -0.49000341D-04 -0.89188010D-04
 -0.12837858D-03 -0.16569688D-03 -0.20027163D-03 -0.23126355D-03
 -0.25789105D-03 -0.27946687D-03 -0.29541525D-03 -0.30946847D-03
 -0.30946847D-03  0.00000000D+00

  0.64651978D-01  0.64651618D-01  0.64650619D-01  0.64648995D-01
  0.64646772D-01  0.64643986D-01  0.64640681D-01  0.64636909D-01
  0.64632732D-01  0.64628216D-01  0.64623433D-01  0.64618462D-01
  0.64613383D-01  0.64608279D-01  0.64603234D-01  0.64598326D-01
  0.64593577D-01  0.64589146D-01  0.64585110D-01  0.64581540D-01
  0.64578427D-01  0.64575894D-01  0.64573947D-01  0.64573398D-01
  0.64572945D-01  0.64572815D-01  0.64572957D-01  0.64573279D-01
  0.64574736D-01  0.64576890D-01  0.64579716D-01  0.64583103D-01
  0.64587059D-01  0.64591521D-01  0.64596414D-01  0.64601566D-01
  0.64606961D-01  0.64612507D-01  0.64618105D-01  0.64623655D-01
  0.64629058D-01  0.64634213D-01  0.64639027D-01  0.64643409D-01
  0.64647277D-01  0.64650557D-01  0.64653187D-01  0.64655116D-01
  0.64656308D-01  0.64656727D-01
  0.64651978D-01  0.64651628D-01  0.64650629D-01  0.64649004D-01
  0.64646781D-01  0.64643995D-01  0.64640689D-01  0.64636917D-01
  0.64632740D-01  0.64628223D-01  0.64623440D-01  0.64618468D-01
  0.64613389D-01  0.64608284D-01  0.64603238D-01  0.64598335D-01
  0.64593585D-01  0.64589152D-01  0.64585115D-01  0.64581544D-01
  0.64578431D-01  0.64575897D-01  0.64573949D-01  0.64573400D-01
  0.64572945D-01  0.64572815D-01  0.64572957D-01  0.64573278D-01
  0.64574734D-01  0.64576887D-01  0.64579713D-01  0.64583098D-01
  0.64587053D-01  0.64591513D-01  0.64596405D-01  0.64601562D-01
  0.64606956D-01  0.64612501D-01  0.64618098D-01  0.64623647D-01
  0.64629049D-01  0.64634204D-01  0.64639017D-01  0.64643398D-01
  0.64647265D-01  0.64650545D-01  0.64653175D-01  0.64655104D-01
  0.64656295D-01  0.64656727D-01

  0.92413981D-07  0.65702138D-01  0.13140635D+00  0.19711499D+00
  0.26283044D+00  0.32855537D+00  0.39429280D+00  0.46004623D+00
  0.52581989D+00  0.59161895D+00  0.65744991D+00  0.72332110D+00
  0.78924350D+00  0.85523191D+00  0.92130691D+00  0.98749999D+00
  0.10538825D+01  0.11205017D+01  0.11874753D+01  0.12550126D+01
  0.13237423D+01  0.13948083D+01  0.14733312D+01  0.15071502D+01
  0.15521757D+01  0.15894153D+01  0.16344401D+01  0.16682598D+01
  0.17467841D+01  0.18178497D+01  0.18865779D+01  0.19541164D+01
  0.20210910D+01  0.20877110D+01  0.21540936D+01  0.22202849D+01
  0.22863600D+01  0.23523485D+01  0.24182710D+01  0.24841423D+01
  0.25499733D+01  0.26157724D+01  0.26815462D+01  0.27472997D+01
  0.28130371D+01  0.28787621D+01  0.29444777D+01  0.30101863D+01
  0.30758906D+01  0.31415927D+01
  0.92413981D-07 -0.65701998D-01 -0.13140627D+00 -0.19711496D+00
 -0.26283047D+00 -0.32855546D+00 -0.39429294D+00 -0.46004644D+00
 -0.52582017D+00 -0.59161930D+00 -0.65745034D+00 -0.72332162D+00
 -0.78924412D+00 -0.85523265D+00 -0.92130778D+00 -0.98749904D+00
 -0.10538817D+01 -0.11205017D+01 -0.11874762D+01 -0.12550148D+01
 -0.13237430D+01 -0.13948086D+01 -0.14733329D+01 -0.15071526D+01
 -0.15521774D+01 -0.15894169D+01 -0.16344424D+01 -0.16682614D+01
 -0.17467844D+01 -0.18178504D+01 -0.18865801D+01 -0.19541173D+01
 -0.20210909D+01 -0.20877102D+01 -0.21540927D+01 -0.22202858D+01
 -0.22863608D+01 -0.23523492D+01 -0.24182716D+01 -0.24841427D+01
 -0.25499737D+01 -0.26157728D+01 -0.26815464D+01 -0.27472999D+01
 -0.28130373D+01 -0.28787622D+01 -0.29444777D+01 -0.30101863D+01
 -0.30758905D+01 -0.31415926D+01

  0.64651978D-01  0.64651993D-01  0.64652071D-01  0.64652285D-01
  0.64652733D-01  0.64653531D-01  0.64654809D-01  0.64656704D-01
  0.64659347D-01  0.64662862D-01  0.64667351D-01  0.64672888D-01
  0.64679512D-01  0.64686721D-01  0.64689384D-01  0.64708362D-01
  0.64718972D-01  0.64729902D-01  0.64730501D-01  0.64753189D-01
  0.64759365D-01  0.64767478D-01  0.64770981D-01  0.64775785D-01
  0.64777768D-01  0.64777624D-01  0.64776326D-01  0.64771570D-01
  0.64766889D-01  0.64729740D-01  0.64729591D-01  0.64701495D-01
  0.64665238D-01  0.64577266D-01  0.64567116D-01  0.64511865D-01
  0.64450710D-01  0.64384470D-01  0.64314212D-01  0.64241253D-01
  0.64167161D-01  0.64093724D-01  0.64022924D-01  0.63956892D-01
  0.63897848D-01  0.63848043D-01  0.63809682D-01  0.63770881D-01
  0.63770881D-01  0.00000000D+00 -0.59428825D-06 -0.95890482D-06
 -0.19479279D-05 -0.38459538D-05 -0.69105170D-05 -0.11363645D-04
 -0.17385064D-04 -0.25105219D-04 -0.34600123D-04 -0.45887132D-04
 -0.58921270D-04 -0.73593730D-04 -0.89730023D-04 -0.10598525D-03
 -0.11157246D-03 -0.14879830D-03 -0.16833537D-03 -0.18729390D-03
 -0.18827598D-03 -0.22349221D-03 -0.23258602D-03 -0.24390847D-03
 -0.24861046D-03 -0.25489390D-03 -0.25741835D-03 -0.25723975D-03
 -0.25566709D-03 -0.25009383D-03 -0.24483973D-03 -0.20471238D-03
 -0.20455691D-03 -0.17627777D-03 -0.14097131D-03 -0.57994301D-04
 -0.48710635D-04  0.33960457D-06  0.53084666D-04  0.10863499D-03
  0.16597109D-03  0.22395196D-03  0.28133309D-03  0.33679376D-03
  0.38896747D-03  0.43647629D-03  0.47797615D-03  0.51219174D-03
  0.53796347D-03  0.56346786D-03  0.56346786D-03  0.00000000D+00
 -0.74164303D-04 -0.72314476D-04 -0.69303947D-04 -0.65177314D-04
 -0.59995311D-04 -0.53834780D-04 -0.46786737D-04 -0.38955901D-04
 -0.30458878D-04 -0.21422540D-04 -0.11982786D-04 -0.22824004D-05
  0.75300256D-05  0.16679969D-04  0.19607037D-04  0.37842640D-04
  0.46827744D-04  0.55042093D-04  0.55444174D-04  0.69100470D-04
  0.72445563D-04  0.76393229D-04  0.77970822D-04  0.80024687D-04
  0.80828243D-04  0.80772844D-04  0.80296669D-04  0.78664696D-04
  0.77190745D-04  0.66358477D-04  0.66317996D-04  0.59204120D-04
  0.50611234D-04  0.31049512D-04  0.28927229D-04  0.18043248D-04
  0.66726126D-05 -0.49716448D-05 -0.16667129D-04 -0.28184718D-04
 -0.39292723D-04 -0.49762298D-04 -0.59372759D-04 -0.67916993D-04
 -0.75208160D-04 -0.81083855D-04 -0.85411847D-04 -0.89602459D-04
 -0.89602459D-04  0.00000000D+00
  0.64651978D-01  0.64652004D-01  0.64652082D-01  0.64652295D-01
  0.64652743D-01  0.64653541D-01  0.64654820D-01  0.64656714D-01
  0.64659358D-01  0.64662873D-01  0.64667363D-01  0.64672901D-01
  0.64679526D-01  0.64687225D-01  0.64688753D-01  0.64708256D-01
  0.64719026D-01  0.64729974D-01  0.64730777D-01  0.64753016D-01
  0.64759352D-01  0.64767511D-01  0.64770968D-01  0.64775801D-01
  0.64777787D-01  0.64777665D-01  0.64776333D-01  0.64771625D-01
  0.64767196D-01  0.64729237D-01  0.64729486D-01  0.64701440D-01
  0.64665780D-01  0.64580321D-01  0.64563785D-01  0.64511866D-01
  0.64450722D-01  0.64384494D-01  0.64314247D-01  0.64241301D-01
  0.64167222D-01  0.64093798D-01  0.64023010D-01  0.63956990D-01
  0.63897956D-01  0.63848160D-01  0.63809806D-01  0.63784978D-01
  0.63784978D-01  0.00000000D+00  0.36449251D-06  0.95899041D-06
  0.19481283D-05  0.38463777D-05  0.69113077D-05  0.11364973D-04
  0.17387132D-04  0.25108250D-04  0.34604363D-04  0.45892844D-04
  0.58928746D-04  0.73603271D-04  0.89741986D-04  0.10710256D-03
  0.11030825D-03  0.14856428D-03  0.16839536D-03  0.18738485D-03
  0.18870147D-03  0.22322175D-03  0.23255000D-03  0.24393826D-03
  0.24857713D-03  0.25489868D-03  0.25742711D-03  0.25727591D-03
  0.25566180D-03  0.25014457D-03  0.24517322D-03  0.20417137D-03
  0.20443101D-03  0.17620136D-03  0.14147725D-03  0.60869844D-04
  0.45745517D-04 -0.34625767D-06 -0.53082179D-04 -0.10862300D-03
 -0.16594931D-03 -0.22392023D-03 -0.28129144D-03 -0.33674242D-03
 -0.38890696D-03 -0.43640733D-03 -0.47789980D-03 -0.51210925D-03
 -0.53787637D-03 -0.55419639D-03 -0.55419639D-03  0.00000000D+00
 -0.75339555D-04 -0.72323457D-04 -0.69312577D-04 -0.65185458D-04
 -0.60002836D-04 -0.53841564D-04 -0.46792657D-04 -0.38960849D-04
 -0.30462748D-04 -0.21425237D-04 -0.11984213D-04 -0.22824685D-05
  0.75314218D-05  0.17303547D-04  0.18982966D-04  0.37723238D-04
  0.46843563D-04  0.55071326D-04  0.55610372D-04  0.68996769D-04
  0.72428102D-04  0.76398707D-04  0.77955122D-04  0.80021439D-04
  0.80826262D-04  0.80779364D-04  0.80290641D-04  0.78675074D-04
  0.77280445D-04  0.66212116D-04  0.66279718D-04  0.59178291D-04
  0.50727138D-04  0.31724037D-04  0.28266557D-04  0.18039047D-04
  0.66703854D-05 -0.49718771D-05 -0.16665362D-04 -0.28180973D-04
 -0.39287055D-04 -0.49754800D-04 -0.59363570D-04 -0.67906285D-04
 -0.75196153D-04 -0.81070795D-04 -0.85398012D-04 -0.88079545D-04
 -0.88079545D-04  0.00000000D+00

