    -0.74098     0.00005
    -0.74098    -0.00022
    -0.74098    -0.00048
    -0.74098    -0.00075
    -0.74097    -0.00101
    -0.74097    -0.00128
    -0.74096    -0.00155
    -0.74095    -0.00181
    -0.74095    -0.00208
    -0.74094    -0.00234
    -0.74093    -0.00261
    -0.74091    -0.00287
    -0.74090    -0.00314
    -0.74089    -0.00340
    -0.74087    -0.00367
    -0.74086    -0.00393
    -0.74084    -0.00420
    -0.74082    -0.00446
    -0.74080    -0.00473
    -0.74078    -0.00499
    -0.74076    -0.00526
    -0.74074    -0.00552
    -0.74072    -0.00579
    -0.74069    -0.00605
    -0.74067    -0.00631
    -0.74064    -0.00658
    -0.74061    -0.00684
    -0.74058    -0.00711
    -0.74055    -0.00737
    -0.74052    -0.00763
    -0.74049    -0.00790
    -0.74046    -0.00816
    -0.74042    -0.00842
    -0.74039    -0.00869
    -0.74035    -0.00895
    -0.74031    -0.00921
    -0.74027    -0.00948
    -0.74023    -0.00974
    -0.74019    -0.01000
    -0.74015    -0.01026
    -0.74011    -0.01052
    -0.74006    -0.01079
    -0.74002    -0.01105
    -0.73997    -0.01131
    -0.73993    -0.01157
    -0.73988    -0.01183
    -0.73983    -0.01209
    -0.73978    -0.01235
    -0.73973    -0.01261
    -0.73967    -0.01287
    -0.73962    -0.01313
    -0.73956    -0.01339
    -0.73951    -0.01365
    -0.73945    -0.01391
    -0.73939    -0.01417
    -0.73933    -0.01443
    -0.73927    -0.01469
    -0.73921    -0.01495
    -0.73915    -0.01521
    -0.73909    -0.01546
    -0.73902    -0.01572
    -0.73896    -0.01598
    -0.73889    -0.01624
    -0.73882    -0.01649
    -0.73876    -0.01675
    -0.73869    -0.01701
    -0.73861    -0.01726
    -0.73854    -0.01752
    -0.73847    -0.01777
    -0.73840    -0.01803
    -0.73832    -0.01828
    -0.73825    -0.01854
    -0.73817    -0.01879
    -0.73809    -0.01904
    -0.73801    -0.01930
    -0.73793    -0.01955
    -0.73785    -0.01980
    -0.73777    -0.02006
    -0.73768    -0.02031
    -0.73760    -0.02056
    -0.73751    -0.02081
    -0.73743    -0.02106
    -0.73734    -0.02131
    -0.73725    -0.02156
    -0.73716    -0.02181
    -0.73707    -0.02206
    -0.73698    -0.02231
    -0.73689    -0.02256
    -0.73679    -0.02281
    -0.73670    -0.02306
    -0.73660    -0.02331
    -0.73651    -0.02355
    -0.73641    -0.02380
    -0.73631    -0.02405
    -0.73621    -0.02429
    -0.73611    -0.02454
    -0.73601    -0.02479
    -0.73591    -0.02503
    -0.73580    -0.02527
    -0.73570    -0.02552
    -0.73559    -0.02576
    -0.73549    -0.02601
    -0.73538    -0.02625
    -0.73527    -0.02649
    -0.73516    -0.02673
    -0.73505    -0.02697
    -0.73494    -0.02722
    -0.73482    -0.02746
    -0.73471    -0.02770
    -0.73460    -0.02794
    -0.73448    -0.02817
    -0.73436    -0.02841
    -0.73425    -0.02865
    -0.73413    -0.02889
    -0.73401    -0.02913
    -0.73389    -0.02936
    -0.73376    -0.02960
    -0.73364    -0.02983
    -0.73352    -0.03007
    -0.73339    -0.03030
    -0.73327    -0.03054
    -0.73314    -0.03077
    -0.73301    -0.03101
    -0.73289    -0.03124
    -0.73276    -0.03147
    -0.73263    -0.03170
    -0.73250    -0.03193
    -0.73236    -0.03216
    -0.73223    -0.03239
    -0.73210    -0.03262
    -0.73196    -0.03285
    -0.73182    -0.03308
    -0.73169    -0.03331
    -0.73155    -0.03354
    -0.73141    -0.03376
    -0.73127    -0.03399
    -0.73113    -0.03421
    -0.73099    -0.03444
    -0.73085    -0.03466
    -0.73070    -0.03489
    -0.73056    -0.03511
    -0.73041    -0.03533
    -0.73027    -0.03555
    -0.73012    -0.03578
    -0.72997    -0.03600
    -0.72982    -0.03622
    -0.72967    -0.03644
    -0.72952    -0.03666
    -0.72937    -0.03687
    -0.72922    -0.03709
    -0.72906    -0.03731
    -0.72891    -0.03753
    -0.72876    -0.03774
    -0.72860    -0.03796
    -0.72844    -0.03817
    -0.72828    -0.03838
    -0.72813    -0.03860
    -0.72797    -0.03881
    -0.72780    -0.03902
    -0.72764    -0.03923
    -0.72748    -0.03944
    -0.72732    -0.03965
    -0.72715    -0.03986
    -0.72699    -0.04007
    -0.72682    -0.04028
    -0.72666    -0.04049
    -0.72649    -0.04069
    -0.72632    -0.04090
    -0.72615    -0.04111
    -0.72598    -0.04131
    -0.72581    -0.04151
    -0.72564    -0.04172
    -0.72547    -0.04192
    -0.72529    -0.04212
    -0.72512    -0.04232
    -0.72494    -0.04252
    -0.72477    -0.04272
    -0.72459    -0.04292
    -0.72441    -0.04312
    -0.72423    -0.04332
    -0.72405    -0.04351
    -0.72387    -0.04371
    -0.72369    -0.04391
    -0.72351    -0.04410
    -0.72333    -0.04429
    -0.72315    -0.04449
    -0.72296    -0.04468
    -0.72278    -0.04487
    -0.72259    -0.04506
    -0.72240    -0.04525
    -0.72222    -0.04544
    -0.72203    -0.04563
    -0.72184    -0.04582
    -0.72165    -0.04600
    -0.72146    -0.04619
    -0.72127    -0.04638
    -0.72108    -0.04656
    -0.72088    -0.04674
    -0.72069    -0.04693
    -0.72050    -0.04711
    -0.72030    -0.04729
    -0.72011    -0.04747
    -0.71991    -0.04765
    -0.71971    -0.04783
    -0.71951    -0.04801
    -0.71931    -0.04819
    -0.71912    -0.04836
    -0.71892    -0.04854
    -0.71871    -0.04871
    -0.71851    -0.04889
    -0.71831    -0.04906
    -0.71811    -0.04924
    -0.71790    -0.04941
    -0.71770    -0.04958
    -0.71749    -0.04975
    -0.71729    -0.04992
    -0.71708    -0.05009
    -0.71687    -0.05025
    -0.71666    -0.05042
    -0.71645    -0.05059
    -0.71624    -0.05075
    -0.71603    -0.05092
    -0.71582    -0.05108
    -0.71561    -0.05124
    -0.71540    -0.05140
    -0.71519    -0.05156
    -0.71497    -0.05172
    -0.71476    -0.05188
    -0.71454    -0.05204
    -0.71433    -0.05220
    -0.71411    -0.05235
    -0.71389    -0.05251
    -0.71367    -0.05267
    -0.71346    -0.05282
    -0.71324    -0.05297
    -0.71302    -0.05312
    -0.71280    -0.05328
    -0.71257    -0.05343
    -0.71235    -0.05357
    -0.71213    -0.05372
    -0.71191    -0.05387
    -0.71168    -0.05402
    -0.71146    -0.05416
    -0.71123    -0.05431
    -0.71101    -0.05445
    -0.71078    -0.05460
    -0.71055    -0.05474
    -0.71033    -0.05488
    -0.71010    -0.05502
    -0.70987    -0.05516
    -0.70964    -0.05530
    -0.70941    -0.05543
    -0.70918    -0.05557
    -0.70895    -0.05571
    -0.70872    -0.05584
    -0.70848    -0.05597
    -0.70825    -0.05611
    -0.70802    -0.05624
    -0.70778    -0.05637
    -0.70755    -0.05650
    -0.70731    -0.05663
    -0.70707    -0.05676
    -0.70684    -0.05689
    -0.70660    -0.05701
    -0.70636    -0.05714
    -0.70612    -0.05726
    -0.70588    -0.05738
    -0.70564    -0.05751
    -0.70540    -0.05763
    -0.70516    -0.05775
    -0.70492    -0.05787
    -0.70468    -0.05799
    -0.70444    -0.05810
    -0.70420    -0.05822
    -0.70395    -0.05834
    -0.70371    -0.05845
    -0.70346    -0.05857
    -0.70322    -0.05868
    -0.70297    -0.05879
    -0.70272    -0.05890
    -0.70248    -0.05901
    -0.70223    -0.05912
    -0.70198    -0.05923
    -0.70173    -0.05933
    -0.70148    -0.05944
    -0.70123    -0.05954
    -0.70098    -0.05965
    -0.70073    -0.05975
    -0.70048    -0.05985
    -0.70023    -0.05995
    -0.69998    -0.06005
    -0.69972    -0.06015
    -0.69947    -0.06025
    -0.69921    -0.06035
    -0.69896    -0.06044
    -0.69870    -0.06054
    -0.69845    -0.06063
    -0.69819    -0.06072
    -0.69793    -0.06081
    -0.69768    -0.06091
    -0.69742    -0.06099
    -0.69716    -0.06108
    -0.69690    -0.06117
    -0.69664    -0.06126
    -0.69638    -0.06134
    -0.69612    -0.06143
    -0.69586    -0.06151
    -0.69559    -0.06159
    -0.69533    -0.06168
    -0.69506    -0.06176
    -0.69480    -0.06184
    -0.69453    -0.06192
    -0.69426    -0.06199
    -0.69400    -0.06207
    -0.69373    -0.06214
    -0.69346    -0.06222
    -0.69319    -0.06229
    -0.69293    -0.06236
    -0.69266    -0.06243
    -0.69239    -0.06250
    -0.69212    -0.06257
    -0.69184    -0.06264
    -0.69156    -0.06271
    -0.69128    -0.06278
    -0.69101    -0.06284
    -0.69073    -0.06291
    -0.69045    -0.06297
    -0.69017    -0.06303
    -0.68989    -0.06309
    -0.68961    -0.06315
    -0.68932    -0.06321
    -0.68904    -0.06327
    -0.68876    -0.06332
    -0.68848    -0.06338
    -0.68820    -0.06343
    -0.68792    -0.06348
    -0.68763    -0.06353
    -0.68732    -0.06359
    -0.68701    -0.06364
    -0.68670    -0.06369
    -0.68638    -0.06374
    -0.68607    -0.06379
    -0.68576    -0.06384
    -0.68544    -0.06388
    -0.68513    -0.06393
    -0.68482    -0.06397
    -0.68450    -0.06401
    -0.68419    -0.06405
    -0.68387    -0.06409
    -0.68356    -0.06412
    -0.68324    -0.06416
    -0.68293    -0.06419
    -0.68261    -0.06422
    -0.68248    -0.06423
    -0.68234    -0.06425
    -0.68220    -0.06426
    -0.68207    -0.06427
    -0.68193    -0.06428
    -0.68180    -0.06429
    -0.68166    -0.06431
    -0.68152    -0.06432
    -0.68139    -0.06433
    -0.68125    -0.06434
    -0.68112    -0.06435
    -0.68098    -0.06436
    -0.68084    -0.06437
    -0.68071    -0.06438
    -0.68057    -0.06439
    -0.68044    -0.06440
    -0.68025    -0.06441
    -0.68007    -0.06442
    -0.67989    -0.06443
    -0.67971    -0.06444
    -0.67953    -0.06445
    -0.67935    -0.06446
    -0.67917    -0.06446
    -0.67898    -0.06447
    -0.67880    -0.06448
    -0.67862    -0.06449
    -0.67844    -0.06449
    -0.67826    -0.06450
    -0.67808    -0.06450
    -0.67789    -0.06451
    -0.67771    -0.06451
    -0.67753    -0.06451
    -0.67738    -0.06452
    -0.67723    -0.06452
    -0.67708    -0.06452
    -0.67693    -0.06452
    -0.67678    -0.06452
    -0.67663    -0.06453
    -0.67648    -0.06453
    -0.67633    -0.06453
    -0.67618    -0.06453
    -0.67603    -0.06453
    -0.67588    -0.06452
    -0.67573    -0.06452
    -0.67558    -0.06452
    -0.67543    -0.06452
    -0.67528    -0.06452
    -0.67513    -0.06451
    -0.67494    -0.06451
    -0.67476    -0.06451
    -0.67458    -0.06450
    -0.67440    -0.06450
    -0.67422    -0.06449
    -0.67404    -0.06449
    -0.67385    -0.06448
    -0.67367    -0.06447
    -0.67349    -0.06446
    -0.67331    -0.06446
    -0.67313    -0.06445
    -0.67295    -0.06444
    -0.67277    -0.06443
    -0.67258    -0.06442
    -0.67240    -0.06441
    -0.67222    -0.06440
    -0.67209    -0.06439
    -0.67195    -0.06438
    -0.67181    -0.06437
    -0.67168    -0.06436
    -0.67154    -0.06435
    -0.67140    -0.06434
    -0.67127    -0.06433
    -0.67113    -0.06432
    -0.67100    -0.06431
    -0.67086    -0.06429
    -0.67072    -0.06428
    -0.67059    -0.06427
    -0.67045    -0.06426
    -0.67032    -0.06425
    -0.67018    -0.06423
    -0.67004    -0.06422
    -0.66973    -0.06419
    -0.66941    -0.06416
    -0.66910    -0.06412
    -0.66878    -0.06408
    -0.66847    -0.06405
    -0.66816    -0.06401
    -0.66784    -0.06397
    -0.66753    -0.06392
    -0.66721    -0.06388
    -0.66690    -0.06384
    -0.66659    -0.06379
    -0.66627    -0.06374
    -0.66596    -0.06369
    -0.66565    -0.06364
    -0.66533    -0.06358
    -0.66502    -0.06353
    -0.66474    -0.06348
    -0.66446    -0.06343
    -0.66418    -0.06337
    -0.66389    -0.06332
    -0.66361    -0.06326
    -0.66333    -0.06321
    -0.66305    -0.06315
    -0.66277    -0.06309
    -0.66249    -0.06303
    -0.66221    -0.06297
    -0.66193    -0.06290
    -0.66165    -0.06284
    -0.66137    -0.06277
    -0.66109    -0.06271
    -0.66081    -0.06264
    -0.66054    -0.06257
    -0.66027    -0.06250
    -0.66000    -0.06243
    -0.65973    -0.06236
    -0.65946    -0.06229
    -0.65919    -0.06222
    -0.65893    -0.06214
    -0.65866    -0.06207
    -0.65839    -0.06199
    -0.65813    -0.06191
    -0.65786    -0.06183
    -0.65760    -0.06176
    -0.65733    -0.06167
    -0.65707    -0.06159
    -0.65680    -0.06151
    -0.65654    -0.06142
    -0.65627    -0.06134
    -0.65601    -0.06125
    -0.65575    -0.06117
    -0.65550    -0.06108
    -0.65524    -0.06099
    -0.65498    -0.06090
    -0.65472    -0.06081
    -0.65447    -0.06072
    -0.65421    -0.06063
    -0.65395    -0.06054
    -0.65370    -0.06044
    -0.65344    -0.06034
    -0.65319    -0.06025
    -0.65293    -0.06015
    -0.65268    -0.06005
    -0.65243    -0.05995
    -0.65217    -0.05985
    -0.65192    -0.05975
    -0.65167    -0.05965
    -0.65142    -0.05954
    -0.65117    -0.05944
    -0.65093    -0.05933
    -0.65068    -0.05923
    -0.65043    -0.05912
    -0.65018    -0.05901
    -0.64993    -0.05890
    -0.64969    -0.05879
    -0.64944    -0.05868
    -0.64920    -0.05856
    -0.64895    -0.05845
    -0.64871    -0.05833
    -0.64846    -0.05822
    -0.64822    -0.05810
    -0.64798    -0.05798
    -0.64773    -0.05787
    -0.64749    -0.05775
    -0.64725    -0.05763
    -0.64701    -0.05751
    -0.64677    -0.05738
    -0.64653    -0.05726
    -0.64630    -0.05714
    -0.64606    -0.05701
    -0.64582    -0.05688
    -0.64558    -0.05676
    -0.64535    -0.05663
    -0.64511    -0.05650
    -0.64488    -0.05637
    -0.64464    -0.05624
    -0.64441    -0.05611
    -0.64417    -0.05597
    -0.64394    -0.05584
    -0.64371    -0.05570
    -0.64348    -0.05557
    -0.64325    -0.05543
    -0.64302    -0.05530
    -0.64279    -0.05516
    -0.64256    -0.05502
    -0.64233    -0.05488
    -0.64210    -0.05474
    -0.64188    -0.05459
    -0.64165    -0.05445
    -0.64142    -0.05431
    -0.64120    -0.05416
    -0.64097    -0.05402
    -0.64075    -0.05387
    -0.64053    -0.05372
    -0.64030    -0.05357
    -0.64008    -0.05342
    -0.63986    -0.05327
    -0.63964    -0.05312
    -0.63942    -0.05297
    -0.63920    -0.05282
    -0.63898    -0.05266
    -0.63877    -0.05251
    -0.63855    -0.05235
    -0.63833    -0.05220
    -0.63812    -0.05204
    -0.63790    -0.05188
    -0.63769    -0.05172
    -0.63747    -0.05156
    -0.63726    -0.05140
    -0.63705    -0.05124
    -0.63683    -0.05108
    -0.63662    -0.05091
    -0.63641    -0.05075
    -0.63620    -0.05058
    -0.63599    -0.05042
    -0.63579    -0.05025
    -0.63558    -0.05008
    -0.63537    -0.04992
    -0.63517    -0.04975
    -0.63496    -0.04958
    -0.63476    -0.04941
    -0.63455    -0.04923
    -0.63435    -0.04906
    -0.63415    -0.04889
    -0.63394    -0.04871
    -0.63374    -0.04854
    -0.63354    -0.04836
    -0.63334    -0.04819
    -0.63314    -0.04801
    -0.63295    -0.04783
    -0.63275    -0.04765
    -0.63255    -0.04747
    -0.63236    -0.04729
    -0.63216    -0.04711
    -0.63197    -0.04693
    -0.63177    -0.04674
    -0.63158    -0.04656
    -0.63139    -0.04638
    -0.63120    -0.04619
    -0.63101    -0.04600
    -0.63082    -0.04582
    -0.63063    -0.04563
    -0.63044    -0.04544
    -0.63025    -0.04525
    -0.63007    -0.04506
    -0.62988    -0.04487
    -0.62970    -0.04468
    -0.62951    -0.04449
    -0.62933    -0.04429
    -0.62915    -0.04410
    -0.62896    -0.04391
    -0.62878    -0.04371
    -0.62860    -0.04351
    -0.62842    -0.04332
    -0.62824    -0.04312
    -0.62807    -0.04292
    -0.62789    -0.04272
    -0.62771    -0.04252
    -0.62754    -0.04232
    -0.62736    -0.04212
    -0.62719    -0.04192
    -0.62702    -0.04172
    -0.62685    -0.04151
    -0.62668    -0.04131
    -0.62651    -0.04111
    -0.62634    -0.04090
    -0.62617    -0.04069
    -0.62600    -0.04049
    -0.62583    -0.04028
    -0.62567    -0.04007
    -0.62550    -0.03986
    -0.62534    -0.03965
    -0.62518    -0.03944
    -0.62501    -0.03923
    -0.62485    -0.03902
    -0.62469    -0.03881
    -0.62453    -0.03860
    -0.62437    -0.03839
    -0.62421    -0.03817
    -0.62406    -0.03796
    -0.62390    -0.03774
    -0.62375    -0.03753
    -0.62359    -0.03731
    -0.62344    -0.03709
    -0.62329    -0.03687
    -0.62313    -0.03666
    -0.62298    -0.03644
    -0.62283    -0.03622
    -0.62268    -0.03600
    -0.62254    -0.03578
    -0.62239    -0.03555
    -0.62224    -0.03533
    -0.62210    -0.03511
    -0.62195    -0.03489
    -0.62181    -0.03466
    -0.62167    -0.03444
    -0.62152    -0.03421
    -0.62138    -0.03399
    -0.62124    -0.03376
    -0.62111    -0.03354
    -0.62097    -0.03331
    -0.62083    -0.03308
    -0.62069    -0.03285
    -0.62056    -0.03262
    -0.62043    -0.03239
    -0.62029    -0.03216
    -0.62016    -0.03193
    -0.62003    -0.03170
    -0.61990    -0.03147
    -0.61977    -0.03124
    -0.61964    -0.03101
    -0.61951    -0.03077
    -0.61939    -0.03054
    -0.61926    -0.03031
    -0.61914    -0.03007
    -0.61901    -0.02984
    -0.61889    -0.02960
    -0.61877    -0.02936
    -0.61865    -0.02913
    -0.61853    -0.02889
    -0.61841    -0.02865
    -0.61829    -0.02841
    -0.61818    -0.02818
    -0.61806    -0.02794
    -0.61794    -0.02770
    -0.61783    -0.02746
    -0.61772    -0.02722
    -0.61761    -0.02698
    -0.61750    -0.02673
    -0.61739    -0.02649
    -0.61728    -0.02625
    -0.61717    -0.02601
    -0.61706    -0.02576
    -0.61696    -0.02552
    -0.61685    -0.02528
    -0.61675    -0.02503
    -0.61665    -0.02479
    -0.61654    -0.02454
    -0.61644    -0.02430
    -0.61634    -0.02405
    -0.61624    -0.02380
    -0.61615    -0.02356
    -0.61605    -0.02331
    -0.61595    -0.02306
    -0.61586    -0.02281
    -0.61577    -0.02256
    -0.61567    -0.02231
    -0.61558    -0.02207
    -0.61549    -0.02182
    -0.61540    -0.02157
    -0.61531    -0.02132
    -0.61523    -0.02106
    -0.61514    -0.02081
    -0.61505    -0.02056
    -0.61497    -0.02031
    -0.61489    -0.02006
    -0.61480    -0.01981
    -0.61472    -0.01955
    -0.61464    -0.01930
    -0.61456    -0.01905
    -0.61449    -0.01879
    -0.61441    -0.01854
    -0.61433    -0.01828
    -0.61426    -0.01803
    -0.61418    -0.01777
    -0.61411    -0.01752
    -0.61404    -0.01726
    -0.61397    -0.01701
    -0.61390    -0.01675
    -0.61383    -0.01649
    -0.61376    -0.01624
    -0.61370    -0.01598
    -0.61363    -0.01572
    -0.61357    -0.01546
    -0.61350    -0.01521
    -0.61344    -0.01495
    -0.61338    -0.01469
    -0.61332    -0.01443
    -0.61326    -0.01417
    -0.61320    -0.01391
    -0.61314    -0.01365
    -0.61309    -0.01339
    -0.61303    -0.01314
    -0.61298    -0.01288
    -0.61293    -0.01261
    -0.61288    -0.01235
    -0.61282    -0.01209
    -0.61278    -0.01183
    -0.61273    -0.01157
    -0.61268    -0.01131
    -0.61263    -0.01105
    -0.61259    -0.01079
    -0.61254    -0.01053
    -0.61250    -0.01026
    -0.61246    -0.01000
    -0.61242    -0.00974
    -0.61238    -0.00948
    -0.61234    -0.00921
    -0.61230    -0.00895
    -0.61227    -0.00869
    -0.61223    -0.00842
    -0.61220    -0.00816
    -0.61216    -0.00790
    -0.61213    -0.00763
    -0.61210    -0.00737
    -0.61207    -0.00711
    -0.61204    -0.00684
    -0.61201    -0.00658
    -0.61199    -0.00631
    -0.61196    -0.00605
    -0.61194    -0.00579
    -0.61191    -0.00552
    -0.61189    -0.00526
    -0.61187    -0.00499
    -0.61185    -0.00473
    -0.61183    -0.00446
    -0.61181    -0.00420
    -0.61179    -0.00393
    -0.61178    -0.00367
    -0.61176    -0.00340
    -0.61175    -0.00314
    -0.61174    -0.00287
    -0.61173    -0.00261
    -0.61172    -0.00234
    -0.61171    -0.00208
    -0.61170    -0.00181
    -0.61169    -0.00155
    -0.61169    -0.00128
    -0.61168    -0.00102
    -0.61168    -0.00075
    -0.61167    -0.00048
    -0.61167    -0.00022
    -0.61167     0.00005
