   49   49
   0.67633   0.00000   0.11658
   0.67633   0.00000   0.11658
   0.67633   0.00000   0.11658
   0.67633   0.00000   0.11658
   0.67633   0.00000   0.11658
   0.67633   0.00000   0.11658
   0.67633   0.00000   0.11658
   0.67633   0.00000   0.11658
   0.67633   0.00000   0.11658
   0.67633   0.00000   0.11658
   0.67633   0.00000   0.11658
   0.67633   0.00000   0.11658
   0.67633   0.00000   0.11658
   0.67633   0.00000   0.11658
   0.67633   0.00000   0.11658
   0.67633   0.00000   0.11658
   0.67633   0.00000   0.11658
   0.67633   0.00000   0.11658
   0.67633   0.00000   0.11658
   0.67633   0.00000   0.11658
   0.67633   0.00000   0.11658
   0.67633   0.00000   0.11658
   0.67633   0.00000   0.11658
   0.67633   0.00000   0.11658
   0.67633   0.00000   0.11658
   0.67633   0.00000   0.11658
   0.67633   0.00000   0.11658
   0.67633   0.00000   0.11658
   0.67633   0.00000   0.11658
   0.67633   0.00000   0.11658
   0.67633   0.00000   0.11658
   0.67633   0.00000   0.11658
   0.67633   0.00000   0.11658
   0.67633   0.00000   0.11658
   0.67633   0.00000   0.11658
   0.67633   0.00000   0.11658
   0.67633   0.00000   0.11658
   0.67633   0.00000   0.11658
   0.67633   0.00000   0.11658
   0.67633   0.00000   0.11658
   0.67633   0.00000   0.11658
   0.67633   0.00000   0.11658
   0.67633   0.00000   0.11658
   0.67633   0.00000   0.11658
   0.67633   0.00000   0.11658
   0.67633   0.00000   0.11658
   0.67633   0.00000   0.11658
   0.67633   0.00000   0.11658
   0.67633   0.00000   0.11658
   0.68395   0.00000   0.11633
   0.68389   0.00100   0.11633
   0.68369   0.00197   0.11633
   0.68337   0.00292   0.11633
   0.68293   0.00381   0.11633
   0.68238   0.00464   0.11633
   0.68172   0.00539   0.11633
   0.68097   0.00605   0.11633
   0.68014   0.00660   0.11633
   0.67925   0.00704   0.11633
   0.67830   0.00737   0.11633
   0.67732   0.00756   0.11633
   0.67633   0.00762   0.11633
   0.67533   0.00756   0.11633
   0.67436   0.00737   0.11633
   0.67341   0.00704   0.11633
   0.67252   0.00660   0.11633
   0.67169   0.00605   0.11633
   0.67094   0.00539   0.11633
   0.67028   0.00464   0.11633
   0.66973   0.00381   0.11633
   0.66928   0.00292   0.11633
   0.66896   0.00197   0.11633
   0.66877   0.00100   0.11633
   0.66870   0.00000   0.11633
   0.66877  -0.00100   0.11633
   0.66896  -0.00197   0.11633
   0.66928  -0.00292   0.11633
   0.66973  -0.00381   0.11633
   0.67028  -0.00464   0.11633
   0.67094  -0.00539   0.11633
   0.67169  -0.00605   0.11633
   0.67252  -0.00660   0.11633
   0.67341  -0.00704   0.11633
   0.67436  -0.00737   0.11633
   0.67533  -0.00756   0.11633
   0.67633  -0.00762   0.11633
   0.67732  -0.00756   0.11633
   0.67830  -0.00737   0.11633
   0.67925  -0.00704   0.11633
   0.68014  -0.00660   0.11633
   0.68097  -0.00605   0.11633
   0.68172  -0.00539   0.11633
   0.68238  -0.00464   0.11633
   0.68293  -0.00381   0.11633
   0.68337  -0.00292   0.11633
   0.68369  -0.00197   0.11633
   0.68389  -0.00100   0.11633
   0.68395  -0.00000   0.11633
   0.69155   0.00000   0.11559
   0.69142   0.00199   0.11559
   0.69103   0.00394   0.11559
   0.69039   0.00582   0.11559
   0.68951   0.00761   0.11559
   0.68840   0.00926   0.11559
   0.68709   0.01076   0.11559
   0.68559   0.01207   0.11559
   0.68394   0.01318   0.11559
   0.68215   0.01406   0.11559
   0.68027   0.01470   0.11559
   0.67831   0.01509   0.11559
   0.67633   0.01522   0.11559
   0.67434   0.01509   0.11559
   0.67239   0.01470   0.11559
   0.67051   0.01406   0.11559
   0.66872   0.01318   0.11559
   0.66706   0.01207   0.11559
   0.66557   0.01076   0.11559
   0.66426   0.00926   0.11559
   0.66315   0.00761   0.11559
   0.66227   0.00582   0.11559
   0.66163   0.00394   0.11559
   0.66124   0.00199   0.11559
   0.66111   0.00000   0.11559
   0.66124  -0.00199   0.11559
   0.66163  -0.00394   0.11559
   0.66227  -0.00582   0.11559
   0.66315  -0.00761   0.11559
   0.66426  -0.00926   0.11559
   0.66557  -0.01076   0.11559
   0.66706  -0.01207   0.11559
   0.66872  -0.01318   0.11559
   0.67051  -0.01406   0.11559
   0.67239  -0.01470   0.11559
   0.67434  -0.01509   0.11559
   0.67633  -0.01522   0.11559
   0.67831  -0.01509   0.11559
   0.68027  -0.01470   0.11559
   0.68215  -0.01406   0.11559
   0.68394  -0.01318   0.11559
   0.68559  -0.01207   0.11559
   0.68709  -0.01076   0.11559
   0.68840  -0.00926   0.11559
   0.68951  -0.00761   0.11559
   0.69039  -0.00582   0.11559
   0.69103  -0.00394   0.11559
   0.69142  -0.00199   0.11559
   0.69155  -0.00000   0.11559
   0.69907   0.00000   0.11435
   0.69888   0.00297   0.11435
   0.69830   0.00589   0.11435
   0.69734   0.00870   0.11435
   0.69603   0.01137   0.11435
   0.69437   0.01385   0.11435
   0.69241   0.01608   0.11435
   0.69017   0.01804   0.11435
   0.68770   0.01970   0.11435
   0.68503   0.02101   0.11435
   0.68222   0.02197   0.11435
   0.67930   0.02255   0.11435
   0.67633   0.02275   0.11435
   0.67336   0.02255   0.11435
   0.67044   0.02197   0.11435
   0.66762   0.02101   0.11435
   0.66496   0.01970   0.11435
   0.66248   0.01805   0.11435
   0.66024   0.01608   0.11435
   0.65828   0.01385   0.11435
   0.65663   0.01137   0.11435
   0.65531   0.00870   0.11435
   0.65436   0.00589   0.11435
   0.65378   0.00297   0.11435
   0.65358   0.00000   0.11435
   0.65378  -0.00297   0.11435
   0.65436  -0.00589   0.11435
   0.65531  -0.00870   0.11435
   0.65663  -0.01137   0.11435
   0.65828  -0.01385   0.11435
   0.66024  -0.01608   0.11435
   0.66248  -0.01805   0.11435
   0.66496  -0.01970   0.11435
   0.66762  -0.02101   0.11435
   0.67044  -0.02197   0.11435
   0.67336  -0.02255   0.11435
   0.67633  -0.02275   0.11435
   0.67930  -0.02255   0.11435
   0.68222  -0.02197   0.11435
   0.68503  -0.02101   0.11435
   0.68770  -0.01970   0.11435
   0.69017  -0.01804   0.11435
   0.69241  -0.01608   0.11435
   0.69437  -0.01385   0.11435
   0.69603  -0.01137   0.11435
   0.69734  -0.00870   0.11435
   0.69830  -0.00589   0.11435
   0.69888  -0.00297   0.11435
   0.69907  -0.00000   0.11435
   0.70651   0.00000   0.11262
   0.70625   0.00394   0.11262
   0.70548   0.00781   0.11262
   0.70421   0.01155   0.11262
   0.70246   0.01509   0.11262
   0.70027   0.01837   0.11262
   0.69767   0.02134   0.11262
   0.69470   0.02394   0.11262
   0.69142   0.02613   0.11262
   0.68788   0.02788   0.11262
   0.68414   0.02915   0.11262
   0.68027   0.02992   0.11262
   0.67633   0.03018   0.11262
   0.67239   0.02992   0.11262
   0.66852   0.02915   0.11262
   0.66478   0.02788   0.11262
   0.66124   0.02613   0.11262
   0.65796   0.02394   0.11262
   0.65499   0.02134   0.11263
   0.65239   0.01837   0.11263
   0.65019   0.01509   0.11263
   0.64845   0.01155   0.11263
   0.64718   0.00781   0.11263
   0.64641   0.00394   0.11263
   0.64615   0.00000   0.11263
   0.64641  -0.00394   0.11263
   0.64718  -0.00781   0.11263
   0.64845  -0.01155   0.11263
   0.65019  -0.01509   0.11263
   0.65239  -0.01837   0.11263
   0.65499  -0.02134   0.11263
   0.65796  -0.02394   0.11262
   0.66124  -0.02613   0.11262
   0.66478  -0.02788   0.11262
   0.66852  -0.02915   0.11262
   0.67239  -0.02992   0.11262
   0.67633  -0.03018   0.11262
   0.68027  -0.02992   0.11262
   0.68414  -0.02915   0.11262
   0.68788  -0.02788   0.11262
   0.69142  -0.02613   0.11262
   0.69470  -0.02394   0.11262
   0.69767  -0.02134   0.11262
   0.70027  -0.01837   0.11262
   0.70246  -0.01509   0.11262
   0.70421  -0.01155   0.11262
   0.70548  -0.00781   0.11262
   0.70625  -0.00394   0.11262
   0.70651  -0.00000   0.11262
   0.71381   0.00000   0.11042
   0.71349   0.00489   0.11042
   0.71253   0.00970   0.11042
   0.71096   0.01434   0.11042
   0.70879   0.01874   0.11041
   0.70606   0.02282   0.11041
   0.70283   0.02650   0.11041
   0.69914   0.02973   0.11041
   0.69507   0.03246   0.11041
   0.69067   0.03463   0.11041
   0.68603   0.03620   0.11041
   0.68122   0.03716   0.11041
   0.67633   0.03748   0.11041
   0.67144   0.03716   0.11041
   0.66663   0.03620   0.11041
   0.66199   0.03463   0.11041
   0.65759   0.03246   0.11041
   0.65351   0.02974   0.11042
   0.64982   0.02650   0.11042
   0.64659   0.02282   0.11042
   0.64387   0.01874   0.11042
   0.64170   0.01434   0.11042
   0.64012   0.00970   0.11042
   0.63917   0.00489   0.11042
   0.63884   0.00000   0.11042
   0.63917  -0.00489   0.11042
   0.64012  -0.00970   0.11042
   0.64170  -0.01434   0.11042
   0.64387  -0.01874   0.11042
   0.64659  -0.02282   0.11042
   0.64982  -0.02650   0.11042
   0.65351  -0.02974   0.11042
   0.65759  -0.03246   0.11041
   0.66199  -0.03463   0.11041
   0.66663  -0.03620   0.11041
   0.67144  -0.03716   0.11041
   0.67633  -0.03748   0.11041
   0.68122  -0.03716   0.11041
   0.68603  -0.03620   0.11041
   0.69067  -0.03463   0.11041
   0.69507  -0.03246   0.11041
   0.69914  -0.02973   0.11041
   0.70283  -0.02650   0.11041
   0.70606  -0.02282   0.11041
   0.70879  -0.01874   0.11041
   0.71096  -0.01434   0.11042
   0.71253  -0.00970   0.11042
   0.71349  -0.00489   0.11042
   0.71381  -0.00000   0.11042
   0.72096   0.00000   0.10774
   0.72057   0.00583   0.10774
   0.71943   0.01155   0.10774
   0.71756   0.01708   0.10774
   0.71498   0.02231   0.10774
   0.71173   0.02717   0.10773
   0.70788   0.03155   0.10773
   0.70349   0.03540   0.10773
   0.69864   0.03864   0.10773
   0.69340   0.04123   0.10773
   0.68788   0.04310   0.10773
   0.68215   0.04424   0.10773
   0.67633   0.04462   0.10773
   0.67050   0.04424   0.10773
   0.66478   0.04310   0.10773
   0.65925   0.04123   0.10773
   0.65402   0.03865   0.10773
   0.64916   0.03540   0.10774
   0.64477   0.03156   0.10774
   0.64092   0.02717   0.10774
   0.63768   0.02231   0.10774
   0.63510   0.01708   0.10775
   0.63322   0.01155   0.10775
   0.63208   0.00583   0.10775
   0.63170   0.00000   0.10775
   0.63208  -0.00583   0.10775
   0.63322  -0.01155   0.10775
   0.63510  -0.01708   0.10775
   0.63768  -0.02231   0.10774
   0.64092  -0.02717   0.10774
   0.64477  -0.03156   0.10774
   0.64916  -0.03540   0.10774
   0.65402  -0.03865   0.10773
   0.65925  -0.04123   0.10773
   0.66478  -0.04310   0.10773
   0.67050  -0.04424   0.10773
   0.67633  -0.04462   0.10773
   0.68215  -0.04424   0.10773
   0.68788  -0.04310   0.10773
   0.69340  -0.04123   0.10773
   0.69864  -0.03864   0.10773
   0.70349  -0.03540   0.10773
   0.70788  -0.03155   0.10773
   0.71173  -0.02717   0.10773
   0.71498  -0.02231   0.10774
   0.71756  -0.01708   0.10774
   0.71943  -0.01155   0.10774
   0.72057  -0.00583   0.10774
   0.72096  -0.00000   0.10774
   0.72791   0.00000   0.10460
   0.72747   0.00673   0.10460
   0.72615   0.01335   0.10460
   0.72398   0.01974   0.10460
   0.72100   0.02579   0.10460
   0.71725   0.03140   0.10459
   0.71280   0.03647   0.10459
   0.70773   0.04092   0.10459
   0.70212   0.04467   0.10459
   0.69607   0.04765   0.10458
   0.68968   0.04982   0.10458
   0.68306   0.05113   0.10458
   0.67633   0.05157   0.10458
   0.66960   0.05113   0.10458
   0.66298   0.04982   0.10459
   0.65659   0.04765   0.10459
   0.65054   0.04467   0.10459
   0.64493   0.04092   0.10459
   0.63985   0.03647   0.10460
   0.63540   0.03140   0.10460
   0.63165   0.02579   0.10460
   0.62867   0.01974   0.10461
   0.62650   0.01335   0.10461
   0.62518   0.00673   0.10461
   0.62474   0.00000   0.10461
   0.62518  -0.00673   0.10461
   0.62650  -0.01335   0.10461
   0.62867  -0.01974   0.10461
   0.63165  -0.02579   0.10460
   0.63540  -0.03140   0.10460
   0.63985  -0.03647   0.10460
   0.64493  -0.04092   0.10459
   0.65054  -0.04467   0.10459
   0.65659  -0.04765   0.10459
   0.66298  -0.04982   0.10459
   0.66960  -0.05113   0.10458
   0.67633  -0.05157   0.10458
   0.68306  -0.05113   0.10458
   0.68968  -0.04982   0.10458
   0.69607  -0.04765   0.10458
   0.70212  -0.04467   0.10459
   0.70773  -0.04092   0.10459
   0.71280  -0.03647   0.10459
   0.71725  -0.03140   0.10459
   0.72100  -0.02579   0.10460
   0.72398  -0.01974   0.10460
   0.72615  -0.01335   0.10460
   0.72747  -0.00673   0.10460
   0.72791  -0.00000   0.10460
   0.73465   0.00000   0.10102
   0.73415   0.00761   0.10102
   0.73266   0.01509   0.10101
   0.73021   0.02232   0.10101
   0.72683   0.02916   0.10101
   0.72259   0.03550   0.10101
   0.71756   0.04123   0.10100
   0.71183   0.04626   0.10100
   0.70548   0.05050   0.10100
   0.69864   0.05387   0.10099
   0.69142   0.05632   0.10099
   0.68394   0.05781   0.10099
   0.67633   0.05831   0.10099
   0.66872   0.05781   0.10099
   0.66124   0.05632   0.10100
   0.65401   0.05387   0.10100
   0.64717   0.05050   0.10100
   0.64083   0.04627   0.10101
   0.63509   0.04124   0.10101
   0.63006   0.03550   0.10101
   0.62582   0.02916   0.10102
   0.62244   0.02232   0.10102
   0.61999   0.01510   0.10102
   0.61850   0.00761   0.10102
   0.61800   0.00000   0.10102
   0.61850  -0.00761   0.10102
   0.61999  -0.01510   0.10102
   0.62244  -0.02232   0.10102
   0.62582  -0.02916   0.10102
   0.63006  -0.03550   0.10101
   0.63509  -0.04124   0.10101
   0.64083  -0.04627   0.10101
   0.64717  -0.05050   0.10100
   0.65401  -0.05387   0.10100
   0.66124  -0.05632   0.10100
   0.66872  -0.05781   0.10099
   0.67633  -0.05831   0.10099
   0.68394  -0.05781   0.10099
   0.69142  -0.05632   0.10099
   0.69864  -0.05387   0.10099
   0.70548  -0.05050   0.10100
   0.71183  -0.04626   0.10100
   0.71756  -0.04123   0.10100
   0.72259  -0.03550   0.10101
   0.72683  -0.02916   0.10101
   0.73021  -0.02232   0.10101
   0.73266  -0.01509   0.10101
   0.73415  -0.00761   0.10102
   0.73465  -0.00000   0.10102
   0.74114   0.00000   0.09700
   0.74059   0.00846   0.09700
   0.73893   0.01677   0.09700
   0.73620   0.02480   0.09699
   0.73245   0.03240   0.09699
   0.72774   0.03945   0.09699
   0.72215   0.04582   0.09698
   0.71578   0.05141   0.09698
   0.70873   0.05612   0.09697
   0.70112   0.05986   0.09697
   0.69310   0.06259   0.09697
   0.68479   0.06424   0.09697
   0.67633   0.06479   0.09697
   0.66787   0.06424   0.09697
   0.65956   0.06259   0.09697
   0.65153   0.05987   0.09698
   0.64393   0.05612   0.09698
   0.63688   0.05141   0.09699
   0.63050   0.04583   0.09699
   0.62491   0.03945   0.09699
   0.62020   0.03241   0.09700
   0.61645   0.02480   0.09700
   0.61372   0.01678   0.09700
   0.61207   0.00846   0.09701
   0.61151   0.00000   0.09701
   0.61207  -0.00846   0.09701
   0.61372  -0.01678   0.09700
   0.61645  -0.02480   0.09700
   0.62020  -0.03241   0.09700
   0.62491  -0.03945   0.09699
   0.63050  -0.04583   0.09699
   0.63688  -0.05141   0.09699
   0.64393  -0.05612   0.09698
   0.65153  -0.05987   0.09698
   0.65956  -0.06259   0.09697
   0.66787  -0.06424   0.09697
   0.67633  -0.06479   0.09697
   0.68479  -0.06424   0.09697
   0.69310  -0.06259   0.09697
   0.70112  -0.05986   0.09697
   0.70873  -0.05612   0.09697
   0.71578  -0.05141   0.09698
   0.72215  -0.04582   0.09698
   0.72774  -0.03945   0.09699
   0.73245  -0.03240   0.09699
   0.73620  -0.02480   0.09699
   0.73893  -0.01677   0.09700
   0.74059  -0.00846   0.09700
   0.74114  -0.00000   0.09700
   0.74736   0.00000   0.09257
   0.74675   0.00927   0.09257
   0.74493   0.01838   0.09256
   0.74195   0.02718   0.09256
   0.73783   0.03551   0.09256
   0.73267   0.04323   0.09255
   0.72654   0.05021   0.09255
   0.71956   0.05634   0.09254
   0.71183   0.06149   0.09254
   0.70350   0.06560   0.09253
   0.69471   0.06858   0.09253
   0.68560   0.07039   0.09253
   0.67633   0.07100   0.09253
   0.66706   0.07040   0.09253
   0.65795   0.06859   0.09254
   0.64916   0.06560   0.09254
   0.64082   0.06150   0.09254
   0.63310   0.05634   0.09255
   0.62611   0.05022   0.09255
   0.61998   0.04324   0.09256
   0.61482   0.03551   0.09256
   0.61071   0.02718   0.09257
   0.60772   0.01838   0.09257
   0.60590   0.00927   0.09257
   0.60530   0.00000   0.09257
   0.60590  -0.00927   0.09257
   0.60772  -0.01838   0.09257
   0.61071  -0.02718   0.09257
   0.61482  -0.03551   0.09256
   0.61998  -0.04324   0.09256
   0.62611  -0.05022   0.09255
   0.63310  -0.05634   0.09255
   0.64082  -0.06150   0.09254
   0.64916  -0.06560   0.09254
   0.65795  -0.06859   0.09254
   0.66706  -0.07040   0.09253
   0.67633  -0.07100   0.09253
   0.68560  -0.07039   0.09253
   0.69471  -0.06858   0.09253
   0.70350  -0.06560   0.09253
   0.71183  -0.06149   0.09254
   0.71956  -0.05634   0.09254
   0.72654  -0.05021   0.09255
   0.73267  -0.04323   0.09255
   0.73783  -0.03551   0.09256
   0.74195  -0.02718   0.09256
   0.74493  -0.01838   0.09256
   0.74675  -0.00927   0.09257
   0.74736  -0.00000   0.09257
   0.75327   0.00000   0.08774
   0.75261   0.01004   0.08774
   0.75065   0.01991   0.08773
   0.74741   0.02944   0.08773
   0.74295   0.03847   0.08772
   0.73736   0.04683   0.08772
   0.73072   0.05439   0.08771
   0.72315   0.06102   0.08771
   0.71479   0.06661   0.08770
   0.70576   0.07106   0.08770
   0.69623   0.07429   0.08770
   0.68637   0.07625   0.08770
   0.67633   0.07691   0.08770
   0.66629   0.07625   0.08770
   0.65642   0.07429   0.08770
   0.64689   0.07106   0.08770
   0.63787   0.06661   0.08771
   0.62950   0.06103   0.08771
   0.62193   0.05440   0.08772
   0.61529   0.04683   0.08773
   0.60970   0.03847   0.08773
   0.60524   0.02944   0.08773
   0.60201   0.01991   0.08774
   0.60004   0.01004   0.08774
   0.59938   0.00000   0.08774
   0.60004  -0.01004   0.08774
   0.60201  -0.01991   0.08774
   0.60524  -0.02944   0.08773
   0.60970  -0.03847   0.08773
   0.61529  -0.04683   0.08773
   0.62193  -0.05440   0.08772
   0.62950  -0.06103   0.08771
   0.63787  -0.06661   0.08771
   0.64689  -0.07106   0.08770
   0.65642  -0.07429   0.08770
   0.66629  -0.07625   0.08770
   0.67633  -0.07691   0.08770
   0.68637  -0.07625   0.08770
   0.69623  -0.07429   0.08770
   0.70576  -0.07106   0.08770
   0.71479  -0.06661   0.08770
   0.72315  -0.06102   0.08771
   0.73072  -0.05439   0.08771
   0.73736  -0.04683   0.08772
   0.74295  -0.03847   0.08772
   0.74741  -0.02944   0.08773
   0.75065  -0.01991   0.08773
   0.75261  -0.01004   0.08774
   0.75327  -0.00000   0.08774
   0.75886   0.00000   0.08253
   0.75815   0.01077   0.08253
   0.75604   0.02136   0.08253
   0.75257   0.03158   0.08252
   0.74779   0.04126   0.08252
   0.74179   0.05023   0.08251
   0.73467   0.05834   0.08250
   0.72655   0.06545   0.08250
   0.71757   0.07144   0.08249
   0.70790   0.07621   0.08249
   0.69768   0.07967   0.08249
   0.68709   0.08178   0.08248
   0.67633   0.08248   0.08248
   0.66556   0.08178   0.08249
   0.65498   0.07968   0.08249
   0.64476   0.07621   0.08249
   0.63508   0.07145   0.08250
   0.62610   0.06546   0.08250
   0.61798   0.05834   0.08251
   0.61086   0.05023   0.08252
   0.60486   0.04126   0.08252
   0.60008   0.03158   0.08253
   0.59661   0.02136   0.08253
   0.59450   0.01077   0.08253
   0.59380   0.00000   0.08253
   0.59450  -0.01077   0.08253
   0.59661  -0.02136   0.08253
   0.60008  -0.03158   0.08253
   0.60486  -0.04126   0.08252
   0.61086  -0.05023   0.08252
   0.61798  -0.05834   0.08251
   0.62610  -0.06546   0.08250
   0.63508  -0.07145   0.08250
   0.64476  -0.07621   0.08249
   0.65498  -0.07968   0.08249
   0.66556  -0.08178   0.08249
   0.67633  -0.08248   0.08248
   0.68709  -0.08178   0.08248
   0.69768  -0.07967   0.08249
   0.70790  -0.07621   0.08249
   0.71757  -0.07144   0.08249
   0.72655  -0.06545   0.08250
   0.73467  -0.05834   0.08250
   0.74179  -0.05023   0.08251
   0.74779  -0.04126   0.08252
   0.75257  -0.03158   0.08252
   0.75604  -0.02136   0.08253
   0.75815  -0.01077   0.08253
   0.75886  -0.00000   0.08253
   0.76409   0.00000   0.07697
   0.76334   0.01146   0.07697
   0.76110   0.02271   0.07696
   0.75740   0.03358   0.07696
   0.75232   0.04387   0.07695
   0.74594   0.05341   0.07695
   0.73837   0.06204   0.07694
   0.72973   0.06960   0.07693
   0.72019   0.07597   0.07693
   0.70990   0.08104   0.07692
   0.69903   0.08472   0.07692
   0.68778   0.08696   0.07692
   0.67633   0.08771   0.07692
   0.66488   0.08696   0.07692
   0.65363   0.08473   0.07692
   0.64276   0.08104   0.07693
   0.63247   0.07597   0.07693
   0.62292   0.06960   0.07694
   0.61429   0.06204   0.07695
   0.60671   0.05342   0.07695
   0.60033   0.04388   0.07696
   0.59525   0.03358   0.07696
   0.59156   0.02271   0.07697
   0.58931   0.01146   0.07697
   0.58856   0.00000   0.07697
   0.58931  -0.01146   0.07697
   0.59156  -0.02271   0.07697
   0.59525  -0.03358   0.07696
   0.60033  -0.04388   0.07696
   0.60671  -0.05342   0.07695
   0.61429  -0.06204   0.07695
   0.62292  -0.06960   0.07694
   0.63247  -0.07597   0.07693
   0.64276  -0.08104   0.07693
   0.65363  -0.08473   0.07692
   0.66488  -0.08696   0.07692
   0.67633  -0.08771   0.07692
   0.68778  -0.08696   0.07692
   0.69903  -0.08472   0.07692
   0.70990  -0.08104   0.07692
   0.72019  -0.07597   0.07693
   0.72973  -0.06960   0.07693
   0.73837  -0.06204   0.07694
   0.74594  -0.05341   0.07695
   0.75232  -0.04387   0.07695
   0.75740  -0.03358   0.07696
   0.76110  -0.02271   0.07696
   0.76334  -0.01146   0.07697
   0.76409  -0.00000   0.07697
   0.76895   0.00000   0.07107
   0.76816   0.01209   0.07107
   0.76579   0.02397   0.07107
   0.76189   0.03544   0.07107
   0.75653   0.04630   0.07106
   0.74979   0.05637   0.07105
   0.74180   0.06547   0.07105
   0.73269   0.07345   0.07104
   0.72261   0.08017   0.07103
   0.71175   0.08552   0.07103
   0.70029   0.08941   0.07102
   0.68841   0.09177   0.07102
   0.67633   0.09256   0.07102
   0.66425   0.09177   0.07102
   0.65237   0.08941   0.07103
   0.64090   0.08553   0.07103
   0.63004   0.08018   0.07104
   0.61997   0.07345   0.07104
   0.61085   0.06547   0.07105
   0.60286   0.05637   0.07106
   0.59613   0.04631   0.07106
   0.59076   0.03544   0.07107
   0.58686   0.02397   0.07107
   0.58450   0.01209   0.07107
   0.58370   0.00000   0.07107
   0.58450  -0.01209   0.07107
   0.58686  -0.02397   0.07107
   0.59076  -0.03544   0.07107
   0.59613  -0.04631   0.07106
   0.60286  -0.05637   0.07106
   0.61085  -0.06547   0.07105
   0.61997  -0.07345   0.07104
   0.63004  -0.08018   0.07104
   0.64090  -0.08553   0.07103
   0.65237  -0.08941   0.07103
   0.66425  -0.09177   0.07102
   0.67633  -0.09256   0.07102
   0.68841  -0.09177   0.07102
   0.70029  -0.08941   0.07102
   0.71175  -0.08552   0.07103
   0.72261  -0.08017   0.07103
   0.73269  -0.07345   0.07104
   0.74180  -0.06547   0.07105
   0.74979  -0.05637   0.07105
   0.75653  -0.04630   0.07106
   0.76189  -0.03544   0.07107
   0.76579  -0.02397   0.07107
   0.76816  -0.01209   0.07107
   0.76895  -0.00000   0.07107
   0.77342   0.00000   0.06487
   0.77259   0.01267   0.06487
   0.77011   0.02513   0.06487
   0.76602   0.03715   0.06487
   0.76039   0.04853   0.06486
   0.75333   0.05909   0.06485
   0.74495   0.06862   0.06484
   0.73540   0.07698   0.06484
   0.72484   0.08403   0.06483
   0.71346   0.08964   0.06483
   0.70144   0.09371   0.06482
   0.68899   0.09618   0.06482
   0.67633   0.09701   0.06482
   0.66367   0.09619   0.06482
   0.65122   0.09371   0.06483
   0.63920   0.08964   0.06483
   0.62781   0.08404   0.06484
   0.61725   0.07699   0.06484
   0.60770   0.06863   0.06485
   0.59932   0.05909   0.06486
   0.59226   0.04854   0.06486
   0.58664   0.03715   0.06487
   0.58255   0.02513   0.06487
   0.58007   0.01267   0.06487
   0.57924   0.00000   0.06487
   0.58007  -0.01267   0.06487
   0.58255  -0.02513   0.06487
   0.58664  -0.03715   0.06487
   0.59226  -0.04854   0.06486
   0.59932  -0.05909   0.06486
   0.60770  -0.06863   0.06485
   0.61725  -0.07699   0.06484
   0.62781  -0.08404   0.06484
   0.63920  -0.08964   0.06483
   0.65122  -0.09371   0.06483
   0.66367  -0.09619   0.06482
   0.67633  -0.09701   0.06482
   0.68899  -0.09618   0.06482
   0.70144  -0.09371   0.06482
   0.71346  -0.08964   0.06483
   0.72484  -0.08403   0.06483
   0.73540  -0.07698   0.06484
   0.74495  -0.06862   0.06484
   0.75333  -0.05909   0.06485
   0.76039  -0.04853   0.06486
   0.76602  -0.03715   0.06487
   0.77011  -0.02513   0.06487
   0.77259  -0.01267   0.06487
   0.77342  -0.00000   0.06487
   0.77747   0.00000   0.05839
   0.77660   0.01320   0.05839
   0.77402   0.02618   0.05839
   0.76976   0.03870   0.05839
   0.76390   0.05056   0.05838
   0.75654   0.06155   0.05837
   0.74781   0.07148   0.05837
   0.73786   0.08019   0.05836
   0.72686   0.08753   0.05835
   0.71500   0.09337   0.05835
   0.70248   0.09761   0.05834
   0.68952   0.10019   0.05834
   0.67633   0.10105   0.05834
   0.66314   0.10019   0.05834
   0.65017   0.09762   0.05835
   0.63765   0.09337   0.05835
   0.62579   0.08754   0.05836
   0.61479   0.08020   0.05836
   0.60484   0.07149   0.05837
   0.59611   0.06155   0.05837
   0.58876   0.05056   0.05838
   0.58290   0.03870   0.05838
   0.57864   0.02617   0.05839
   0.57606   0.01320   0.05839
   0.57519   0.00000   0.05839
   0.57606  -0.01320   0.05839
   0.57864  -0.02617   0.05839
   0.58290  -0.03870   0.05838
   0.58876  -0.05056   0.05838
   0.59611  -0.06155   0.05837
   0.60484  -0.07149   0.05837
   0.61479  -0.08020   0.05836
   0.62579  -0.08754   0.05836
   0.63765  -0.09337   0.05835
   0.65017  -0.09762   0.05835
   0.66314  -0.10019   0.05834
   0.67633  -0.10105   0.05834
   0.68952  -0.10019   0.05834
   0.70248  -0.09761   0.05834
   0.71500  -0.09337   0.05835
   0.72686  -0.08753   0.05835
   0.73786  -0.08019   0.05836
   0.74781  -0.07148   0.05837
   0.75654  -0.06155   0.05837
   0.76390  -0.05056   0.05838
   0.76976  -0.03870   0.05839
   0.77402  -0.02618   0.05839
   0.77660  -0.01320   0.05839
   0.77747  -0.00000   0.05839
   0.78109   0.00000   0.05166
   0.78019   0.01367   0.05166
   0.77751   0.02711   0.05166
   0.77310   0.04008   0.05165
   0.76703   0.05236   0.05165
   0.75941   0.06375   0.05164
   0.75036   0.07404   0.05163
   0.74006   0.08306   0.05163
   0.72867   0.09065   0.05162
   0.71638   0.09670   0.05162
   0.70342   0.10110   0.05161
   0.68999   0.10376   0.05161
   0.67633   0.10466   0.05161
   0.66267   0.10377   0.05161
   0.64924   0.10110   0.05162
   0.63627   0.09671   0.05162
   0.62399   0.09066   0.05163
   0.61259   0.08306   0.05163
   0.60229   0.07404   0.05164
   0.59325   0.06375   0.05164
   0.58563   0.05236   0.05165
   0.57956   0.04008   0.05165
   0.57515   0.02711   0.05165
   0.57248   0.01367   0.05166
   0.57158   0.00000   0.05166
   0.57248  -0.01367   0.05166
   0.57515  -0.02711   0.05165
   0.57956  -0.04008   0.05165
   0.58563  -0.05236   0.05165
   0.59325  -0.06375   0.05164
   0.60229  -0.07404   0.05164
   0.61259  -0.08306   0.05163
   0.62399  -0.09066   0.05163
   0.63627  -0.09671   0.05162
   0.64924  -0.10110   0.05162
   0.66267  -0.10377   0.05161
   0.67633  -0.10466   0.05161
   0.68999  -0.10376   0.05161
   0.70342  -0.10110   0.05161
   0.71638  -0.09670   0.05162
   0.72867  -0.09065   0.05162
   0.74006  -0.08306   0.05163
   0.75036  -0.07404   0.05163
   0.75941  -0.06375   0.05164
   0.76703  -0.05236   0.05165
   0.77310  -0.04008   0.05165
   0.77751  -0.02711   0.05166
   0.78019  -0.01367   0.05166
   0.78109  -0.00000   0.05166
   0.78426   0.00000   0.04470
   0.78333   0.01409   0.04470
   0.78057   0.02793   0.04470
   0.77602   0.04129   0.04470
   0.76977   0.05395   0.04469
   0.76192   0.06567   0.04469
   0.75260   0.07627   0.04468
   0.74198   0.08556   0.04467
   0.73025   0.09339   0.04467
   0.71759   0.09962   0.04466
   0.70423   0.10415   0.04466
   0.69040   0.10689   0.04466
   0.67633   0.10782   0.04466
   0.66226   0.10690   0.04466
   0.64842   0.10415   0.04466
   0.63506   0.09963   0.04467
   0.62241   0.09340   0.04467
   0.61067   0.08557   0.04468
   0.60005   0.07628   0.04468
   0.59074   0.06567   0.04469
   0.58289   0.05395   0.04469
   0.57664   0.04129   0.04469
   0.57210   0.02793   0.04470
   0.56934   0.01409   0.04470
   0.56841   0.00000   0.04470
   0.56934  -0.01409   0.04470
   0.57210  -0.02793   0.04470
   0.57664  -0.04129   0.04469
   0.58289  -0.05395   0.04469
   0.59074  -0.06567   0.04469
   0.60005  -0.07628   0.04468
   0.61067  -0.08557   0.04468
   0.62241  -0.09340   0.04467
   0.63506  -0.09963   0.04467
   0.64842  -0.10415   0.04466
   0.66226  -0.10690   0.04466
   0.67633  -0.10782   0.04466
   0.69040  -0.10689   0.04466
   0.70423  -0.10415   0.04466
   0.71759  -0.09962   0.04466
   0.73025  -0.09339   0.04467
   0.74198  -0.08556   0.04467
   0.75260  -0.07627   0.04468
   0.76192  -0.06567   0.04469
   0.76977  -0.05395   0.04469
   0.77602  -0.04129   0.04470
   0.78057  -0.02793   0.04470
   0.78333  -0.01409   0.04470
   0.78426  -0.00000   0.04470
   0.78696   0.00000   0.03755
   0.78601   0.01444   0.03755
   0.78318   0.02863   0.03755
   0.77852   0.04233   0.03755
   0.77211   0.05530   0.03754
   0.76406   0.06732   0.03754
   0.75451   0.07818   0.03753
   0.74363   0.08770   0.03753
   0.73160   0.09573   0.03752
   0.71862   0.10211   0.03752
   0.70493   0.10675   0.03751
   0.69075   0.10957   0.03751
   0.67633   0.11051   0.03751
   0.66190   0.10957   0.03751
   0.64772   0.10676   0.03752
   0.63403   0.10212   0.03752
   0.62106   0.09573   0.03752
   0.60903   0.08771   0.03753
   0.59814   0.07818   0.03753
   0.58860   0.06732   0.03754
   0.58055   0.05530   0.03754
   0.57414   0.04233   0.03755
   0.56949   0.02863   0.03755
   0.56666   0.01444   0.03755
   0.56571   0.00000   0.03755
   0.56666  -0.01444   0.03755
   0.56949  -0.02863   0.03755
   0.57414  -0.04233   0.03755
   0.58055  -0.05530   0.03754
   0.58860  -0.06732   0.03754
   0.59814  -0.07818   0.03753
   0.60903  -0.08771   0.03753
   0.62106  -0.09573   0.03752
   0.63403  -0.10212   0.03752
   0.64772  -0.10676   0.03752
   0.66190  -0.10957   0.03751
   0.67633  -0.11051   0.03751
   0.69075  -0.10957   0.03751
   0.70493  -0.10675   0.03751
   0.71862  -0.10211   0.03752
   0.73160  -0.09573   0.03752
   0.74363  -0.08770   0.03753
   0.75451  -0.07818   0.03753
   0.76406  -0.06732   0.03754
   0.77211  -0.05530   0.03754
   0.77852  -0.04233   0.03755
   0.78318  -0.02863   0.03755
   0.78601  -0.01444   0.03755
   0.78696  -0.00000   0.03755
   0.78919   0.00000   0.03024
   0.78822   0.01473   0.03024
   0.78534   0.02921   0.03024
   0.78058   0.04318   0.03024
   0.77404   0.05641   0.03023
   0.76582   0.06867   0.03023
   0.75608   0.07975   0.03022
   0.74498   0.08947   0.03022
   0.73271   0.09765   0.03021
   0.71947   0.10416   0.03021
   0.70551   0.10890   0.03021
   0.69104   0.11177   0.03021
   0.67633   0.11273   0.03021
   0.66161   0.11177   0.03021
   0.64715   0.10890   0.03021
   0.63318   0.10417   0.03021
   0.61995   0.09766   0.03022
   0.60767   0.08947   0.03022
   0.59657   0.07976   0.03022
   0.58683   0.06867   0.03023
   0.57862   0.05641   0.03023
   0.57209   0.04318   0.03023
   0.56733   0.02920   0.03024
   0.56445   0.01473   0.03024
   0.56348   0.00000   0.03024
   0.56445  -0.01473   0.03024
   0.56733  -0.02920   0.03024
   0.57209  -0.04318   0.03023
   0.57862  -0.05641   0.03023
   0.58683  -0.06867   0.03023
   0.59657  -0.07976   0.03022
   0.60767  -0.08947   0.03022
   0.61995  -0.09766   0.03022
   0.63318  -0.10417   0.03021
   0.64715  -0.10890   0.03021
   0.66161  -0.11177   0.03021
   0.67633  -0.11273   0.03021
   0.69104  -0.11177   0.03021
   0.70551  -0.10890   0.03021
   0.71947  -0.10416   0.03021
   0.73271  -0.09765   0.03021
   0.74498  -0.08947   0.03022
   0.75608  -0.07975   0.03022
   0.76582  -0.06867   0.03023
   0.77404  -0.05641   0.03023
   0.78058  -0.04318   0.03024
   0.78534  -0.02921   0.03024
   0.78822  -0.01473   0.03024
   0.78919  -0.00000   0.03024
   0.79094   0.00000   0.02280
   0.78995   0.01496   0.02280
   0.78702   0.02966   0.02279
   0.78219   0.04385   0.02279
   0.77555   0.05728   0.02279
   0.76721   0.06973   0.02279
   0.75731   0.08099   0.02278
   0.74604   0.09085   0.02278
   0.73358   0.09916   0.02277
   0.72014   0.10577   0.02277
   0.70596   0.11058   0.02277
   0.69127   0.11349   0.02277
   0.67633   0.11447   0.02277
   0.66139   0.11350   0.02277
   0.64670   0.11058   0.02277
   0.63251   0.10578   0.02277
   0.61908   0.09917   0.02278
   0.60661   0.09086   0.02278
   0.59534   0.08099   0.02278
   0.58545   0.06973   0.02279
   0.57711   0.05728   0.02279
   0.57048   0.04385   0.02279
   0.56565   0.02966   0.02279
   0.56272   0.01496   0.02279
   0.56174   0.00000   0.02279
   0.56272  -0.01496   0.02279
   0.56565  -0.02966   0.02279
   0.57048  -0.04385   0.02279
   0.57711  -0.05728   0.02279
   0.58545  -0.06973   0.02279
   0.59534  -0.08099   0.02278
   0.60661  -0.09086   0.02278
   0.61908  -0.09917   0.02278
   0.63251  -0.10578   0.02277
   0.64670  -0.11058   0.02277
   0.66139  -0.11350   0.02277
   0.67633  -0.11447   0.02277
   0.69127  -0.11349   0.02277
   0.70596  -0.11058   0.02277
   0.72014  -0.10577   0.02277
   0.73358  -0.09916   0.02277
   0.74604  -0.09085   0.02278
   0.75731  -0.08099   0.02278
   0.76721  -0.06973   0.02279
   0.77555  -0.05728   0.02279
   0.78219  -0.04385   0.02279
   0.78702  -0.02966   0.02279
   0.78995  -0.01496   0.02280
   0.79094  -0.00000   0.02280
   0.79219   0.00000   0.01525
   0.79119   0.01512   0.01525
   0.78823   0.02998   0.01525
   0.78335   0.04433   0.01525
   0.77663   0.05791   0.01525
   0.76820   0.07049   0.01525
   0.75820   0.08187   0.01524
   0.74680   0.09184   0.01524
   0.73420   0.10024   0.01524
   0.72062   0.10692   0.01524
   0.70628   0.11178   0.01524
   0.69143   0.11473   0.01523
   0.67633   0.11572   0.01523
   0.66122   0.11473   0.01524
   0.64638   0.11179   0.01524
   0.63204   0.10693   0.01524
   0.61845   0.10025   0.01524
   0.60585   0.09185   0.01524
   0.59446   0.08187   0.01524
   0.58446   0.07049   0.01525
   0.57603   0.05791   0.01525
   0.56932   0.04432   0.01525
   0.56444   0.02998   0.01525
   0.56148   0.01512   0.01525
   0.56049   0.00000   0.01525
   0.56148  -0.01512   0.01525
   0.56444  -0.02998   0.01525
   0.56932  -0.04432   0.01525
   0.57603  -0.05791   0.01525
   0.58446  -0.07049   0.01525
   0.59446  -0.08187   0.01524
   0.60585  -0.09185   0.01524
   0.61845  -0.10025   0.01524
   0.63204  -0.10693   0.01524
   0.64638  -0.11179   0.01524
   0.66122  -0.11473   0.01524
   0.67633  -0.11572   0.01523
   0.69143  -0.11473   0.01523
   0.70628  -0.11178   0.01524
   0.72062  -0.10692   0.01524
   0.73420  -0.10024   0.01524
   0.74680  -0.09184   0.01524
   0.75820  -0.08187   0.01524
   0.76820  -0.07049   0.01525
   0.77663  -0.05791   0.01525
   0.78335  -0.04433   0.01525
   0.78823  -0.02998   0.01525
   0.79119  -0.01512   0.01525
   0.79219  -0.00000   0.01525
   0.79294   0.00000   0.00764
   0.79194   0.01522   0.00764
   0.78896   0.03018   0.00764
   0.78404   0.04462   0.00764
   0.77728   0.05829   0.00764
   0.76880   0.07095   0.00764
   0.75873   0.08240   0.00764
   0.74726   0.09244   0.00764
   0.73458   0.10089   0.00764
   0.72090   0.10762   0.00763
   0.70647   0.11250   0.00763
   0.69153   0.11547   0.00763
   0.67633   0.11647   0.00763
   0.66113   0.11548   0.00763
   0.64618   0.11251   0.00763
   0.63175   0.10762   0.00764
   0.61808   0.10090   0.00764
   0.60540   0.09244   0.00764
   0.59393   0.08240   0.00764
   0.58386   0.07095   0.00764
   0.57538   0.05828   0.00764
   0.56863   0.04461   0.00764
   0.56372   0.03017   0.00764
   0.56074   0.01522   0.00764
   0.55974   0.00000   0.00764
   0.56074  -0.01522   0.00764
   0.56372  -0.03017   0.00764
   0.56863  -0.04461   0.00764
   0.57538  -0.05828   0.00764
   0.58386  -0.07095   0.00764
   0.59393  -0.08240   0.00764
   0.60540  -0.09244   0.00764
   0.61808  -0.10090   0.00764
   0.63175  -0.10762   0.00764
   0.64618  -0.11251   0.00763
   0.66113  -0.11548   0.00763
   0.67633  -0.11647   0.00763
   0.69153  -0.11547   0.00763
   0.70647  -0.11250   0.00763
   0.72090  -0.10762   0.00763
   0.73458  -0.10089   0.00764
   0.74726  -0.09244   0.00764
   0.75873  -0.08240   0.00764
   0.76880  -0.07095   0.00764
   0.77728  -0.05829   0.00764
   0.78404  -0.04462   0.00764
   0.78896  -0.03018   0.00764
   0.79194  -0.01522   0.00764
   0.79294  -0.00000   0.00764
   0.79319   0.00000   0.00000
   0.79219   0.01525   0.00000
   0.78920   0.03024   0.00000
   0.78427   0.04471   0.00000
   0.77750   0.05841   0.00000
   0.76899   0.07111   0.00000
   0.75891   0.08258   0.00000
   0.74741   0.09264   0.00000
   0.73470   0.10111   0.00000
   0.72100   0.10785   0.00000
   0.70654   0.11275   0.00000
   0.69156   0.11572   0.00000
   0.67633   0.11672   0.00000
   0.66109   0.11572   0.00000
   0.64612   0.11275   0.00000
   0.63165   0.10786   0.00000
   0.61795   0.10111   0.00000
   0.60524   0.09264   0.00000
   0.59375   0.08258   0.00000
   0.58366   0.07110   0.00000
   0.57516   0.05841   0.00000
   0.56839   0.04471   0.00000
   0.56347   0.03024   0.00000
   0.56049   0.01525   0.00000
   0.55949   0.00000   0.00000
   0.56049  -0.01525   0.00000
   0.56347  -0.03024   0.00000
   0.56839  -0.04471   0.00000
   0.57516  -0.05841   0.00000
   0.58366  -0.07110   0.00000
   0.59375  -0.08258   0.00000
   0.60524  -0.09264   0.00000
   0.61795  -0.10111   0.00000
   0.63165  -0.10786   0.00000
   0.64612  -0.11275   0.00000
   0.66109  -0.11572   0.00000
   0.67633  -0.11672   0.00000
   0.69156  -0.11572   0.00000
   0.70654  -0.11275   0.00000
   0.72100  -0.10785   0.00000
   0.73470  -0.10111   0.00000
   0.74741  -0.09264   0.00000
   0.75891  -0.08258   0.00000
   0.76899  -0.07111   0.00000
   0.77750  -0.05841   0.00000
   0.78427  -0.04471   0.00000
   0.78920  -0.03024   0.00000
   0.79219  -0.01525   0.00000
   0.79319  -0.00000   0.00000
   0.79294   0.00000  -0.00764
   0.79194   0.01522  -0.00764
   0.78896   0.03018  -0.00764
   0.78404   0.04462  -0.00764
   0.77728   0.05829  -0.00764
   0.76880   0.07095  -0.00764
   0.75873   0.08240  -0.00764
   0.74726   0.09244  -0.00764
   0.73458   0.10089  -0.00764
   0.72090   0.10762  -0.00763
   0.70647   0.11250  -0.00763
   0.69153   0.11547  -0.00763
   0.67633   0.11647  -0.00763
   0.66113   0.11548  -0.00763
   0.64618   0.11251  -0.00763
   0.63175   0.10762  -0.00764
   0.61808   0.10090  -0.00764
   0.60540   0.09244  -0.00764
   0.59393   0.08240  -0.00764
   0.58386   0.07095  -0.00764
   0.57538   0.05828  -0.00764
   0.56863   0.04461  -0.00764
   0.56372   0.03017  -0.00764
   0.56074   0.01522  -0.00764
   0.55974   0.00000  -0.00764
   0.56074  -0.01522  -0.00764
   0.56372  -0.03017  -0.00764
   0.56863  -0.04461  -0.00764
   0.57538  -0.05828  -0.00764
   0.58386  -0.07095  -0.00764
   0.59393  -0.08240  -0.00764
   0.60540  -0.09244  -0.00764
   0.61808  -0.10090  -0.00764
   0.63175  -0.10762  -0.00764
   0.64618  -0.11251  -0.00763
   0.66113  -0.11548  -0.00763
   0.67633  -0.11647  -0.00763
   0.69153  -0.11547  -0.00763
   0.70647  -0.11250  -0.00763
   0.72090  -0.10762  -0.00763
   0.73458  -0.10089  -0.00764
   0.74726  -0.09244  -0.00764
   0.75873  -0.08240  -0.00764
   0.76880  -0.07095  -0.00764
   0.77728  -0.05829  -0.00764
   0.78404  -0.04462  -0.00764
   0.78896  -0.03018  -0.00764
   0.79194  -0.01522  -0.00764
   0.79294  -0.00000  -0.00764
   0.79219   0.00000  -0.01525
   0.79119   0.01512  -0.01525
   0.78823   0.02998  -0.01525
   0.78335   0.04433  -0.01525
   0.77663   0.05791  -0.01525
   0.76820   0.07049  -0.01525
   0.75820   0.08187  -0.01524
   0.74680   0.09184  -0.01524
   0.73420   0.10024  -0.01524
   0.72062   0.10692  -0.01524
   0.70628   0.11178  -0.01524
   0.69143   0.11473  -0.01523
   0.67633   0.11572  -0.01523
   0.66122   0.11473  -0.01524
   0.64638   0.11179  -0.01524
   0.63204   0.10693  -0.01524
   0.61845   0.10025  -0.01524
   0.60585   0.09185  -0.01524
   0.59446   0.08187  -0.01524
   0.58446   0.07049  -0.01525
   0.57603   0.05791  -0.01525
   0.56932   0.04432  -0.01525
   0.56444   0.02998  -0.01525
   0.56148   0.01512  -0.01525
   0.56049   0.00000  -0.01525
   0.56148  -0.01512  -0.01525
   0.56444  -0.02998  -0.01525
   0.56932  -0.04432  -0.01525
   0.57603  -0.05791  -0.01525
   0.58446  -0.07049  -0.01525
   0.59446  -0.08187  -0.01524
   0.60585  -0.09185  -0.01524
   0.61845  -0.10025  -0.01524
   0.63204  -0.10693  -0.01524
   0.64638  -0.11179  -0.01524
   0.66122  -0.11473  -0.01524
   0.67633  -0.11572  -0.01523
   0.69143  -0.11473  -0.01523
   0.70628  -0.11178  -0.01524
   0.72062  -0.10692  -0.01524
   0.73420  -0.10024  -0.01524
   0.74680  -0.09184  -0.01524
   0.75820  -0.08187  -0.01524
   0.76820  -0.07049  -0.01525
   0.77663  -0.05791  -0.01525
   0.78335  -0.04433  -0.01525
   0.78823  -0.02998  -0.01525
   0.79119  -0.01512  -0.01525
   0.79219  -0.00000  -0.01525
   0.79094   0.00000  -0.02280
   0.78995   0.01496  -0.02280
   0.78702   0.02966  -0.02279
   0.78219   0.04385  -0.02279
   0.77555   0.05728  -0.02279
   0.76721   0.06973  -0.02279
   0.75731   0.08099  -0.02278
   0.74604   0.09085  -0.02278
   0.73358   0.09916  -0.02277
   0.72014   0.10577  -0.02277
   0.70596   0.11058  -0.02277
   0.69127   0.11349  -0.02277
   0.67633   0.11447  -0.02277
   0.66139   0.11350  -0.02277
   0.64670   0.11058  -0.02277
   0.63251   0.10578  -0.02277
   0.61908   0.09917  -0.02278
   0.60661   0.09086  -0.02278
   0.59534   0.08099  -0.02278
   0.58545   0.06973  -0.02279
   0.57711   0.05728  -0.02279
   0.57048   0.04385  -0.02279
   0.56565   0.02966  -0.02279
   0.56272   0.01496  -0.02279
   0.56174   0.00000  -0.02279
   0.56272  -0.01496  -0.02279
   0.56565  -0.02966  -0.02279
   0.57048  -0.04385  -0.02279
   0.57711  -0.05728  -0.02279
   0.58545  -0.06973  -0.02279
   0.59534  -0.08099  -0.02278
   0.60661  -0.09086  -0.02278
   0.61908  -0.09917  -0.02278
   0.63251  -0.10578  -0.02277
   0.64670  -0.11058  -0.02277
   0.66139  -0.11350  -0.02277
   0.67633  -0.11447  -0.02277
   0.69127  -0.11349  -0.02277
   0.70596  -0.11058  -0.02277
   0.72014  -0.10577  -0.02277
   0.73358  -0.09916  -0.02277
   0.74604  -0.09085  -0.02278
   0.75731  -0.08099  -0.02278
   0.76721  -0.06973  -0.02279
   0.77555  -0.05728  -0.02279
   0.78219  -0.04385  -0.02279
   0.78702  -0.02966  -0.02279
   0.78995  -0.01496  -0.02280
   0.79094  -0.00000  -0.02280
   0.78919   0.00000  -0.03024
   0.78822   0.01473  -0.03024
   0.78534   0.02921  -0.03024
   0.78058   0.04318  -0.03024
   0.77404   0.05641  -0.03023
   0.76582   0.06867  -0.03023
   0.75608   0.07975  -0.03022
   0.74498   0.08947  -0.03022
   0.73271   0.09765  -0.03021
   0.71947   0.10416  -0.03021
   0.70551   0.10890  -0.03021
   0.69104   0.11177  -0.03021
   0.67633   0.11273  -0.03021
   0.66161   0.11177  -0.03021
   0.64715   0.10890  -0.03021
   0.63318   0.10417  -0.03021
   0.61995   0.09766  -0.03022
   0.60767   0.08947  -0.03022
   0.59657   0.07976  -0.03022
   0.58683   0.06867  -0.03023
   0.57862   0.05641  -0.03023
   0.57209   0.04318  -0.03023
   0.56733   0.02920  -0.03024
   0.56445   0.01473  -0.03024
   0.56348   0.00000  -0.03024
   0.56445  -0.01473  -0.03024
   0.56733  -0.02920  -0.03024
   0.57209  -0.04318  -0.03023
   0.57862  -0.05641  -0.03023
   0.58683  -0.06867  -0.03023
   0.59657  -0.07976  -0.03022
   0.60767  -0.08947  -0.03022
   0.61995  -0.09766  -0.03022
   0.63318  -0.10417  -0.03021
   0.64715  -0.10890  -0.03021
   0.66161  -0.11177  -0.03021
   0.67633  -0.11273  -0.03021
   0.69104  -0.11177  -0.03021
   0.70551  -0.10890  -0.03021
   0.71947  -0.10416  -0.03021
   0.73271  -0.09765  -0.03021
   0.74498  -0.08947  -0.03022
   0.75608  -0.07975  -0.03022
   0.76582  -0.06867  -0.03023
   0.77404  -0.05641  -0.03023
   0.78058  -0.04318  -0.03024
   0.78534  -0.02921  -0.03024
   0.78822  -0.01473  -0.03024
   0.78919  -0.00000  -0.03024
   0.78696   0.00000  -0.03755
   0.78601   0.01444  -0.03755
   0.78318   0.02863  -0.03755
   0.77852   0.04233  -0.03755
   0.77211   0.05530  -0.03754
   0.76406   0.06732  -0.03754
   0.75451   0.07818  -0.03753
   0.74363   0.08770  -0.03753
   0.73160   0.09573  -0.03752
   0.71862   0.10211  -0.03752
   0.70493   0.10675  -0.03751
   0.69075   0.10957  -0.03751
   0.67633   0.11051  -0.03751
   0.66190   0.10957  -0.03751
   0.64772   0.10676  -0.03752
   0.63403   0.10212  -0.03752
   0.62106   0.09573  -0.03752
   0.60903   0.08771  -0.03753
   0.59814   0.07818  -0.03753
   0.58860   0.06732  -0.03754
   0.58055   0.05530  -0.03754
   0.57414   0.04233  -0.03755
   0.56949   0.02863  -0.03755
   0.56666   0.01444  -0.03755
   0.56571   0.00000  -0.03755
   0.56666  -0.01444  -0.03755
   0.56949  -0.02863  -0.03755
   0.57414  -0.04233  -0.03755
   0.58055  -0.05530  -0.03754
   0.58860  -0.06732  -0.03754
   0.59814  -0.07818  -0.03753
   0.60903  -0.08771  -0.03753
   0.62106  -0.09573  -0.03752
   0.63403  -0.10212  -0.03752
   0.64772  -0.10676  -0.03752
   0.66190  -0.10957  -0.03751
   0.67633  -0.11051  -0.03751
   0.69075  -0.10957  -0.03751
   0.70493  -0.10675  -0.03751
   0.71862  -0.10211  -0.03752
   0.73160  -0.09573  -0.03752
   0.74363  -0.08770  -0.03753
   0.75451  -0.07818  -0.03753
   0.76406  -0.06732  -0.03754
   0.77211  -0.05530  -0.03754
   0.77852  -0.04233  -0.03755
   0.78318  -0.02863  -0.03755
   0.78601  -0.01444  -0.03755
   0.78696  -0.00000  -0.03755
   0.78426   0.00000  -0.04470
   0.78333   0.01409  -0.04470
   0.78057   0.02793  -0.04470
   0.77602   0.04129  -0.04470
   0.76977   0.05395  -0.04469
   0.76192   0.06567  -0.04469
   0.75260   0.07627  -0.04468
   0.74198   0.08556  -0.04467
   0.73025   0.09339  -0.04467
   0.71759   0.09962  -0.04466
   0.70423   0.10415  -0.04466
   0.69040   0.10689  -0.04466
   0.67633   0.10782  -0.04466
   0.66226   0.10690  -0.04466
   0.64842   0.10415  -0.04466
   0.63506   0.09963  -0.04467
   0.62241   0.09340  -0.04467
   0.61067   0.08557  -0.04468
   0.60005   0.07628  -0.04468
   0.59074   0.06567  -0.04469
   0.58289   0.05395  -0.04469
   0.57664   0.04129  -0.04469
   0.57210   0.02793  -0.04470
   0.56934   0.01409  -0.04470
   0.56841   0.00000  -0.04470
   0.56934  -0.01409  -0.04470
   0.57210  -0.02793  -0.04470
   0.57664  -0.04129  -0.04469
   0.58289  -0.05395  -0.04469
   0.59074  -0.06567  -0.04469
   0.60005  -0.07628  -0.04468
   0.61067  -0.08557  -0.04468
   0.62241  -0.09340  -0.04467
   0.63506  -0.09963  -0.04467
   0.64842  -0.10415  -0.04466
   0.66226  -0.10690  -0.04466
   0.67633  -0.10782  -0.04466
   0.69040  -0.10689  -0.04466
   0.70423  -0.10415  -0.04466
   0.71759  -0.09962  -0.04466
   0.73025  -0.09339  -0.04467
   0.74198  -0.08556  -0.04467
   0.75260  -0.07627  -0.04468
   0.76192  -0.06567  -0.04469
   0.76977  -0.05395  -0.04469
   0.77602  -0.04129  -0.04470
   0.78057  -0.02793  -0.04470
   0.78333  -0.01409  -0.04470
   0.78426  -0.00000  -0.04470
   0.78109   0.00000  -0.05166
   0.78019   0.01367  -0.05166
   0.77751   0.02711  -0.05166
   0.77310   0.04008  -0.05165
   0.76703   0.05236  -0.05165
   0.75941   0.06375  -0.05164
   0.75036   0.07404  -0.05163
   0.74006   0.08306  -0.05163
   0.72867   0.09065  -0.05162
   0.71638   0.09670  -0.05162
   0.70342   0.10110  -0.05161
   0.68999   0.10376  -0.05161
   0.67633   0.10466  -0.05161
   0.66267   0.10377  -0.05161
   0.64924   0.10110  -0.05162
   0.63627   0.09671  -0.05162
   0.62399   0.09066  -0.05163
   0.61259   0.08306  -0.05163
   0.60229   0.07404  -0.05164
   0.59325   0.06375  -0.05164
   0.58563   0.05236  -0.05165
   0.57956   0.04008  -0.05165
   0.57515   0.02711  -0.05165
   0.57248   0.01367  -0.05166
   0.57158   0.00000  -0.05166
   0.57248  -0.01367  -0.05166
   0.57515  -0.02711  -0.05165
   0.57956  -0.04008  -0.05165
   0.58563  -0.05236  -0.05165
   0.59325  -0.06375  -0.05164
   0.60229  -0.07404  -0.05164
   0.61259  -0.08306  -0.05163
   0.62399  -0.09066  -0.05163
   0.63627  -0.09671  -0.05162
   0.64924  -0.10110  -0.05162
   0.66267  -0.10377  -0.05161
   0.67633  -0.10466  -0.05161
   0.68999  -0.10376  -0.05161
   0.70342  -0.10110  -0.05161
   0.71638  -0.09670  -0.05162
   0.72867  -0.09065  -0.05162
   0.74006  -0.08306  -0.05163
   0.75036  -0.07404  -0.05163
   0.75941  -0.06375  -0.05164
   0.76703  -0.05236  -0.05165
   0.77310  -0.04008  -0.05165
   0.77751  -0.02711  -0.05166
   0.78019  -0.01367  -0.05166
   0.78109  -0.00000  -0.05166
   0.77747   0.00000  -0.05839
   0.77660   0.01320  -0.05839
   0.77402   0.02618  -0.05839
   0.76976   0.03870  -0.05839
   0.76390   0.05056  -0.05838
   0.75654   0.06155  -0.05837
   0.74781   0.07148  -0.05837
   0.73786   0.08019  -0.05836
   0.72686   0.08753  -0.05835
   0.71500   0.09337  -0.05835
   0.70248   0.09761  -0.05834
   0.68952   0.10019  -0.05834
   0.67633   0.10105  -0.05834
   0.66314   0.10019  -0.05834
   0.65017   0.09762  -0.05835
   0.63765   0.09337  -0.05835
   0.62579   0.08754  -0.05836
   0.61479   0.08020  -0.05836
   0.60484   0.07149  -0.05837
   0.59611   0.06155  -0.05837
   0.58876   0.05056  -0.05838
   0.58290   0.03870  -0.05838
   0.57864   0.02617  -0.05839
   0.57606   0.01320  -0.05839
   0.57519   0.00000  -0.05839
   0.57606  -0.01320  -0.05839
   0.57864  -0.02617  -0.05839
   0.58290  -0.03870  -0.05838
   0.58876  -0.05056  -0.05838
   0.59611  -0.06155  -0.05837
   0.60484  -0.07149  -0.05837
   0.61479  -0.08020  -0.05836
   0.62579  -0.08754  -0.05836
   0.63765  -0.09337  -0.05835
   0.65017  -0.09762  -0.05835
   0.66314  -0.10019  -0.05834
   0.67633  -0.10105  -0.05834
   0.68952  -0.10019  -0.05834
   0.70248  -0.09761  -0.05834
   0.71500  -0.09337  -0.05835
   0.72686  -0.08753  -0.05835
   0.73786  -0.08019  -0.05836
   0.74781  -0.07148  -0.05837
   0.75654  -0.06155  -0.05837
   0.76390  -0.05056  -0.05838
   0.76976  -0.03870  -0.05839
   0.77402  -0.02618  -0.05839
   0.77660  -0.01320  -0.05839
   0.77747  -0.00000  -0.05839
   0.77342   0.00000  -0.06487
   0.77259   0.01267  -0.06487
   0.77011   0.02513  -0.06487
   0.76602   0.03715  -0.06487
   0.76039   0.04853  -0.06486
   0.75333   0.05909  -0.06485
   0.74495   0.06862  -0.06484
   0.73540   0.07698  -0.06484
   0.72484   0.08403  -0.06483
   0.71346   0.08964  -0.06483
   0.70144   0.09371  -0.06482
   0.68899   0.09618  -0.06482
   0.67633   0.09701  -0.06482
   0.66367   0.09619  -0.06482
   0.65122   0.09371  -0.06483
   0.63920   0.08964  -0.06483
   0.62781   0.08404  -0.06484
   0.61725   0.07699  -0.06484
   0.60770   0.06863  -0.06485
   0.59932   0.05909  -0.06486
   0.59226   0.04854  -0.06486
   0.58664   0.03715  -0.06487
   0.58255   0.02513  -0.06487
   0.58007   0.01267  -0.06487
   0.57924   0.00000  -0.06487
   0.58007  -0.01267  -0.06487
   0.58255  -0.02513  -0.06487
   0.58664  -0.03715  -0.06487
   0.59226  -0.04854  -0.06486
   0.59932  -0.05909  -0.06486
   0.60770  -0.06863  -0.06485
   0.61725  -0.07699  -0.06484
   0.62781  -0.08404  -0.06484
   0.63920  -0.08964  -0.06483
   0.65122  -0.09371  -0.06483
   0.66367  -0.09619  -0.06482
   0.67633  -0.09701  -0.06482
   0.68899  -0.09618  -0.06482
   0.70144  -0.09371  -0.06482
   0.71346  -0.08964  -0.06483
   0.72484  -0.08403  -0.06483
   0.73540  -0.07698  -0.06484
   0.74495  -0.06862  -0.06484
   0.75333  -0.05909  -0.06485
   0.76039  -0.04853  -0.06486
   0.76602  -0.03715  -0.06487
   0.77011  -0.02513  -0.06487
   0.77259  -0.01267  -0.06487
   0.77342  -0.00000  -0.06487
   0.76895   0.00000  -0.07107
   0.76816   0.01209  -0.07107
   0.76579   0.02397  -0.07107
   0.76189   0.03544  -0.07107
   0.75653   0.04630  -0.07106
   0.74979   0.05637  -0.07105
   0.74180   0.06547  -0.07105
   0.73269   0.07345  -0.07104
   0.72261   0.08017  -0.07103
   0.71175   0.08552  -0.07103
   0.70029   0.08941  -0.07102
   0.68841   0.09177  -0.07102
   0.67633   0.09256  -0.07102
   0.66425   0.09177  -0.07102
   0.65237   0.08941  -0.07103
   0.64090   0.08553  -0.07103
   0.63004   0.08018  -0.07104
   0.61997   0.07345  -0.07104
   0.61085   0.06547  -0.07105
   0.60286   0.05637  -0.07106
   0.59613   0.04631  -0.07106
   0.59076   0.03544  -0.07107
   0.58686   0.02397  -0.07107
   0.58450   0.01209  -0.07107
   0.58370   0.00000  -0.07107
   0.58450  -0.01209  -0.07107
   0.58686  -0.02397  -0.07107
   0.59076  -0.03544  -0.07107
   0.59613  -0.04631  -0.07106
   0.60286  -0.05637  -0.07106
   0.61085  -0.06547  -0.07105
   0.61997  -0.07345  -0.07104
   0.63004  -0.08018  -0.07104
   0.64090  -0.08553  -0.07103
   0.65237  -0.08941  -0.07103
   0.66425  -0.09177  -0.07102
   0.67633  -0.09256  -0.07102
   0.68841  -0.09177  -0.07102
   0.70029  -0.08941  -0.07102
   0.71175  -0.08552  -0.07103
   0.72261  -0.08017  -0.07103
   0.73269  -0.07345  -0.07104
   0.74180  -0.06547  -0.07105
   0.74979  -0.05637  -0.07105
   0.75653  -0.04630  -0.07106
   0.76189  -0.03544  -0.07107
   0.76579  -0.02397  -0.07107
   0.76816  -0.01209  -0.07107
   0.76895  -0.00000  -0.07107
   0.76409   0.00000  -0.07697
   0.76334   0.01146  -0.07697
   0.76110   0.02271  -0.07696
   0.75740   0.03358  -0.07696
   0.75232   0.04387  -0.07695
   0.74594   0.05341  -0.07695
   0.73837   0.06204  -0.07694
   0.72973   0.06960  -0.07693
   0.72019   0.07597  -0.07693
   0.70990   0.08104  -0.07692
   0.69903   0.08472  -0.07692
   0.68778   0.08696  -0.07692
   0.67633   0.08771  -0.07692
   0.66488   0.08696  -0.07692
   0.65363   0.08473  -0.07692
   0.64276   0.08104  -0.07693
   0.63247   0.07597  -0.07693
   0.62292   0.06960  -0.07694
   0.61429   0.06204  -0.07695
   0.60671   0.05342  -0.07695
   0.60033   0.04388  -0.07696
   0.59525   0.03358  -0.07696
   0.59156   0.02271  -0.07697
   0.58931   0.01146  -0.07697
   0.58856   0.00000  -0.07697
   0.58931  -0.01146  -0.07697
   0.59156  -0.02271  -0.07697
   0.59525  -0.03358  -0.07696
   0.60033  -0.04388  -0.07696
   0.60671  -0.05342  -0.07695
   0.61429  -0.06204  -0.07695
   0.62292  -0.06960  -0.07694
   0.63247  -0.07597  -0.07693
   0.64276  -0.08104  -0.07693
   0.65363  -0.08473  -0.07692
   0.66488  -0.08696  -0.07692
   0.67633  -0.08771  -0.07692
   0.68778  -0.08696  -0.07692
   0.69903  -0.08472  -0.07692
   0.70990  -0.08104  -0.07692
   0.72019  -0.07597  -0.07693
   0.72973  -0.06960  -0.07693
   0.73837  -0.06204  -0.07694
   0.74594  -0.05341  -0.07695
   0.75232  -0.04387  -0.07695
   0.75740  -0.03358  -0.07696
   0.76110  -0.02271  -0.07696
   0.76334  -0.01146  -0.07697
   0.76409  -0.00000  -0.07697
   0.75886   0.00000  -0.08253
   0.75815   0.01077  -0.08253
   0.75604   0.02136  -0.08253
   0.75257   0.03158  -0.08252
   0.74779   0.04126  -0.08252
   0.74179   0.05023  -0.08251
   0.73467   0.05834  -0.08250
   0.72655   0.06545  -0.08250
   0.71757   0.07144  -0.08249
   0.70790   0.07621  -0.08249
   0.69768   0.07967  -0.08249
   0.68709   0.08178  -0.08248
   0.67633   0.08248  -0.08248
   0.66556   0.08178  -0.08249
   0.65498   0.07968  -0.08249
   0.64476   0.07621  -0.08249
   0.63508   0.07145  -0.08250
   0.62610   0.06546  -0.08250
   0.61798   0.05834  -0.08251
   0.61086   0.05023  -0.08252
   0.60486   0.04126  -0.08252
   0.60008   0.03158  -0.08253
   0.59661   0.02136  -0.08253
   0.59450   0.01077  -0.08253
   0.59380   0.00000  -0.08253
   0.59450  -0.01077  -0.08253
   0.59661  -0.02136  -0.08253
   0.60008  -0.03158  -0.08253
   0.60486  -0.04126  -0.08252
   0.61086  -0.05023  -0.08252
   0.61798  -0.05834  -0.08251
   0.62610  -0.06546  -0.08250
   0.63508  -0.07145  -0.08250
   0.64476  -0.07621  -0.08249
   0.65498  -0.07968  -0.08249
   0.66556  -0.08178  -0.08249
   0.67633  -0.08248  -0.08248
   0.68709  -0.08178  -0.08248
   0.69768  -0.07967  -0.08249
   0.70790  -0.07621  -0.08249
   0.71757  -0.07144  -0.08249
   0.72655  -0.06545  -0.08250
   0.73467  -0.05834  -0.08250
   0.74179  -0.05023  -0.08251
   0.74779  -0.04126  -0.08252
   0.75257  -0.03158  -0.08252
   0.75604  -0.02136  -0.08253
   0.75815  -0.01077  -0.08253
   0.75886  -0.00000  -0.08253
   0.75327   0.00000  -0.08774
   0.75261   0.01004  -0.08774
   0.75065   0.01991  -0.08773
   0.74741   0.02944  -0.08773
   0.74295   0.03847  -0.08772
   0.73736   0.04683  -0.08772
   0.73072   0.05439  -0.08771
   0.72315   0.06102  -0.08771
   0.71479   0.06661  -0.08770
   0.70576   0.07106  -0.08770
   0.69623   0.07429  -0.08770
   0.68637   0.07625  -0.08770
   0.67633   0.07691  -0.08770
   0.66629   0.07625  -0.08770
   0.65642   0.07429  -0.08770
   0.64689   0.07106  -0.08770
   0.63787   0.06661  -0.08771
   0.62950   0.06103  -0.08771
   0.62193   0.05440  -0.08772
   0.61529   0.04683  -0.08773
   0.60970   0.03847  -0.08773
   0.60524   0.02944  -0.08773
   0.60201   0.01991  -0.08774
   0.60004   0.01004  -0.08774
   0.59938   0.00000  -0.08774
   0.60004  -0.01004  -0.08774
   0.60201  -0.01991  -0.08774
   0.60524  -0.02944  -0.08773
   0.60970  -0.03847  -0.08773
   0.61529  -0.04683  -0.08773
   0.62193  -0.05440  -0.08772
   0.62950  -0.06103  -0.08771
   0.63787  -0.06661  -0.08771
   0.64689  -0.07106  -0.08770
   0.65642  -0.07429  -0.08770
   0.66629  -0.07625  -0.08770
   0.67633  -0.07691  -0.08770
   0.68637  -0.07625  -0.08770
   0.69623  -0.07429  -0.08770
   0.70576  -0.07106  -0.08770
   0.71479  -0.06661  -0.08770
   0.72315  -0.06102  -0.08771
   0.73072  -0.05439  -0.08771
   0.73736  -0.04683  -0.08772
   0.74295  -0.03847  -0.08772
   0.74741  -0.02944  -0.08773
   0.75065  -0.01991  -0.08773
   0.75261  -0.01004  -0.08774
   0.75327  -0.00000  -0.08774
   0.74736   0.00000  -0.09257
   0.74675   0.00927  -0.09257
   0.74493   0.01838  -0.09256
   0.74195   0.02718  -0.09256
   0.73783   0.03551  -0.09256
   0.73267   0.04323  -0.09255
   0.72654   0.05021  -0.09255
   0.71956   0.05634  -0.09254
   0.71183   0.06149  -0.09254
   0.70350   0.06560  -0.09253
   0.69471   0.06858  -0.09253
   0.68560   0.07039  -0.09253
   0.67633   0.07100  -0.09253
   0.66706   0.07040  -0.09253
   0.65795   0.06859  -0.09254
   0.64916   0.06560  -0.09254
   0.64082   0.06150  -0.09254
   0.63310   0.05634  -0.09255
   0.62611   0.05022  -0.09255
   0.61998   0.04324  -0.09256
   0.61482   0.03551  -0.09256
   0.61071   0.02718  -0.09257
   0.60772   0.01838  -0.09257
   0.60590   0.00927  -0.09257
   0.60530   0.00000  -0.09257
   0.60590  -0.00927  -0.09257
   0.60772  -0.01838  -0.09257
   0.61071  -0.02718  -0.09257
   0.61482  -0.03551  -0.09256
   0.61998  -0.04324  -0.09256
   0.62611  -0.05022  -0.09255
   0.63310  -0.05634  -0.09255
   0.64082  -0.06150  -0.09254
   0.64916  -0.06560  -0.09254
   0.65795  -0.06859  -0.09254
   0.66706  -0.07040  -0.09253
   0.67633  -0.07100  -0.09253
   0.68560  -0.07039  -0.09253
   0.69471  -0.06858  -0.09253
   0.70350  -0.06560  -0.09253
   0.71183  -0.06149  -0.09254
   0.71956  -0.05634  -0.09254
   0.72654  -0.05021  -0.09255
   0.73267  -0.04323  -0.09255
   0.73783  -0.03551  -0.09256
   0.74195  -0.02718  -0.09256
   0.74493  -0.01838  -0.09256
   0.74675  -0.00927  -0.09257
   0.74736  -0.00000  -0.09257
   0.74114   0.00000  -0.09700
   0.74059   0.00846  -0.09700
   0.73893   0.01677  -0.09700
   0.73620   0.02480  -0.09699
   0.73245   0.03240  -0.09699
   0.72774   0.03945  -0.09699
   0.72215   0.04582  -0.09698
   0.71578   0.05141  -0.09698
   0.70873   0.05612  -0.09697
   0.70112   0.05986  -0.09697
   0.69310   0.06259  -0.09697
   0.68479   0.06424  -0.09697
   0.67633   0.06479  -0.09697
   0.66787   0.06424  -0.09697
   0.65956   0.06259  -0.09697
   0.65153   0.05987  -0.09698
   0.64393   0.05612  -0.09698
   0.63688   0.05141  -0.09699
   0.63050   0.04583  -0.09699
   0.62491   0.03945  -0.09699
   0.62020   0.03241  -0.09700
   0.61645   0.02480  -0.09700
   0.61372   0.01678  -0.09700
   0.61207   0.00846  -0.09701
   0.61151   0.00000  -0.09701
   0.61207  -0.00846  -0.09701
   0.61372  -0.01678  -0.09700
   0.61645  -0.02480  -0.09700
   0.62020  -0.03241  -0.09700
   0.62491  -0.03945  -0.09699
   0.63050  -0.04583  -0.09699
   0.63688  -0.05141  -0.09699
   0.64393  -0.05612  -0.09698
   0.65153  -0.05987  -0.09698
   0.65956  -0.06259  -0.09697
   0.66787  -0.06424  -0.09697
   0.67633  -0.06479  -0.09697
   0.68479  -0.06424  -0.09697
   0.69310  -0.06259  -0.09697
   0.70112  -0.05986  -0.09697
   0.70873  -0.05612  -0.09697
   0.71578  -0.05141  -0.09698
   0.72215  -0.04582  -0.09698
   0.72774  -0.03945  -0.09699
   0.73245  -0.03240  -0.09699
   0.73620  -0.02480  -0.09699
   0.73893  -0.01677  -0.09700
   0.74059  -0.00846  -0.09700
   0.74114  -0.00000  -0.09700
   0.73465   0.00000  -0.10102
   0.73415   0.00761  -0.10102
   0.73266   0.01509  -0.10101
   0.73021   0.02232  -0.10101
   0.72683   0.02916  -0.10101
   0.72259   0.03550  -0.10101
   0.71756   0.04123  -0.10100
   0.71183   0.04626  -0.10100
   0.70548   0.05050  -0.10100
   0.69864   0.05387  -0.10099
   0.69142   0.05632  -0.10099
   0.68394   0.05781  -0.10099
   0.67633   0.05831  -0.10099
   0.66872   0.05781  -0.10099
   0.66124   0.05632  -0.10100
   0.65401   0.05387  -0.10100
   0.64717   0.05050  -0.10100
   0.64083   0.04627  -0.10101
   0.63509   0.04124  -0.10101
   0.63006   0.03550  -0.10101
   0.62582   0.02916  -0.10102
   0.62244   0.02232  -0.10102
   0.61999   0.01510  -0.10102
   0.61850   0.00761  -0.10102
   0.61800   0.00000  -0.10102
   0.61850  -0.00761  -0.10102
   0.61999  -0.01510  -0.10102
   0.62244  -0.02232  -0.10102
   0.62582  -0.02916  -0.10102
   0.63006  -0.03550  -0.10101
   0.63509  -0.04124  -0.10101
   0.64083  -0.04627  -0.10101
   0.64717  -0.05050  -0.10100
   0.65401  -0.05387  -0.10100
   0.66124  -0.05632  -0.10100
   0.66872  -0.05781  -0.10099
   0.67633  -0.05831  -0.10099
   0.68394  -0.05781  -0.10099
   0.69142  -0.05632  -0.10099
   0.69864  -0.05387  -0.10099
   0.70548  -0.05050  -0.10100
   0.71183  -0.04626  -0.10100
   0.71756  -0.04123  -0.10100
   0.72259  -0.03550  -0.10101
   0.72683  -0.02916  -0.10101
   0.73021  -0.02232  -0.10101
   0.73266  -0.01509  -0.10101
   0.73415  -0.00761  -0.10102
   0.73465  -0.00000  -0.10102
   0.72791   0.00000  -0.10460
   0.72747   0.00673  -0.10460
   0.72615   0.01335  -0.10460
   0.72398   0.01974  -0.10460
   0.72100   0.02579  -0.10460
   0.71725   0.03140  -0.10459
   0.71280   0.03647  -0.10459
   0.70773   0.04092  -0.10459
   0.70212   0.04467  -0.10459
   0.69607   0.04765  -0.10458
   0.68968   0.04982  -0.10458
   0.68306   0.05113  -0.10458
   0.67633   0.05157  -0.10458
   0.66960   0.05113  -0.10458
   0.66298   0.04982  -0.10459
   0.65659   0.04765  -0.10459
   0.65054   0.04467  -0.10459
   0.64493   0.04092  -0.10459
   0.63985   0.03647  -0.10460
   0.63540   0.03140  -0.10460
   0.63165   0.02579  -0.10460
   0.62867   0.01974  -0.10461
   0.62650   0.01335  -0.10461
   0.62518   0.00673  -0.10461
   0.62474   0.00000  -0.10461
   0.62518  -0.00673  -0.10461
   0.62650  -0.01335  -0.10461
   0.62867  -0.01974  -0.10461
   0.63165  -0.02579  -0.10460
   0.63540  -0.03140  -0.10460
   0.63985  -0.03647  -0.10460
   0.64493  -0.04092  -0.10459
   0.65054  -0.04467  -0.10459
   0.65659  -0.04765  -0.10459
   0.66298  -0.04982  -0.10459
   0.66960  -0.05113  -0.10458
   0.67633  -0.05157  -0.10458
   0.68306  -0.05113  -0.10458
   0.68968  -0.04982  -0.10458
   0.69607  -0.04765  -0.10458
   0.70212  -0.04467  -0.10459
   0.70773  -0.04092  -0.10459
   0.71280  -0.03647  -0.10459
   0.71725  -0.03140  -0.10459
   0.72100  -0.02579  -0.10460
   0.72398  -0.01974  -0.10460
   0.72615  -0.01335  -0.10460
   0.72747  -0.00673  -0.10460
   0.72791  -0.00000  -0.10460
   0.72096   0.00000  -0.10774
   0.72057   0.00583  -0.10774
   0.71943   0.01155  -0.10774
   0.71756   0.01708  -0.10774
   0.71498   0.02231  -0.10774
   0.71173   0.02717  -0.10773
   0.70788   0.03155  -0.10773
   0.70349   0.03540  -0.10773
   0.69864   0.03864  -0.10773
   0.69340   0.04123  -0.10773
   0.68788   0.04310  -0.10773
   0.68215   0.04424  -0.10773
   0.67633   0.04462  -0.10773
   0.67050   0.04424  -0.10773
   0.66478   0.04310  -0.10773
   0.65925   0.04123  -0.10773
   0.65402   0.03865  -0.10773
   0.64916   0.03540  -0.10774
   0.64477   0.03156  -0.10774
   0.64092   0.02717  -0.10774
   0.63768   0.02231  -0.10774
   0.63510   0.01708  -0.10775
   0.63322   0.01155  -0.10775
   0.63208   0.00583  -0.10775
   0.63170   0.00000  -0.10775
   0.63208  -0.00583  -0.10775
   0.63322  -0.01155  -0.10775
   0.63510  -0.01708  -0.10775
   0.63768  -0.02231  -0.10774
   0.64092  -0.02717  -0.10774
   0.64477  -0.03156  -0.10774
   0.64916  -0.03540  -0.10774
   0.65402  -0.03865  -0.10773
   0.65925  -0.04123  -0.10773
   0.66478  -0.04310  -0.10773
   0.67050  -0.04424  -0.10773
   0.67633  -0.04462  -0.10773
   0.68215  -0.04424  -0.10773
   0.68788  -0.04310  -0.10773
   0.69340  -0.04123  -0.10773
   0.69864  -0.03864  -0.10773
   0.70349  -0.03540  -0.10773
   0.70788  -0.03155  -0.10773
   0.71173  -0.02717  -0.10773
   0.71498  -0.02231  -0.10774
   0.71756  -0.01708  -0.10774
   0.71943  -0.01155  -0.10774
   0.72057  -0.00583  -0.10774
   0.72096  -0.00000  -0.10774
   0.71381   0.00000  -0.11042
   0.71349   0.00489  -0.11042
   0.71253   0.00970  -0.11042
   0.71096   0.01434  -0.11042
   0.70879   0.01874  -0.11041
   0.70606   0.02282  -0.11041
   0.70283   0.02650  -0.11041
   0.69914   0.02973  -0.11041
   0.69507   0.03246  -0.11041
   0.69067   0.03463  -0.11041
   0.68603   0.03620  -0.11041
   0.68122   0.03716  -0.11041
   0.67633   0.03748  -0.11041
   0.67144   0.03716  -0.11041
   0.66663   0.03620  -0.11041
   0.66199   0.03463  -0.11041
   0.65759   0.03246  -0.11041
   0.65351   0.02974  -0.11042
   0.64982   0.02650  -0.11042
   0.64659   0.02282  -0.11042
   0.64387   0.01874  -0.11042
   0.64170   0.01434  -0.11042
   0.64012   0.00970  -0.11042
   0.63917   0.00489  -0.11042
   0.63884   0.00000  -0.11042
   0.63917  -0.00489  -0.11042
   0.64012  -0.00970  -0.11042
   0.64170  -0.01434  -0.11042
   0.64387  -0.01874  -0.11042
   0.64659  -0.02282  -0.11042
   0.64982  -0.02650  -0.11042
   0.65351  -0.02974  -0.11042
   0.65759  -0.03246  -0.11041
   0.66199  -0.03463  -0.11041
   0.66663  -0.03620  -0.11041
   0.67144  -0.03716  -0.11041
   0.67633  -0.03748  -0.11041
   0.68122  -0.03716  -0.11041
   0.68603  -0.03620  -0.11041
   0.69067  -0.03463  -0.11041
   0.69507  -0.03246  -0.11041
   0.69914  -0.02973  -0.11041
   0.70283  -0.02650  -0.11041
   0.70606  -0.02282  -0.11041
   0.70879  -0.01874  -0.11041
   0.71096  -0.01434  -0.11042
   0.71253  -0.00970  -0.11042
   0.71349  -0.00489  -0.11042
   0.71381  -0.00000  -0.11042
   0.70651   0.00000  -0.11262
   0.70625   0.00394  -0.11262
   0.70548   0.00781  -0.11262
   0.70421   0.01155  -0.11262
   0.70246   0.01509  -0.11262
   0.70027   0.01837  -0.11262
   0.69767   0.02134  -0.11262
   0.69470   0.02394  -0.11262
   0.69142   0.02613  -0.11262
   0.68788   0.02788  -0.11262
   0.68414   0.02915  -0.11262
   0.68027   0.02992  -0.11262
   0.67633   0.03018  -0.11262
   0.67239   0.02992  -0.11262
   0.66852   0.02915  -0.11262
   0.66478   0.02788  -0.11262
   0.66124   0.02613  -0.11262
   0.65796   0.02394  -0.11262
   0.65499   0.02134  -0.11263
   0.65239   0.01837  -0.11263
   0.65019   0.01509  -0.11263
   0.64845   0.01155  -0.11263
   0.64718   0.00781  -0.11263
   0.64641   0.00394  -0.11263
   0.64615   0.00000  -0.11263
   0.64641  -0.00394  -0.11263
   0.64718  -0.00781  -0.11263
   0.64845  -0.01155  -0.11263
   0.65019  -0.01509  -0.11263
   0.65239  -0.01837  -0.11263
   0.65499  -0.02134  -0.11263
   0.65796  -0.02394  -0.11262
   0.66124  -0.02613  -0.11262
   0.66478  -0.02788  -0.11262
   0.66852  -0.02915  -0.11262
   0.67239  -0.02992  -0.11262
   0.67633  -0.03018  -0.11262
   0.68027  -0.02992  -0.11262
   0.68414  -0.02915  -0.11262
   0.68788  -0.02788  -0.11262
   0.69142  -0.02613  -0.11262
   0.69470  -0.02394  -0.11262
   0.69767  -0.02134  -0.11262
   0.70027  -0.01837  -0.11262
   0.70246  -0.01509  -0.11262
   0.70421  -0.01155  -0.11262
   0.70548  -0.00781  -0.11262
   0.70625  -0.00394  -0.11262
   0.70651  -0.00000  -0.11262
   0.69907   0.00000  -0.11435
   0.69888   0.00297  -0.11435
   0.69830   0.00589  -0.11435
   0.69734   0.00870  -0.11435
   0.69603   0.01137  -0.11435
   0.69437   0.01385  -0.11435
   0.69241   0.01608  -0.11435
   0.69017   0.01804  -0.11435
   0.68770   0.01970  -0.11435
   0.68503   0.02101  -0.11435
   0.68222   0.02197  -0.11435
   0.67930   0.02255  -0.11435
   0.67633   0.02275  -0.11435
   0.67336   0.02255  -0.11435
   0.67044   0.02197  -0.11435
   0.66762   0.02101  -0.11435
   0.66496   0.01970  -0.11435
   0.66248   0.01805  -0.11435
   0.66024   0.01608  -0.11435
   0.65828   0.01385  -0.11435
   0.65663   0.01137  -0.11435
   0.65531   0.00870  -0.11435
   0.65436   0.00589  -0.11435
   0.65378   0.00297  -0.11435
   0.65358   0.00000  -0.11435
   0.65378  -0.00297  -0.11435
   0.65436  -0.00589  -0.11435
   0.65531  -0.00870  -0.11435
   0.65663  -0.01137  -0.11435
   0.65828  -0.01385  -0.11435
   0.66024  -0.01608  -0.11435
   0.66248  -0.01805  -0.11435
   0.66496  -0.01970  -0.11435
   0.66762  -0.02101  -0.11435
   0.67044  -0.02197  -0.11435
   0.67336  -0.02255  -0.11435
   0.67633  -0.02275  -0.11435
   0.67930  -0.02255  -0.11435
   0.68222  -0.02197  -0.11435
   0.68503  -0.02101  -0.11435
   0.68770  -0.01970  -0.11435
   0.69017  -0.01804  -0.11435
   0.69241  -0.01608  -0.11435
   0.69437  -0.01385  -0.11435
   0.69603  -0.01137  -0.11435
   0.69734  -0.00870  -0.11435
   0.69830  -0.00589  -0.11435
   0.69888  -0.00297  -0.11435
   0.69907  -0.00000  -0.11435
   0.69155   0.00000  -0.11559
   0.69142   0.00199  -0.11559
   0.69103   0.00394  -0.11559
   0.69039   0.00582  -0.11559
   0.68951   0.00761  -0.11559
   0.68840   0.00926  -0.11559
   0.68709   0.01076  -0.11559
   0.68559   0.01207  -0.11559
   0.68394   0.01318  -0.11559
   0.68215   0.01406  -0.11559
   0.68027   0.01470  -0.11559
   0.67831   0.01509  -0.11559
   0.67633   0.01522  -0.11559
   0.67434   0.01509  -0.11559
   0.67239   0.01470  -0.11559
   0.67051   0.01406  -0.11559
   0.66872   0.01318  -0.11559
   0.66706   0.01207  -0.11559
   0.66557   0.01076  -0.11559
   0.66426   0.00926  -0.11559
   0.66315   0.00761  -0.11559
   0.66227   0.00582  -0.11559
   0.66163   0.00394  -0.11559
   0.66124   0.00199  -0.11559
   0.66111   0.00000  -0.11559
   0.66124  -0.00199  -0.11559
   0.66163  -0.00394  -0.11559
   0.66227  -0.00582  -0.11559
   0.66315  -0.00761  -0.11559
   0.66426  -0.00926  -0.11559
   0.66557  -0.01076  -0.11559
   0.66706  -0.01207  -0.11559
   0.66872  -0.01318  -0.11559
   0.67051  -0.01406  -0.11559
   0.67239  -0.01470  -0.11559
   0.67434  -0.01509  -0.11559
   0.67633  -0.01522  -0.11559
   0.67831  -0.01509  -0.11559
   0.68027  -0.01470  -0.11559
   0.68215  -0.01406  -0.11559
   0.68394  -0.01318  -0.11559
   0.68559  -0.01207  -0.11559
   0.68709  -0.01076  -0.11559
   0.68840  -0.00926  -0.11559
   0.68951  -0.00761  -0.11559
   0.69039  -0.00582  -0.11559
   0.69103  -0.00394  -0.11559
   0.69142  -0.00199  -0.11559
   0.69155  -0.00000  -0.11559
   0.68395   0.00000  -0.11633
   0.68389   0.00100  -0.11633
   0.68369   0.00197  -0.11633
   0.68337   0.00292  -0.11633
   0.68293   0.00381  -0.11633
   0.68238   0.00464  -0.11633
   0.68172   0.00539  -0.11633
   0.68097   0.00605  -0.11633
   0.68014   0.00660  -0.11633
   0.67925   0.00704  -0.11633
   0.67830   0.00737  -0.11633
   0.67732   0.00756  -0.11633
   0.67633   0.00762  -0.11633
   0.67533   0.00756  -0.11633
   0.67436   0.00737  -0.11633
   0.67341   0.00704  -0.11633
   0.67252   0.00660  -0.11633
   0.67169   0.00605  -0.11633
   0.67094   0.00539  -0.11633
   0.67028   0.00464  -0.11633
   0.66973   0.00381  -0.11633
   0.66928   0.00292  -0.11633
   0.66896   0.00197  -0.11633
   0.66877   0.00100  -0.11633
   0.66870   0.00000  -0.11633
   0.66877  -0.00100  -0.11633
   0.66896  -0.00197  -0.11633
   0.66928  -0.00292  -0.11633
   0.66973  -0.00381  -0.11633
   0.67028  -0.00464  -0.11633
   0.67094  -0.00539  -0.11633
   0.67169  -0.00605  -0.11633
   0.67252  -0.00660  -0.11633
   0.67341  -0.00704  -0.11633
   0.67436  -0.00737  -0.11633
   0.67533  -0.00756  -0.11633
   0.67633  -0.00762  -0.11633
   0.67732  -0.00756  -0.11633
   0.67830  -0.00737  -0.11633
   0.67925  -0.00704  -0.11633
   0.68014  -0.00660  -0.11633
   0.68097  -0.00605  -0.11633
   0.68172  -0.00539  -0.11633
   0.68238  -0.00464  -0.11633
   0.68293  -0.00381  -0.11633
   0.68337  -0.00292  -0.11633
   0.68369  -0.00197  -0.11633
   0.68389  -0.00100  -0.11633
   0.68395  -0.00000  -0.11633
   0.67633   0.00000  -0.11658
   0.67633   0.00000  -0.11658
   0.67633   0.00000  -0.11658
   0.67633   0.00000  -0.11658
   0.67633   0.00000  -0.11658
   0.67633   0.00000  -0.11658
   0.67633   0.00000  -0.11658
   0.67633   0.00000  -0.11658
   0.67633   0.00000  -0.11658
   0.67633   0.00000  -0.11658
   0.67633   0.00000  -0.11658
   0.67633   0.00000  -0.11658
   0.67633   0.00000  -0.11658
   0.67633   0.00000  -0.11658
   0.67633   0.00000  -0.11658
   0.67633   0.00000  -0.11658
   0.67633   0.00000  -0.11658
   0.67633   0.00000  -0.11658
   0.67633   0.00000  -0.11658
   0.67633   0.00000  -0.11658
   0.67633   0.00000  -0.11658
   0.67633   0.00000  -0.11658
   0.67633   0.00000  -0.11658
   0.67633   0.00000  -0.11658
   0.67633   0.00000  -0.11658
   0.67633   0.00000  -0.11658
   0.67633   0.00000  -0.11658
   0.67633   0.00000  -0.11658
   0.67633   0.00000  -0.11658
   0.67633   0.00000  -0.11658
   0.67633   0.00000  -0.11658
   0.67633   0.00000  -0.11658
   0.67633   0.00000  -0.11658
   0.67633   0.00000  -0.11658
   0.67633   0.00000  -0.11658
   0.67633   0.00000  -0.11658
   0.67633   0.00000  -0.11658
   0.67633   0.00000  -0.11658
   0.67633   0.00000  -0.11658
   0.67633   0.00000  -0.11658
   0.67633   0.00000  -0.11658
   0.67633   0.00000  -0.11658
   0.67633   0.00000  -0.11658
   0.67633   0.00000  -0.11658
   0.67633   0.00000  -0.11658
   0.67633   0.00000  -0.11658
   0.67633   0.00000  -0.11658
   0.67633   0.00000  -0.11658
   0.67633   0.00000  -0.11658
