    -0.74098     0.00005
    -0.74098     0.00031
    -0.74098     0.00058
    -0.74098     0.00084
    -0.74097     0.00111
    -0.74097     0.00137
    -0.74096     0.00164
    -0.74095     0.00191
    -0.74095     0.00217
    -0.74094     0.00244
    -0.74093     0.00270
    -0.74091     0.00297
    -0.74090     0.00323
    -0.74089     0.00350
    -0.74087     0.00376
    -0.74086     0.00403
    -0.74084     0.00429
    -0.74082     0.00456
    -0.74080     0.00482
    -0.74078     0.00509
    -0.74076     0.00535
    -0.74074     0.00562
    -0.74072     0.00588
    -0.74069     0.00614
    -0.74067     0.00641
    -0.74064     0.00667
    -0.74061     0.00694
    -0.74058     0.00720
    -0.74055     0.00746
    -0.74052     0.00773
    -0.74049     0.00799
    -0.74046     0.00825
    -0.74042     0.00852
    -0.74039     0.00878
    -0.74035     0.00904
    -0.74031     0.00931
    -0.74027     0.00957
    -0.74023     0.00983
    -0.74019     0.01009
    -0.74015     0.01036
    -0.74011     0.01062
    -0.74006     0.01088
    -0.74002     0.01114
    -0.73997     0.01140
    -0.73993     0.01166
    -0.73988     0.01193
    -0.73983     0.01219
    -0.73978     0.01245
    -0.73973     0.01271
    -0.73967     0.01297
    -0.73962     0.01323
    -0.73956     0.01349
    -0.73951     0.01375
    -0.73945     0.01401
    -0.73939     0.01427
    -0.73933     0.01452
    -0.73927     0.01478
    -0.73921     0.01504
    -0.73915     0.01530
    -0.73909     0.01556
    -0.73902     0.01582
    -0.73896     0.01607
    -0.73889     0.01633
    -0.73882     0.01659
    -0.73876     0.01684
    -0.73869     0.01710
    -0.73861     0.01736
    -0.73854     0.01761
    -0.73847     0.01787
    -0.73840     0.01812
    -0.73832     0.01838
    -0.73825     0.01863
    -0.73817     0.01888
    -0.73809     0.01914
    -0.73801     0.01939
    -0.73793     0.01965
    -0.73785     0.01990
    -0.73777     0.02015
    -0.73768     0.02040
    -0.73760     0.02065
    -0.73751     0.02091
    -0.73743     0.02116
    -0.73734     0.02141
    -0.73725     0.02166
    -0.73716     0.02191
    -0.73707     0.02216
    -0.73698     0.02241
    -0.73689     0.02266
    -0.73679     0.02290
    -0.73670     0.02315
    -0.73660     0.02340
    -0.73651     0.02365
    -0.73641     0.02390
    -0.73631     0.02414
    -0.73621     0.02439
    -0.73611     0.02463
    -0.73601     0.02488
    -0.73591     0.02512
    -0.73580     0.02537
    -0.73570     0.02561
    -0.73559     0.02586
    -0.73549     0.02610
    -0.73538     0.02634
    -0.73527     0.02658
    -0.73516     0.02683
    -0.73505     0.02707
    -0.73494     0.02731
    -0.73482     0.02755
    -0.73471     0.02779
    -0.73460     0.02803
    -0.73448     0.02827
    -0.73436     0.02851
    -0.73425     0.02875
    -0.73413     0.02898
    -0.73401     0.02922
    -0.73389     0.02946
    -0.73376     0.02969
    -0.73364     0.02993
    -0.73352     0.03016
    -0.73339     0.03040
    -0.73327     0.03063
    -0.73314     0.03087
    -0.73301     0.03110
    -0.73289     0.03133
    -0.73276     0.03156
    -0.73263     0.03180
    -0.73250     0.03203
    -0.73236     0.03226
    -0.73223     0.03249
    -0.73210     0.03272
    -0.73196     0.03295
    -0.73182     0.03317
    -0.73169     0.03340
    -0.73155     0.03363
    -0.73141     0.03386
    -0.73127     0.03408
    -0.73113     0.03431
    -0.73099     0.03453
    -0.73085     0.03476
    -0.73070     0.03498
    -0.73056     0.03520
    -0.73041     0.03543
    -0.73027     0.03565
    -0.73012     0.03587
    -0.72997     0.03609
    -0.72982     0.03631
    -0.72967     0.03653
    -0.72952     0.03675
    -0.72937     0.03697
    -0.72922     0.03719
    -0.72906     0.03740
    -0.72891     0.03762
    -0.72876     0.03783
    -0.72860     0.03805
    -0.72844     0.03826
    -0.72828     0.03848
    -0.72813     0.03869
    -0.72797     0.03890
    -0.72780     0.03912
    -0.72764     0.03933
    -0.72748     0.03954
    -0.72732     0.03975
    -0.72715     0.03996
    -0.72699     0.04017
    -0.72682     0.04037
    -0.72666     0.04058
    -0.72649     0.04079
    -0.72632     0.04099
    -0.72615     0.04120
    -0.72598     0.04140
    -0.72581     0.04161
    -0.72564     0.04181
    -0.72547     0.04201
    -0.72529     0.04222
    -0.72512     0.04242
    -0.72494     0.04262
    -0.72477     0.04282
    -0.72459     0.04302
    -0.72441     0.04321
    -0.72423     0.04341
    -0.72405     0.04361
    -0.72387     0.04380
    -0.72369     0.04400
    -0.72351     0.04419
    -0.72333     0.04439
    -0.72315     0.04458
    -0.72296     0.04477
    -0.72278     0.04496
    -0.72259     0.04516
    -0.72240     0.04535
    -0.72222     0.04553
    -0.72203     0.04572
    -0.72184     0.04591
    -0.72165     0.04610
    -0.72146     0.04628
    -0.72127     0.04647
    -0.72108     0.04665
    -0.72088     0.04684
    -0.72069     0.04702
    -0.72050     0.04720
    -0.72030     0.04739
    -0.72011     0.04757
    -0.71991     0.04775
    -0.71971     0.04793
    -0.71951     0.04810
    -0.71931     0.04828
    -0.71912     0.04846
    -0.71892     0.04863
    -0.71871     0.04881
    -0.71851     0.04898
    -0.71831     0.04916
    -0.71811     0.04933
    -0.71790     0.04950
    -0.71770     0.04967
    -0.71749     0.04984
    -0.71729     0.05001
    -0.71708     0.05018
    -0.71687     0.05035
    -0.71666     0.05051
    -0.71645     0.05068
    -0.71624     0.05085
    -0.71603     0.05101
    -0.71582     0.05117
    -0.71561     0.05133
    -0.71540     0.05150
    -0.71519     0.05166
    -0.71497     0.05182
    -0.71476     0.05198
    -0.71454     0.05213
    -0.71433     0.05229
    -0.71411     0.05245
    -0.71389     0.05260
    -0.71367     0.05276
    -0.71346     0.05291
    -0.71324     0.05307
    -0.71302     0.05322
    -0.71280     0.05337
    -0.71257     0.05352
    -0.71235     0.05367
    -0.71213     0.05382
    -0.71191     0.05396
    -0.71168     0.05411
    -0.71146     0.05426
    -0.71123     0.05440
    -0.71101     0.05455
    -0.71078     0.05469
    -0.71055     0.05483
    -0.71033     0.05497
    -0.71010     0.05511
    -0.70987     0.05525
    -0.70964     0.05539
    -0.70941     0.05553
    -0.70918     0.05566
    -0.70895     0.05580
    -0.70872     0.05593
    -0.70848     0.05607
    -0.70825     0.05620
    -0.70802     0.05633
    -0.70778     0.05646
    -0.70755     0.05659
    -0.70731     0.05672
    -0.70707     0.05685
    -0.70684     0.05698
    -0.70660     0.05711
    -0.70636     0.05723
    -0.70612     0.05736
    -0.70588     0.05748
    -0.70564     0.05760
    -0.70540     0.05772
    -0.70516     0.05784
    -0.70492     0.05796
    -0.70468     0.05808
    -0.70444     0.05820
    -0.70420     0.05831
    -0.70395     0.05843
    -0.70371     0.05855
    -0.70346     0.05866
    -0.70322     0.05877
    -0.70297     0.05888
    -0.70272     0.05899
    -0.70248     0.05910
    -0.70223     0.05921
    -0.70198     0.05932
    -0.70173     0.05943
    -0.70148     0.05953
    -0.70123     0.05964
    -0.70098     0.05974
    -0.70073     0.05984
    -0.70048     0.05994
    -0.70023     0.06005
    -0.69998     0.06015
    -0.69972     0.06025
    -0.69947     0.06034
    -0.69921     0.06044
    -0.69896     0.06054
    -0.69870     0.06063
    -0.69845     0.06072
    -0.69819     0.06082
    -0.69793     0.06091
    -0.69768     0.06100
    -0.69742     0.06109
    -0.69716     0.06118
    -0.69690     0.06126
    -0.69664     0.06135
    -0.69638     0.06144
    -0.69612     0.06152
    -0.69586     0.06160
    -0.69559     0.06169
    -0.69533     0.06177
    -0.69506     0.06185
    -0.69480     0.06193
    -0.69453     0.06201
    -0.69426     0.06209
    -0.69400     0.06216
    -0.69373     0.06224
    -0.69346     0.06231
    -0.69319     0.06238
    -0.69293     0.06246
    -0.69266     0.06253
    -0.69239     0.06260
    -0.69212     0.06266
    -0.69184     0.06273
    -0.69156     0.06280
    -0.69128     0.06287
    -0.69101     0.06293
    -0.69073     0.06300
    -0.69045     0.06306
    -0.69017     0.06312
    -0.68989     0.06318
    -0.68961     0.06324
    -0.68932     0.06330
    -0.68904     0.06336
    -0.68876     0.06342
    -0.68848     0.06347
    -0.68820     0.06352
    -0.68792     0.06357
    -0.68763     0.06363
    -0.68732     0.06368
    -0.68701     0.06373
    -0.68670     0.06378
    -0.68638     0.06383
    -0.68607     0.06388
    -0.68576     0.06393
    -0.68544     0.06398
    -0.68513     0.06402
    -0.68482     0.06406
    -0.68450     0.06410
    -0.68419     0.06414
    -0.68387     0.06418
    -0.68356     0.06422
    -0.68324     0.06425
    -0.68293     0.06428
    -0.68261     0.06431
    -0.68248     0.06433
    -0.68234     0.06434
    -0.68220     0.06435
    -0.68207     0.06437
    -0.68193     0.06438
    -0.68180     0.06439
    -0.68166     0.06440
    -0.68152     0.06441
    -0.68139     0.06442
    -0.68125     0.06443
    -0.68112     0.06444
    -0.68098     0.06445
    -0.68084     0.06446
    -0.68071     0.06447
    -0.68057     0.06448
    -0.68044     0.06449
    -0.68025     0.06450
    -0.68007     0.06451
    -0.67989     0.06452
    -0.67971     0.06453
    -0.67953     0.06454
    -0.67935     0.06455
    -0.67917     0.06456
    -0.67898     0.06457
    -0.67880     0.06457
    -0.67862     0.06458
    -0.67844     0.06459
    -0.67826     0.06459
    -0.67808     0.06460
    -0.67789     0.06460
    -0.67771     0.06461
    -0.67753     0.06461
    -0.67738     0.06461
    -0.67723     0.06461
    -0.67708     0.06462
    -0.67693     0.06462
    -0.67678     0.06462
    -0.67663     0.06462
    -0.67648     0.06462
    -0.67633     0.06462
    -0.67618     0.06462
    -0.67603     0.06462
    -0.67588     0.06462
    -0.67573     0.06462
    -0.67558     0.06462
    -0.67543     0.06461
    -0.67528     0.06461
    -0.67513     0.06461
    -0.67494     0.06460
    -0.67476     0.06460
    -0.67458     0.06460
    -0.67440     0.06459
    -0.67422     0.06459
    -0.67404     0.06458
    -0.67385     0.06457
    -0.67367     0.06457
    -0.67349     0.06456
    -0.67331     0.06455
    -0.67313     0.06454
    -0.67295     0.06453
    -0.67277     0.06452
    -0.67258     0.06451
    -0.67240     0.06450
    -0.67222     0.06449
    -0.67209     0.06448
    -0.67195     0.06447
    -0.67181     0.06446
    -0.67168     0.06445
    -0.67154     0.06444
    -0.67140     0.06443
    -0.67127     0.06442
    -0.67113     0.06441
    -0.67100     0.06440
    -0.67086     0.06439
    -0.67072     0.06438
    -0.67059     0.06436
    -0.67045     0.06435
    -0.67032     0.06434
    -0.67018     0.06433
    -0.67004     0.06431
    -0.66973     0.06428
    -0.66941     0.06425
    -0.66910     0.06421
    -0.66878     0.06418
    -0.66847     0.06414
    -0.66816     0.06410
    -0.66784     0.06406
    -0.66753     0.06402
    -0.66721     0.06397
    -0.66690     0.06393
    -0.66659     0.06388
    -0.66627     0.06383
    -0.66596     0.06378
    -0.66565     0.06373
    -0.66533     0.06368
    -0.66502     0.06362
    -0.66474     0.06357
    -0.66446     0.06352
    -0.66418     0.06347
    -0.66389     0.06341
    -0.66361     0.06336
    -0.66333     0.06330
    -0.66305     0.06324
    -0.66277     0.06318
    -0.66249     0.06312
    -0.66221     0.06306
    -0.66193     0.06300
    -0.66165     0.06293
    -0.66137     0.06287
    -0.66109     0.06280
    -0.66081     0.06273
    -0.66054     0.06266
    -0.66027     0.06259
    -0.66000     0.06253
    -0.65973     0.06245
    -0.65946     0.06238
    -0.65919     0.06231
    -0.65893     0.06224
    -0.65866     0.06216
    -0.65839     0.06208
    -0.65813     0.06201
    -0.65786     0.06193
    -0.65760     0.06185
    -0.65733     0.06177
    -0.65707     0.06169
    -0.65680     0.06160
    -0.65654     0.06152
    -0.65627     0.06143
    -0.65601     0.06135
    -0.65575     0.06126
    -0.65550     0.06118
    -0.65524     0.06109
    -0.65498     0.06100
    -0.65472     0.06091
    -0.65447     0.06082
    -0.65421     0.06072
    -0.65395     0.06063
    -0.65370     0.06053
    -0.65344     0.06044
    -0.65319     0.06034
    -0.65293     0.06024
    -0.65268     0.06014
    -0.65243     0.06004
    -0.65217     0.05994
    -0.65192     0.05984
    -0.65167     0.05974
    -0.65142     0.05964
    -0.65117     0.05953
    -0.65093     0.05943
    -0.65068     0.05932
    -0.65043     0.05921
    -0.65018     0.05910
    -0.64993     0.05899
    -0.64969     0.05888
    -0.64944     0.05877
    -0.64920     0.05866
    -0.64895     0.05854
    -0.64871     0.05843
    -0.64846     0.05831
    -0.64822     0.05820
    -0.64798     0.05808
    -0.64773     0.05796
    -0.64749     0.05784
    -0.64725     0.05772
    -0.64701     0.05760
    -0.64677     0.05748
    -0.64653     0.05735
    -0.64630     0.05723
    -0.64606     0.05710
    -0.64582     0.05698
    -0.64558     0.05685
    -0.64535     0.05672
    -0.64511     0.05659
    -0.64488     0.05646
    -0.64464     0.05633
    -0.64441     0.05620
    -0.64417     0.05607
    -0.64394     0.05593
    -0.64371     0.05580
    -0.64348     0.05566
    -0.64325     0.05553
    -0.64302     0.05539
    -0.64279     0.05525
    -0.64256     0.05511
    -0.64233     0.05497
    -0.64210     0.05483
    -0.64188     0.05469
    -0.64165     0.05454
    -0.64142     0.05440
    -0.64120     0.05426
    -0.64097     0.05411
    -0.64075     0.05396
    -0.64053     0.05382
    -0.64030     0.05367
    -0.64008     0.05352
    -0.63986     0.05337
    -0.63964     0.05322
    -0.63942     0.05306
    -0.63920     0.05291
    -0.63898     0.05276
    -0.63877     0.05260
    -0.63855     0.05245
    -0.63833     0.05229
    -0.63812     0.05213
    -0.63790     0.05198
    -0.63769     0.05182
    -0.63747     0.05166
    -0.63726     0.05150
    -0.63705     0.05133
    -0.63683     0.05117
    -0.63662     0.05101
    -0.63641     0.05084
    -0.63620     0.05068
    -0.63599     0.05051
    -0.63579     0.05035
    -0.63558     0.05018
    -0.63537     0.05001
    -0.63517     0.04984
    -0.63496     0.04967
    -0.63476     0.04950
    -0.63455     0.04933
    -0.63435     0.04916
    -0.63415     0.04898
    -0.63394     0.04881
    -0.63374     0.04863
    -0.63354     0.04846
    -0.63334     0.04828
    -0.63314     0.04810
    -0.63295     0.04792
    -0.63275     0.04775
    -0.63255     0.04757
    -0.63236     0.04738
    -0.63216     0.04720
    -0.63197     0.04702
    -0.63177     0.04684
    -0.63158     0.04665
    -0.63139     0.04647
    -0.63120     0.04628
    -0.63101     0.04610
    -0.63082     0.04591
    -0.63063     0.04572
    -0.63044     0.04553
    -0.63025     0.04534
    -0.63007     0.04515
    -0.62988     0.04496
    -0.62970     0.04477
    -0.62951     0.04458
    -0.62933     0.04439
    -0.62915     0.04419
    -0.62896     0.04400
    -0.62878     0.04380
    -0.62860     0.04361
    -0.62842     0.04341
    -0.62824     0.04321
    -0.62807     0.04302
    -0.62789     0.04282
    -0.62771     0.04262
    -0.62754     0.04242
    -0.62736     0.04222
    -0.62719     0.04201
    -0.62702     0.04181
    -0.62685     0.04161
    -0.62668     0.04140
    -0.62651     0.04120
    -0.62634     0.04099
    -0.62617     0.04079
    -0.62600     0.04058
    -0.62583     0.04037
    -0.62567     0.04017
    -0.62550     0.03996
    -0.62534     0.03975
    -0.62518     0.03954
    -0.62501     0.03933
    -0.62485     0.03912
    -0.62469     0.03890
    -0.62453     0.03869
    -0.62437     0.03848
    -0.62421     0.03826
    -0.62406     0.03805
    -0.62390     0.03784
    -0.62375     0.03762
    -0.62359     0.03740
    -0.62344     0.03719
    -0.62329     0.03697
    -0.62313     0.03675
    -0.62298     0.03653
    -0.62283     0.03631
    -0.62268     0.03609
    -0.62254     0.03587
    -0.62239     0.03565
    -0.62224     0.03543
    -0.62210     0.03520
    -0.62195     0.03498
    -0.62181     0.03476
    -0.62167     0.03453
    -0.62152     0.03431
    -0.62138     0.03408
    -0.62124     0.03386
    -0.62111     0.03363
    -0.62097     0.03340
    -0.62083     0.03318
    -0.62069     0.03295
    -0.62056     0.03272
    -0.62043     0.03249
    -0.62029     0.03226
    -0.62016     0.03203
    -0.62003     0.03180
    -0.61990     0.03157
    -0.61977     0.03133
    -0.61964     0.03110
    -0.61951     0.03087
    -0.61939     0.03063
    -0.61926     0.03040
    -0.61914     0.03016
    -0.61901     0.02993
    -0.61889     0.02969
    -0.61877     0.02946
    -0.61865     0.02922
    -0.61853     0.02898
    -0.61841     0.02875
    -0.61829     0.02851
    -0.61818     0.02827
    -0.61806     0.02803
    -0.61794     0.02779
    -0.61783     0.02755
    -0.61772     0.02731
    -0.61761     0.02707
    -0.61750     0.02683
    -0.61739     0.02659
    -0.61728     0.02634
    -0.61717     0.02610
    -0.61706     0.02586
    -0.61696     0.02561
    -0.61685     0.02537
    -0.61675     0.02513
    -0.61665     0.02488
    -0.61654     0.02463
    -0.61644     0.02439
    -0.61634     0.02414
    -0.61624     0.02390
    -0.61615     0.02365
    -0.61605     0.02340
    -0.61595     0.02315
    -0.61586     0.02291
    -0.61577     0.02266
    -0.61567     0.02241
    -0.61558     0.02216
    -0.61549     0.02191
    -0.61540     0.02166
    -0.61531     0.02141
    -0.61523     0.02116
    -0.61514     0.02091
    -0.61505     0.02066
    -0.61497     0.02040
    -0.61489     0.02015
    -0.61480     0.01990
    -0.61472     0.01965
    -0.61464     0.01939
    -0.61456     0.01914
    -0.61449     0.01889
    -0.61441     0.01863
    -0.61433     0.01838
    -0.61426     0.01812
    -0.61418     0.01787
    -0.61411     0.01761
    -0.61404     0.01736
    -0.61397     0.01710
    -0.61390     0.01684
    -0.61383     0.01659
    -0.61376     0.01633
    -0.61370     0.01607
    -0.61363     0.01582
    -0.61357     0.01556
    -0.61350     0.01530
    -0.61344     0.01504
    -0.61338     0.01478
    -0.61332     0.01453
    -0.61326     0.01427
    -0.61320     0.01401
    -0.61314     0.01375
    -0.61309     0.01349
    -0.61303     0.01323
    -0.61298     0.01297
    -0.61293     0.01271
    -0.61288     0.01245
    -0.61282     0.01219
    -0.61278     0.01193
    -0.61273     0.01167
    -0.61268     0.01140
    -0.61263     0.01114
    -0.61259     0.01088
    -0.61254     0.01062
    -0.61250     0.01036
    -0.61246     0.01010
    -0.61242     0.00983
    -0.61238     0.00957
    -0.61234     0.00931
    -0.61230     0.00904
    -0.61227     0.00878
    -0.61223     0.00852
    -0.61220     0.00826
    -0.61216     0.00799
    -0.61213     0.00773
    -0.61210     0.00746
    -0.61207     0.00720
    -0.61204     0.00694
    -0.61201     0.00667
    -0.61199     0.00641
    -0.61196     0.00614
    -0.61194     0.00588
    -0.61191     0.00562
    -0.61189     0.00535
    -0.61187     0.00509
    -0.61185     0.00482
    -0.61183     0.00456
    -0.61181     0.00429
    -0.61179     0.00403
    -0.61178     0.00376
    -0.61176     0.00350
    -0.61175     0.00323
    -0.61174     0.00297
    -0.61173     0.00270
    -0.61172     0.00244
    -0.61171     0.00217
    -0.61170     0.00191
    -0.61169     0.00164
    -0.61169     0.00137
    -0.61168     0.00111
    -0.61168     0.00084
    -0.61167     0.00058
    -0.61167     0.00031
    -0.61167     0.00005
