    -0.33443    -0.01076     0.11559      31
    -0.33294    -0.01207     0.11559      32
    -0.33128    -0.01318     0.11559      33
    -0.32949    -0.01406     0.11559      34
    -0.32761    -0.01470     0.11559      35
    -0.32566    -0.01509     0.11559      36
    -0.32367    -0.01522     0.11559      37
    -0.32169    -0.01509     0.11559      38
    -0.31973    -0.01470     0.11559      39
    -0.31785    -0.01406     0.11559      40
    -0.31606    -0.01318     0.11559      41
    -0.31441    -0.01207     0.11559      42
    -0.31291    -0.01076     0.11559      43
    -0.34337    -0.01137     0.11435      29
    -0.34172    -0.01385     0.11435      30
    -0.33976    -0.01608     0.11435      31
    -0.33752    -0.01805     0.11435      32
    -0.33504    -0.01970     0.11435      33
    -0.33238    -0.02101     0.11435      34
    -0.32956    -0.02197     0.11435      35
    -0.32664    -0.02255     0.11435      36
    -0.32367    -0.02275     0.11435      37
    -0.32070    -0.02255     0.11435      38
    -0.31778    -0.02197     0.11435      39
    -0.31497    -0.02101     0.11435      40
    -0.31230    -0.01970     0.11435      41
    -0.30983    -0.01804     0.11435      42
    -0.30759    -0.01608     0.11435      43
    -0.30563    -0.01385     0.11435      44
    -0.30397    -0.01137     0.11435      45
    -0.35155    -0.01155     0.11263      28
    -0.34981    -0.01509     0.11263      29
    -0.34761    -0.01837     0.11263      30
    -0.34501    -0.02134     0.11263      31
    -0.34204    -0.02394     0.11262      32
    -0.33876    -0.02613     0.11262      33
    -0.33522    -0.02788     0.11262      34
    -0.33148    -0.02915     0.11262      35
    -0.32761    -0.02992     0.11262      36
    -0.32367    -0.03018     0.11262      37
    -0.31973    -0.02992     0.11262      38
    -0.31586    -0.02915     0.11262      39
    -0.31212    -0.02788     0.11262      40
    -0.30858    -0.02613     0.11262      41
    -0.30530    -0.02394     0.11262      42
    -0.30233    -0.02134     0.11262      43
    -0.29973    -0.01837     0.11262      44
    -0.29754    -0.01509     0.11262      45
    -0.29579    -0.01155     0.11262      46
    -0.35830    -0.01434     0.11042      28
    -0.35613    -0.01874     0.11042      29
    -0.35341    -0.02282     0.11042      30
    -0.35018    -0.02650     0.11042      31
    -0.34649    -0.02974     0.11042      32
    -0.34241    -0.03246     0.11041      33
    -0.33801    -0.03463     0.11041      34
    -0.33337    -0.03620     0.11041      35
    -0.32856    -0.03716     0.11041      36
    -0.32367    -0.03748     0.11041      37
    -0.31878    -0.03716     0.11041      38
    -0.31397    -0.03620     0.11041      39
    -0.30933    -0.03463     0.11041      40
    -0.30493    -0.03246     0.11041      41
    -0.30086    -0.02973     0.11041      42
    -0.29717    -0.02650     0.11041      43
    -0.29394    -0.02282     0.11041      44
    -0.29121    -0.01874     0.11041      45
    -0.28904    -0.01434     0.11042      46
    -0.28747    -0.00970     0.11042      47
    -0.36678    -0.01155     0.10775      27
    -0.36490    -0.01708     0.10775      28
    -0.36232    -0.02231     0.10774      29
    -0.35908    -0.02717     0.10774      30
    -0.35523    -0.03156     0.10774      31
    -0.35084    -0.03540     0.10774      32
    -0.34598    -0.03865     0.10773      33
    -0.34075    -0.04123     0.10773      34
    -0.33522    -0.04310     0.10773      35
    -0.32950    -0.04424     0.10773      36
    -0.32367    -0.04462     0.10773      37
    -0.31785    -0.04424     0.10773      38
    -0.31212    -0.04310     0.10773      39
    -0.30660    -0.04123     0.10773      40
    -0.30136    -0.03864     0.10773      41
    -0.29651    -0.03540     0.10773      42
    -0.29212    -0.03155     0.10773      43
    -0.28827    -0.02717     0.10773      44
    -0.28502    -0.02231     0.10774      45
    -0.28244    -0.01708     0.10774      46
    -0.28057    -0.01155     0.10774      47
    -0.37350    -0.01335     0.10461      27
    -0.37133    -0.01974     0.10461      28
    -0.36835    -0.02579     0.10460      29
    -0.36460    -0.03140     0.10460      30
    -0.36015    -0.03647     0.10460      31
    -0.35507    -0.04092     0.10459      32
    -0.34946    -0.04467     0.10459      33
    -0.34341    -0.04765     0.10459      34
    -0.33702    -0.04982     0.10459      35
    -0.33040    -0.05113     0.10458      36
    -0.32367    -0.05157     0.10458      37
    -0.31694    -0.05113     0.10458      38
    -0.31032    -0.04982     0.10458      39
    -0.30393    -0.04765     0.10458      40
    -0.29788    -0.04467     0.10459      41
    -0.29227    -0.04092     0.10459      42
    -0.28720    -0.03647     0.10459      43
    -0.28275    -0.03140     0.10459      44
    -0.27900    -0.02579     0.10460      45
    -0.27602    -0.01974     0.10460      46
    -0.27385    -0.01335     0.10460      47
    -0.38001    -0.01510     0.10102      27
    -0.37756    -0.02232     0.10102      28
    -0.37418    -0.02916     0.10102      29
    -0.36994    -0.03550     0.10101      30
    -0.36491    -0.04124     0.10101      31
    -0.35917    -0.04627     0.10101      32
    -0.35283    -0.05050     0.10100      33
    -0.34599    -0.05387     0.10100      34
    -0.33876    -0.05632     0.10100      35
    -0.33128    -0.05781     0.10099      36
    -0.32367    -0.05831     0.10099      37
    -0.31606    -0.05781     0.10099      38
    -0.30858    -0.05632     0.10099      39
    -0.30136    -0.05387     0.10099      40
    -0.29452    -0.05050     0.10100      41
    -0.28817    -0.04626     0.10100      42
    -0.28244    -0.04123     0.10100      43
    -0.27741    -0.03550     0.10101      44
    -0.27317    -0.02916     0.10101      45
    -0.26979    -0.02232     0.10101      46
    -0.26734    -0.01509     0.10101      47
    -0.38628    -0.01678     0.09700      27
    -0.38355    -0.02480     0.09700      28
    -0.37980    -0.03241     0.09700      29
    -0.37509    -0.03945     0.09699      30
    -0.36950    -0.04583     0.09699      31
    -0.36312    -0.05141     0.09699      32
    -0.35607    -0.05612     0.09698      33
    -0.34847    -0.05987     0.09698      34
    -0.34044    -0.06259     0.09697      35
    -0.33213    -0.06424     0.09697      36
    -0.32367    -0.06479     0.09697      37
    -0.31521    -0.06424     0.09697      38
    -0.30690    -0.06259     0.09697      39
    -0.29888    -0.05986     0.09697      40
    -0.29127    -0.05612     0.09697      41
    -0.28422    -0.05141     0.09698      42
    -0.27785    -0.04582     0.09698      43
    -0.27226    -0.03945     0.09699      44
    -0.26755    -0.03240     0.09699      45
    -0.26380    -0.02480     0.09699      46
    -0.26107    -0.01677     0.09700      47
    -0.25941    -0.00846     0.09700      48
    -0.39410    -0.00927     0.09257      26
    -0.39228    -0.01838     0.09257      27
    -0.38929    -0.02718     0.09257      28
    -0.38518    -0.03551     0.09256      29
    -0.38002    -0.04324     0.09256      30
    -0.37389    -0.05022     0.09255      31
    -0.36690    -0.05634     0.09255      32
    -0.35918    -0.06150     0.09254      33
    -0.35084    -0.06560     0.09254      34
    -0.34205    -0.06859     0.09254      35
    -0.33294    -0.07040     0.09253      36
    -0.32367    -0.07100     0.09253      37
    -0.31440    -0.07039     0.09253      38
    -0.30529    -0.06858     0.09253      39
    -0.29650    -0.06560     0.09253      40
    -0.28817    -0.06149     0.09254      41
    -0.28044    -0.05634     0.09254      42
    -0.27346    -0.05021     0.09255      43
    -0.26733    -0.04323     0.09255      44
    -0.26217    -0.03551     0.09256      45
    -0.25805    -0.02718     0.09256      46
    -0.25507    -0.01838     0.09256      47
    -0.25325    -0.00927     0.09257      48
    -0.39996    -0.01004     0.08774      26
    -0.39799    -0.01991     0.08774      27
    -0.39476    -0.02944     0.08773      28
    -0.39030    -0.03847     0.08773      29
    -0.38471    -0.04683     0.08773      30
    -0.37807    -0.05440     0.08772      31
    -0.37050    -0.06103     0.08771      32
    -0.36213    -0.06661     0.08771      33
    -0.35311    -0.07106     0.08770      34
    -0.34358    -0.07429     0.08770      35
    -0.33371    -0.07625     0.08770      36
    -0.32367    -0.07691     0.08770      37
    -0.31363    -0.07625     0.08770      38
    -0.30377    -0.07429     0.08770      39
    -0.29424    -0.07106     0.08770      40
    -0.28521    -0.06661     0.08770      41
    -0.27685    -0.06102     0.08771      42
    -0.26928    -0.05439     0.08771      43
    -0.26264    -0.04683     0.08772      44
    -0.25705    -0.03847     0.08772      45
    -0.25259    -0.02944     0.08773      46
    -0.24935    -0.01991     0.08773      47
    -0.24739    -0.01004     0.08774      48
    -0.40550    -0.01077     0.08253      26
    -0.40339    -0.02136     0.08253      27
    -0.39992    -0.03158     0.08253      28
    -0.39514    -0.04126     0.08252      29
    -0.38914    -0.05023     0.08252      30
    -0.38202    -0.05834     0.08251      31
    -0.37390    -0.06546     0.08250      32
    -0.36492    -0.07145     0.08250      33
    -0.35524    -0.07621     0.08249      34
    -0.34502    -0.07968     0.08249      35
    -0.33444    -0.08178     0.08249      36
    -0.32367    -0.08248     0.08248      37
    -0.31291    -0.08178     0.08248      38
    -0.30232    -0.07967     0.08249      39
    -0.29210    -0.07621     0.08249      40
    -0.28243    -0.07144     0.08249      41
    -0.27345    -0.06545     0.08250      42
    -0.26533    -0.05834     0.08250      43
    -0.25821    -0.05023     0.08251      44
    -0.25221    -0.04126     0.08252      45
    -0.24743    -0.03158     0.08252      46
    -0.24396    -0.02136     0.08253      47
    -0.24185    -0.01077     0.08253      48
    -0.41069    -0.01146     0.07697      26
    -0.40844    -0.02271     0.07697      27
    -0.40475    -0.03358     0.07696      28
    -0.39967    -0.04388     0.07696      29
    -0.39329    -0.05342     0.07695      30
    -0.38571    -0.06204     0.07695      31
    -0.37708    -0.06960     0.07694      32
    -0.36753    -0.07597     0.07693      33
    -0.35724    -0.08104     0.07693      34
    -0.34637    -0.08473     0.07692      35
    -0.33512    -0.08696     0.07692      36
    -0.32367    -0.08771     0.07692      37
    -0.31222    -0.08696     0.07692      38
    -0.30097    -0.08472     0.07692      39
    -0.29010    -0.08104     0.07692      40
    -0.27981    -0.07597     0.07693      41
    -0.27027    -0.06960     0.07693      42
    -0.26163    -0.06204     0.07694      43
    -0.25406    -0.05341     0.07695      44
    -0.24768    -0.04387     0.07695      45
    -0.24260    -0.03358     0.07696      46
    -0.23890    -0.02271     0.07696      47
    -0.23666    -0.01146     0.07697      48
    -0.41550    -0.01209     0.07107      26
    -0.41314    -0.02397     0.07107      27
    -0.40924    -0.03544     0.07107      28
    -0.40387    -0.04631     0.07106      29
    -0.39714    -0.05637     0.07106      30
    -0.38915    -0.06547     0.07105      31
    -0.38003    -0.07345     0.07104      32
    -0.36996    -0.08018     0.07104      33
    -0.35910    -0.08553     0.07103      34
    -0.34763    -0.08941     0.07103      35
    -0.33575    -0.09177     0.07102      36
    -0.32367    -0.09256     0.07102      37
    -0.31159    -0.09177     0.07102      38
    -0.29971    -0.08941     0.07102      39
    -0.28825    -0.08552     0.07103      40
    -0.27739    -0.08017     0.07103      41
    -0.26731    -0.07345     0.07104      42
    -0.25820    -0.06547     0.07105      43
    -0.25021    -0.05637     0.07105      44
    -0.24347    -0.04630     0.07106      45
    -0.23811    -0.03544     0.07107      46
    -0.23421    -0.02397     0.07107      47
    -0.23184    -0.01209     0.07107      48
    -0.41993    -0.01267     0.06487      26
    -0.41745    -0.02513     0.06487      27
    -0.41336    -0.03715     0.06487      28
    -0.40774    -0.04854     0.06486      29
    -0.40068    -0.05909     0.06486      30
    -0.39230    -0.06863     0.06485      31
    -0.38275    -0.07699     0.06484      32
    -0.37219    -0.08404     0.06484      33
    -0.36080    -0.08964     0.06483      34
    -0.34878    -0.09371     0.06483      35
    -0.33633    -0.09619     0.06482      36
    -0.32367    -0.09701     0.06482      37
    -0.31101    -0.09618     0.06482      38
    -0.29856    -0.09371     0.06482      39
    -0.28654    -0.08964     0.06483      40
    -0.27516    -0.08403     0.06483      41
    -0.26460    -0.07698     0.06484      42
    -0.25505    -0.06862     0.06484      43
    -0.24667    -0.05909     0.06485      44
    -0.23961    -0.04853     0.06486      45
    -0.23398    -0.03715     0.06487      46
    -0.22989    -0.02513     0.06487      47
    -0.22741    -0.01267     0.06487      48
    -0.42394    -0.01320     0.05839      26
    -0.42136    -0.02617     0.05839      27
    -0.41710    -0.03870     0.05838      28
    -0.41124    -0.05056     0.05838      29
    -0.40389    -0.06155     0.05837      30
    -0.39516    -0.07149     0.05837      31
    -0.38521    -0.08020     0.05836      32
    -0.37421    -0.08754     0.05836      33
    -0.36235    -0.09337     0.05835      34
    -0.34983    -0.09762     0.05835      35
    -0.33686    -0.10019     0.05834      36
    -0.32367    -0.10105     0.05834      37
    -0.31048    -0.10019     0.05834      38
    -0.29752    -0.09761     0.05834      39
    -0.28500    -0.09337     0.05835      40
    -0.27314    -0.08753     0.05835      41
    -0.26214    -0.08019     0.05836      42
    -0.25219    -0.07148     0.05837      43
    -0.24346    -0.06155     0.05837      44
    -0.23610    -0.05056     0.05838      45
    -0.23024    -0.03870     0.05839      46
    -0.22598    -0.02618     0.05839      47
    -0.22340    -0.01320     0.05839      48
    -0.42752    -0.01367     0.05166      26
    -0.42485    -0.02711     0.05165      27
    -0.42044    -0.04008     0.05165      28
    -0.41437    -0.05236     0.05165      29
    -0.40675    -0.06375     0.05164      30
    -0.39771    -0.07404     0.05164      31
    -0.38741    -0.08306     0.05163      32
    -0.37601    -0.09066     0.05163      33
    -0.36373    -0.09671     0.05162      34
    -0.35076    -0.10110     0.05162      35
    -0.33733    -0.10377     0.05161      36
    -0.32367    -0.10466     0.05161      37
    -0.31001    -0.10376     0.05161      38
    -0.29658    -0.10110     0.05161      39
    -0.28362    -0.09670     0.05162      40
    -0.27133    -0.09065     0.05162      41
    -0.25994    -0.08306     0.05163      42
    -0.24964    -0.07404     0.05163      43
    -0.24059    -0.06375     0.05164      44
    -0.23297    -0.05236     0.05165      45
    -0.22690    -0.04008     0.05165      46
    -0.22249    -0.02711     0.05166      47
    -0.21981    -0.01367     0.05166      48
    -0.43066    -0.01409     0.04470      26
    -0.42790    -0.02793     0.04470      27
    -0.42336    -0.04129     0.04469      28
    -0.41711    -0.05395     0.04469      29
    -0.40926    -0.06567     0.04469      30
    -0.39995    -0.07628     0.04468      31
    -0.38933    -0.08557     0.04468      32
    -0.37759    -0.09340     0.04467      33
    -0.36494    -0.09963     0.04467      34
    -0.35158    -0.10415     0.04466      35
    -0.33774    -0.10690     0.04466      36
    -0.32367    -0.10782     0.04466      37
    -0.30960    -0.10689     0.04466      38
    -0.29577    -0.10415     0.04466      39
    -0.28241    -0.09962     0.04466      40
    -0.26975    -0.09339     0.04467      41
    -0.25802    -0.08556     0.04467      42
    -0.24740    -0.07627     0.04468      43
    -0.23808    -0.06567     0.04469      44
    -0.23023    -0.05395     0.04469      45
    -0.22398    -0.04129     0.04470      46
    -0.21943    -0.02793     0.04470      47
    -0.21667    -0.01409     0.04470      48
    -0.43334    -0.01444     0.03755      26
    -0.43051    -0.02863     0.03755      27
    -0.42586    -0.04233     0.03755      28
    -0.41945    -0.05530     0.03754      29
    -0.41140    -0.06732     0.03754      30
    -0.40186    -0.07818     0.03753      31
    -0.39097    -0.08771     0.03753      32
    -0.37894    -0.09573     0.03752      33
    -0.36597    -0.10212     0.03752      34
    -0.35228    -0.10676     0.03752      35
    -0.33810    -0.10957     0.03751      36
    -0.32367    -0.11051     0.03751      37
    -0.30925    -0.10957     0.03751      38
    -0.29507    -0.10675     0.03751      39
    -0.28138    -0.10211     0.03752      40
    -0.26840    -0.09573     0.03752      41
    -0.25637    -0.08770     0.03753      42
    -0.24549    -0.07818     0.03753      43
    -0.23594    -0.06732     0.03754      44
    -0.22789    -0.05530     0.03754      45
    -0.22148    -0.04233     0.03755      46
    -0.21682    -0.02863     0.03755      47
    -0.21399    -0.01444     0.03755      48
    -0.43555    -0.01473     0.03024      26
    -0.43267    -0.02920     0.03024      27
    -0.42791    -0.04318     0.03023      28
    -0.42138    -0.05641     0.03023      29
    -0.41317    -0.06867     0.03023      30
    -0.40343    -0.07976     0.03022      31
    -0.39233    -0.08947     0.03022      32
    -0.38005    -0.09766     0.03022      33
    -0.36682    -0.10417     0.03021      34
    -0.35285    -0.10890     0.03021      35
    -0.33839    -0.11177     0.03021      36
    -0.32367    -0.11273     0.03021      37
    -0.30896    -0.11177     0.03021      38
    -0.29449    -0.10890     0.03021      39
    -0.28053    -0.10416     0.03021      40
    -0.26729    -0.09765     0.03021      41
    -0.25502    -0.08947     0.03022      42
    -0.24392    -0.07975     0.03022      43
    -0.23418    -0.06867     0.03023      44
    -0.22596    -0.05641     0.03023      45
    -0.21942    -0.04318     0.03024      46
    -0.21466    -0.02921     0.03024      47
    -0.21178    -0.01473     0.03024      48
    -0.43728    -0.01496     0.02279      26
    -0.43435    -0.02966     0.02279      27
    -0.42952    -0.04385     0.02279      28
    -0.42289    -0.05728     0.02279      29
    -0.41455    -0.06973     0.02279      30
    -0.40466    -0.08099     0.02278      31
    -0.39339    -0.09086     0.02278      32
    -0.38092    -0.09917     0.02278      33
    -0.36749    -0.10578     0.02277      34
    -0.35330    -0.11058     0.02277      35
    -0.33861    -0.11350     0.02277      36
    -0.32367    -0.11447     0.02277      37
    -0.30873    -0.11349     0.02277      38
    -0.29404    -0.11058     0.02277      39
    -0.27986    -0.10577     0.02277      40
    -0.26642    -0.09916     0.02277      41
    -0.25396    -0.09085     0.02278      42
    -0.24269    -0.08099     0.02278      43
    -0.23279    -0.06973     0.02279      44
    -0.22445    -0.05728     0.02279      45
    -0.21781    -0.04385     0.02279      46
    -0.21298    -0.02966     0.02279      47
    -0.21005    -0.01496     0.02280      48
    -0.43852    -0.01512     0.01525      26
    -0.43556    -0.02998     0.01525      27
    -0.43068    -0.04432     0.01525      28
    -0.42397    -0.05791     0.01525      29
    -0.41554    -0.07049     0.01525      30
    -0.40554    -0.08187     0.01524      31
    -0.39415    -0.09185     0.01524      32
    -0.38155    -0.10025     0.01524      33
    -0.36796    -0.10693     0.01524      34
    -0.35362    -0.11179     0.01524      35
    -0.33878    -0.11473     0.01524      36
    -0.32367    -0.11572     0.01523      37
    -0.30857    -0.11473     0.01523      38
    -0.29372    -0.11178     0.01524      39
    -0.27938    -0.10692     0.01524      40
    -0.26580    -0.10024     0.01524      41
    -0.25320    -0.09184     0.01524      42
    -0.24180    -0.08187     0.01524      43
    -0.23180    -0.07049     0.01525      44
    -0.22337    -0.05791     0.01525      45
    -0.21665    -0.04433     0.01525      46
    -0.21177    -0.02998     0.01525      47
    -0.20881    -0.01512     0.01525      48
    -0.43926    -0.01522     0.00764      26
    -0.43628    -0.03017     0.00764      27
    -0.43137    -0.04461     0.00764      28
    -0.42462    -0.05828     0.00764      29
    -0.41614    -0.07095     0.00764      30
    -0.40607    -0.08240     0.00764      31
    -0.39460    -0.09244     0.00764      32
    -0.38192    -0.10090     0.00764      33
    -0.36825    -0.10762     0.00764      34
    -0.35382    -0.11251     0.00763      35
    -0.33887    -0.11548     0.00763      36
    -0.32367    -0.11647     0.00763      37
    -0.30847    -0.11547     0.00763      38
    -0.29353    -0.11250     0.00763      39
    -0.27910    -0.10762     0.00763      40
    -0.26542    -0.10089     0.00764      41
    -0.25274    -0.09244     0.00764      42
    -0.24127    -0.08240     0.00764      43
    -0.23120    -0.07095     0.00764      44
    -0.22272    -0.05829     0.00764      45
    -0.21596    -0.04462     0.00764      46
    -0.21104    -0.03018     0.00764      47
    -0.20806    -0.01522     0.00764      48
    -0.20681     0.00000     0.00000       1
    -0.43951    -0.01525     0.00000      26
    -0.43653    -0.03024     0.00000      27
    -0.43161    -0.04471     0.00000      28
    -0.42484    -0.05841     0.00000      29
    -0.41634    -0.07110     0.00000      30
    -0.40625    -0.08258     0.00000      31
    -0.39476    -0.09264     0.00000      32
    -0.38205    -0.10111     0.00000      33
    -0.36835    -0.10786     0.00000      34
    -0.35388    -0.11275     0.00000      35
    -0.33891    -0.11572     0.00000      36
    -0.32367    -0.11672     0.00000      37
    -0.30844    -0.11572     0.00000      38
    -0.29346    -0.11275     0.00000      39
    -0.27900    -0.10785     0.00000      40
    -0.26530    -0.10111     0.00000      41
    -0.25259    -0.09264     0.00000      42
    -0.24109    -0.08258     0.00000      43
    -0.23101    -0.07111     0.00000      44
    -0.22250    -0.05841     0.00000      45
    -0.21573    -0.04471     0.00000      46
    -0.21080    -0.03024     0.00000      47
    -0.20781    -0.01525     0.00000      48
    -0.20681    -0.00000     0.00000      49
    -0.20706     0.00000    -0.00764       1
    -0.44026     0.00000    -0.00764      25
    -0.43926    -0.01522    -0.00764      26
    -0.43628    -0.03017    -0.00764      27
    -0.43137    -0.04461    -0.00764      28
    -0.42462    -0.05828    -0.00764      29
    -0.41614    -0.07095    -0.00764      30
    -0.40607    -0.08240    -0.00764      31
    -0.39460    -0.09244    -0.00764      32
    -0.38192    -0.10090    -0.00764      33
    -0.36825    -0.10762    -0.00764      34
    -0.35382    -0.11251    -0.00763      35
    -0.33887    -0.11548    -0.00763      36
    -0.32367    -0.11647    -0.00763      37
    -0.30847    -0.11547    -0.00763      38
    -0.29353    -0.11250    -0.00763      39
    -0.27910    -0.10762    -0.00763      40
    -0.26542    -0.10089    -0.00764      41
    -0.25274    -0.09244    -0.00764      42
    -0.24127    -0.08240    -0.00764      43
    -0.23120    -0.07095    -0.00764      44
    -0.22272    -0.05829    -0.00764      45
    -0.21596    -0.04462    -0.00764      46
    -0.21104    -0.03018    -0.00764      47
    -0.20806    -0.01522    -0.00764      48
    -0.20706    -0.00000    -0.00764      49
    -0.20781     0.00000    -0.01525       1
    -0.43951     0.00000    -0.01525      25
    -0.43852    -0.01512    -0.01525      26
    -0.43556    -0.02998    -0.01525      27
    -0.43068    -0.04432    -0.01525      28
    -0.42397    -0.05791    -0.01525      29
    -0.41554    -0.07049    -0.01525      30
    -0.40554    -0.08187    -0.01524      31
    -0.39415    -0.09185    -0.01524      32
    -0.38155    -0.10025    -0.01524      33
    -0.36796    -0.10693    -0.01524      34
    -0.35362    -0.11179    -0.01524      35
    -0.33878    -0.11473    -0.01524      36
    -0.32367    -0.11572    -0.01523      37
    -0.30857    -0.11473    -0.01523      38
    -0.29372    -0.11178    -0.01524      39
    -0.27938    -0.10692    -0.01524      40
    -0.26580    -0.10024    -0.01524      41
    -0.25320    -0.09184    -0.01524      42
    -0.24180    -0.08187    -0.01524      43
    -0.23180    -0.07049    -0.01525      44
    -0.22337    -0.05791    -0.01525      45
    -0.21665    -0.04433    -0.01525      46
    -0.21177    -0.02998    -0.01525      47
    -0.20881    -0.01512    -0.01525      48
    -0.20781    -0.00000    -0.01525      49
    -0.20906     0.00000    -0.02280       1
    -0.43826     0.00000    -0.02279      25
    -0.43728    -0.01496    -0.02279      26
    -0.43435    -0.02966    -0.02279      27
    -0.42952    -0.04385    -0.02279      28
    -0.42289    -0.05728    -0.02279      29
    -0.41455    -0.06973    -0.02279      30
    -0.40466    -0.08099    -0.02278      31
    -0.39339    -0.09086    -0.02278      32
    -0.38092    -0.09917    -0.02278      33
    -0.36749    -0.10578    -0.02277      34
    -0.35330    -0.11058    -0.02277      35
    -0.33861    -0.11350    -0.02277      36
    -0.32367    -0.11447    -0.02277      37
    -0.30873    -0.11349    -0.02277      38
    -0.29404    -0.11058    -0.02277      39
    -0.27986    -0.10577    -0.02277      40
    -0.26642    -0.09916    -0.02277      41
    -0.25396    -0.09085    -0.02278      42
    -0.24269    -0.08099    -0.02278      43
    -0.23279    -0.06973    -0.02279      44
    -0.22445    -0.05728    -0.02279      45
    -0.21781    -0.04385    -0.02279      46
    -0.21298    -0.02966    -0.02279      47
    -0.21005    -0.01496    -0.02280      48
    -0.20906    -0.00000    -0.02280      49
    -0.21081     0.00000    -0.03024       1
    -0.43652     0.00000    -0.03024      25
    -0.43555    -0.01473    -0.03024      26
    -0.43267    -0.02920    -0.03024      27
    -0.42791    -0.04318    -0.03023      28
    -0.42138    -0.05641    -0.03023      29
    -0.41317    -0.06867    -0.03023      30
    -0.40343    -0.07976    -0.03022      31
    -0.39233    -0.08947    -0.03022      32
    -0.38005    -0.09766    -0.03022      33
    -0.36682    -0.10417    -0.03021      34
    -0.35285    -0.10890    -0.03021      35
    -0.33839    -0.11177    -0.03021      36
    -0.32367    -0.11273    -0.03021      37
    -0.30896    -0.11177    -0.03021      38
    -0.29449    -0.10890    -0.03021      39
    -0.28053    -0.10416    -0.03021      40
    -0.26729    -0.09765    -0.03021      41
    -0.25502    -0.08947    -0.03022      42
    -0.24392    -0.07975    -0.03022      43
    -0.23418    -0.06867    -0.03023      44
    -0.22596    -0.05641    -0.03023      45
    -0.21942    -0.04318    -0.03024      46
    -0.21466    -0.02921    -0.03024      47
    -0.21178    -0.01473    -0.03024      48
    -0.21081    -0.00000    -0.03024      49
    -0.21304     0.00000    -0.03755       1
    -0.43429     0.00000    -0.03755      25
    -0.43334    -0.01444    -0.03755      26
    -0.43051    -0.02863    -0.03755      27
    -0.42586    -0.04233    -0.03755      28
    -0.41945    -0.05530    -0.03754      29
    -0.41140    -0.06732    -0.03754      30
    -0.40186    -0.07818    -0.03753      31
    -0.39097    -0.08771    -0.03753      32
    -0.37894    -0.09573    -0.03752      33
    -0.36597    -0.10212    -0.03752      34
    -0.35228    -0.10676    -0.03752      35
    -0.33810    -0.10957    -0.03751      36
    -0.32367    -0.11051    -0.03751      37
    -0.30925    -0.10957    -0.03751      38
    -0.29507    -0.10675    -0.03751      39
    -0.28138    -0.10211    -0.03752      40
    -0.26840    -0.09573    -0.03752      41
    -0.25637    -0.08770    -0.03753      42
    -0.24549    -0.07818    -0.03753      43
    -0.23594    -0.06732    -0.03754      44
    -0.22789    -0.05530    -0.03754      45
    -0.22148    -0.04233    -0.03755      46
    -0.21682    -0.02863    -0.03755      47
    -0.21399    -0.01444    -0.03755      48
    -0.21304    -0.00000    -0.03755      49
    -0.21574     0.00000    -0.04470       1
    -0.43159     0.00000    -0.04470      25
    -0.43066    -0.01409    -0.04470      26
    -0.42790    -0.02793    -0.04470      27
    -0.42336    -0.04129    -0.04469      28
    -0.41711    -0.05395    -0.04469      29
    -0.40926    -0.06567    -0.04469      30
    -0.39995    -0.07628    -0.04468      31
    -0.38933    -0.08557    -0.04468      32
    -0.37759    -0.09340    -0.04467      33
    -0.36494    -0.09963    -0.04467      34
    -0.35158    -0.10415    -0.04466      35
    -0.33774    -0.10690    -0.04466      36
    -0.32367    -0.10782    -0.04466      37
    -0.30960    -0.10689    -0.04466      38
    -0.29577    -0.10415    -0.04466      39
    -0.28241    -0.09962    -0.04466      40
    -0.26975    -0.09339    -0.04467      41
    -0.25802    -0.08556    -0.04467      42
    -0.24740    -0.07627    -0.04468      43
    -0.23808    -0.06567    -0.04469      44
    -0.23023    -0.05395    -0.04469      45
    -0.22398    -0.04129    -0.04470      46
    -0.21943    -0.02793    -0.04470      47
    -0.21667    -0.01409    -0.04470      48
    -0.21574    -0.00000    -0.04470      49
    -0.21891     0.00000    -0.05166       1
    -0.42842     0.00000    -0.05166      25
    -0.42752    -0.01367    -0.05166      26
    -0.42485    -0.02711    -0.05165      27
    -0.42044    -0.04008    -0.05165      28
    -0.41437    -0.05236    -0.05165      29
    -0.40675    -0.06375    -0.05164      30
    -0.39771    -0.07404    -0.05164      31
    -0.38741    -0.08306    -0.05163      32
    -0.37601    -0.09066    -0.05163      33
    -0.36373    -0.09671    -0.05162      34
    -0.35076    -0.10110    -0.05162      35
    -0.33733    -0.10377    -0.05161      36
    -0.32367    -0.10466    -0.05161      37
    -0.31001    -0.10376    -0.05161      38
    -0.29658    -0.10110    -0.05161      39
    -0.28362    -0.09670    -0.05162      40
    -0.27133    -0.09065    -0.05162      41
    -0.25994    -0.08306    -0.05163      42
    -0.24964    -0.07404    -0.05163      43
    -0.24059    -0.06375    -0.05164      44
    -0.23297    -0.05236    -0.05165      45
    -0.22690    -0.04008    -0.05165      46
    -0.22249    -0.02711    -0.05166      47
    -0.21981    -0.01367    -0.05166      48
    -0.21891    -0.00000    -0.05166      49
    -0.22253     0.00000    -0.05839       1
    -0.42481     0.00000    -0.05839      25
    -0.42394    -0.01320    -0.05839      26
    -0.42136    -0.02617    -0.05839      27
    -0.41710    -0.03870    -0.05838      28
    -0.41124    -0.05056    -0.05838      29
    -0.40389    -0.06155    -0.05837      30
    -0.39516    -0.07149    -0.05837      31
    -0.38521    -0.08020    -0.05836      32
    -0.37421    -0.08754    -0.05836      33
    -0.36235    -0.09337    -0.05835      34
    -0.34983    -0.09762    -0.05835      35
    -0.33686    -0.10019    -0.05834      36
    -0.32367    -0.10105    -0.05834      37
    -0.31048    -0.10019    -0.05834      38
    -0.29752    -0.09761    -0.05834      39
    -0.28500    -0.09337    -0.05835      40
    -0.27314    -0.08753    -0.05835      41
    -0.26214    -0.08019    -0.05836      42
    -0.25219    -0.07148    -0.05837      43
    -0.24346    -0.06155    -0.05837      44
    -0.23610    -0.05056    -0.05838      45
    -0.23024    -0.03870    -0.05839      46
    -0.22598    -0.02618    -0.05839      47
    -0.22340    -0.01320    -0.05839      48
    -0.22253    -0.00000    -0.05839      49
    -0.22658     0.00000    -0.06487       1
    -0.42076     0.00000    -0.06487      25
    -0.41993    -0.01267    -0.06487      26
    -0.41745    -0.02513    -0.06487      27
    -0.41336    -0.03715    -0.06487      28
    -0.40774    -0.04854    -0.06486      29
    -0.40068    -0.05909    -0.06486      30
    -0.39230    -0.06863    -0.06485      31
    -0.38275    -0.07699    -0.06484      32
    -0.37219    -0.08404    -0.06484      33
    -0.36080    -0.08964    -0.06483      34
    -0.34878    -0.09371    -0.06483      35
    -0.33633    -0.09619    -0.06482      36
    -0.32367    -0.09701    -0.06482      37
    -0.31101    -0.09618    -0.06482      38
    -0.29856    -0.09371    -0.06482      39
    -0.28654    -0.08964    -0.06483      40
    -0.27516    -0.08403    -0.06483      41
    -0.26460    -0.07698    -0.06484      42
    -0.25505    -0.06862    -0.06484      43
    -0.24667    -0.05909    -0.06485      44
    -0.23961    -0.04853    -0.06486      45
    -0.23398    -0.03715    -0.06487      46
    -0.22989    -0.02513    -0.06487      47
    -0.22741    -0.01267    -0.06487      48
    -0.22658    -0.00000    -0.06487      49
    -0.23105     0.00000    -0.07107       1
    -0.41630     0.00000    -0.07107      25
    -0.41550    -0.01209    -0.07107      26
    -0.41314    -0.02397    -0.07107      27
    -0.40924    -0.03544    -0.07107      28
    -0.40387    -0.04631    -0.07106      29
    -0.39714    -0.05637    -0.07106      30
    -0.38915    -0.06547    -0.07105      31
    -0.38003    -0.07345    -0.07104      32
    -0.36996    -0.08018    -0.07104      33
    -0.35910    -0.08553    -0.07103      34
    -0.34763    -0.08941    -0.07103      35
    -0.33575    -0.09177    -0.07102      36
    -0.32367    -0.09256    -0.07102      37
    -0.31159    -0.09177    -0.07102      38
    -0.29971    -0.08941    -0.07102      39
    -0.28825    -0.08552    -0.07103      40
    -0.27739    -0.08017    -0.07103      41
    -0.26731    -0.07345    -0.07104      42
    -0.25820    -0.06547    -0.07105      43
    -0.25021    -0.05637    -0.07105      44
    -0.24347    -0.04630    -0.07106      45
    -0.23811    -0.03544    -0.07107      46
    -0.23421    -0.02397    -0.07107      47
    -0.23184    -0.01209    -0.07107      48
    -0.23105    -0.00000    -0.07107      49
    -0.23591     0.00000    -0.07697       1
    -0.41144     0.00000    -0.07697      25
    -0.41069    -0.01146    -0.07697      26
    -0.40844    -0.02271    -0.07697      27
    -0.40475    -0.03358    -0.07696      28
    -0.39967    -0.04388    -0.07696      29
    -0.39329    -0.05342    -0.07695      30
    -0.38571    -0.06204    -0.07695      31
    -0.37708    -0.06960    -0.07694      32
    -0.36753    -0.07597    -0.07693      33
    -0.35724    -0.08104    -0.07693      34
    -0.34637    -0.08473    -0.07692      35
    -0.33512    -0.08696    -0.07692      36
    -0.32367    -0.08771    -0.07692      37
    -0.31222    -0.08696    -0.07692      38
    -0.30097    -0.08472    -0.07692      39
    -0.29010    -0.08104    -0.07692      40
    -0.27981    -0.07597    -0.07693      41
    -0.27027    -0.06960    -0.07693      42
    -0.26163    -0.06204    -0.07694      43
    -0.25406    -0.05341    -0.07695      44
    -0.24768    -0.04387    -0.07695      45
    -0.24260    -0.03358    -0.07696      46
    -0.23890    -0.02271    -0.07696      47
    -0.23666    -0.01146    -0.07697      48
    -0.23591    -0.00000    -0.07697      49
    -0.24114     0.00000    -0.08253       1
    -0.40620     0.00000    -0.08253      25
    -0.40550    -0.01077    -0.08253      26
    -0.40339    -0.02136    -0.08253      27
    -0.39992    -0.03158    -0.08253      28
    -0.39514    -0.04126    -0.08252      29
    -0.38914    -0.05023    -0.08252      30
    -0.38202    -0.05834    -0.08251      31
    -0.37390    -0.06546    -0.08250      32
    -0.36492    -0.07145    -0.08250      33
    -0.35524    -0.07621    -0.08249      34
    -0.34502    -0.07968    -0.08249      35
    -0.33444    -0.08178    -0.08249      36
    -0.32367    -0.08248    -0.08248      37
    -0.31291    -0.08178    -0.08248      38
    -0.30232    -0.07967    -0.08249      39
    -0.29210    -0.07621    -0.08249      40
    -0.28243    -0.07144    -0.08249      41
    -0.27345    -0.06545    -0.08250      42
    -0.26533    -0.05834    -0.08250      43
    -0.25821    -0.05023    -0.08251      44
    -0.25221    -0.04126    -0.08252      45
    -0.24743    -0.03158    -0.08252      46
    -0.24396    -0.02136    -0.08253      47
    -0.24185    -0.01077    -0.08253      48
    -0.24114    -0.00000    -0.08253      49
    -0.24673     0.00000    -0.08774       1
    -0.40062     0.00000    -0.08774      25
    -0.39996    -0.01004    -0.08774      26
    -0.39799    -0.01991    -0.08774      27
    -0.39476    -0.02944    -0.08773      28
    -0.39030    -0.03847    -0.08773      29
    -0.38471    -0.04683    -0.08773      30
    -0.37807    -0.05440    -0.08772      31
    -0.37050    -0.06103    -0.08771      32
    -0.36213    -0.06661    -0.08771      33
    -0.35311    -0.07106    -0.08770      34
    -0.34358    -0.07429    -0.08770      35
    -0.33371    -0.07625    -0.08770      36
    -0.32367    -0.07691    -0.08770      37
    -0.31363    -0.07625    -0.08770      38
    -0.30377    -0.07429    -0.08770      39
    -0.29424    -0.07106    -0.08770      40
    -0.28521    -0.06661    -0.08770      41
    -0.27685    -0.06102    -0.08771      42
    -0.26928    -0.05439    -0.08771      43
    -0.26264    -0.04683    -0.08772      44
    -0.25705    -0.03847    -0.08772      45
    -0.25259    -0.02944    -0.08773      46
    -0.24935    -0.01991    -0.08773      47
    -0.24739    -0.01004    -0.08774      48
    -0.24673    -0.00000    -0.08774      49
    -0.25264     0.00000    -0.09257       1
    -0.39470     0.00000    -0.09257      25
    -0.39410    -0.00927    -0.09257      26
    -0.39228    -0.01838    -0.09257      27
    -0.38929    -0.02718    -0.09257      28
    -0.38518    -0.03551    -0.09256      29
    -0.38002    -0.04324    -0.09256      30
    -0.37389    -0.05022    -0.09255      31
    -0.36690    -0.05634    -0.09255      32
    -0.35918    -0.06150    -0.09254      33
    -0.35084    -0.06560    -0.09254      34
    -0.34205    -0.06859    -0.09254      35
    -0.33294    -0.07040    -0.09253      36
    -0.32367    -0.07100    -0.09253      37
    -0.31440    -0.07039    -0.09253      38
    -0.30529    -0.06858    -0.09253      39
    -0.29650    -0.06560    -0.09253      40
    -0.28817    -0.06149    -0.09254      41
    -0.28044    -0.05634    -0.09254      42
    -0.27346    -0.05021    -0.09255      43
    -0.26733    -0.04323    -0.09255      44
    -0.26217    -0.03551    -0.09256      45
    -0.25805    -0.02718    -0.09256      46
    -0.25507    -0.01838    -0.09256      47
    -0.25325    -0.00927    -0.09257      48
    -0.25264    -0.00000    -0.09257      49
    -0.25886     0.00000    -0.09700       1
    -0.25941     0.00846    -0.09700       2
    -0.38849     0.00000    -0.09701      25
    -0.38793    -0.00846    -0.09701      26
    -0.38628    -0.01678    -0.09700      27
    -0.38355    -0.02480    -0.09700      28
    -0.37980    -0.03241    -0.09700      29
    -0.37509    -0.03945    -0.09699      30
    -0.36950    -0.04583    -0.09699      31
    -0.36312    -0.05141    -0.09699      32
    -0.35607    -0.05612    -0.09698      33
    -0.34847    -0.05987    -0.09698      34
    -0.34044    -0.06259    -0.09697      35
    -0.33213    -0.06424    -0.09697      36
    -0.32367    -0.06479    -0.09697      37
    -0.31521    -0.06424    -0.09697      38
    -0.30690    -0.06259    -0.09697      39
    -0.29888    -0.05986    -0.09697      40
    -0.29127    -0.05612    -0.09697      41
    -0.28422    -0.05141    -0.09698      42
    -0.27785    -0.04582    -0.09698      43
    -0.27226    -0.03945    -0.09699      44
    -0.26755    -0.03240    -0.09699      45
    -0.26380    -0.02480    -0.09699      46
    -0.26107    -0.01677    -0.09700      47
    -0.25941    -0.00846    -0.09700      48
    -0.25886    -0.00000    -0.09700      49
    -0.26535     0.00000    -0.10102       1
    -0.26585     0.00761    -0.10102       2
    -0.38150     0.00761    -0.10102      24
    -0.38200     0.00000    -0.10102      25
    -0.38150    -0.00761    -0.10102      26
    -0.38001    -0.01510    -0.10102      27
    -0.37756    -0.02232    -0.10102      28
    -0.37418    -0.02916    -0.10102      29
    -0.36994    -0.03550    -0.10101      30
    -0.36491    -0.04124    -0.10101      31
    -0.35917    -0.04627    -0.10101      32
    -0.35283    -0.05050    -0.10100      33
    -0.34599    -0.05387    -0.10100      34
    -0.33876    -0.05632    -0.10100      35
    -0.33128    -0.05781    -0.10099      36
    -0.32367    -0.05831    -0.10099      37
    -0.31606    -0.05781    -0.10099      38
    -0.30858    -0.05632    -0.10099      39
    -0.30136    -0.05387    -0.10099      40
    -0.29452    -0.05050    -0.10100      41
    -0.28817    -0.04626    -0.10100      42
    -0.28244    -0.04123    -0.10100      43
    -0.27741    -0.03550    -0.10101      44
    -0.27317    -0.02916    -0.10101      45
    -0.26979    -0.02232    -0.10101      46
    -0.26734    -0.01509    -0.10101      47
    -0.26585    -0.00761    -0.10102      48
    -0.26535    -0.00000    -0.10102      49
    -0.27209     0.00000    -0.10460       1
    -0.27253     0.00673    -0.10460       2
    -0.37482     0.00673    -0.10461      24
    -0.37526     0.00000    -0.10461      25
    -0.37482    -0.00673    -0.10461      26
    -0.37350    -0.01335    -0.10461      27
    -0.37133    -0.01974    -0.10461      28
    -0.36835    -0.02579    -0.10460      29
    -0.36460    -0.03140    -0.10460      30
    -0.36015    -0.03647    -0.10460      31
    -0.35507    -0.04092    -0.10459      32
    -0.34946    -0.04467    -0.10459      33
    -0.34341    -0.04765    -0.10459      34
    -0.33702    -0.04982    -0.10459      35
    -0.33040    -0.05113    -0.10458      36
    -0.32367    -0.05157    -0.10458      37
    -0.31694    -0.05113    -0.10458      38
    -0.31032    -0.04982    -0.10458      39
    -0.30393    -0.04765    -0.10458      40
    -0.29788    -0.04467    -0.10459      41
    -0.29227    -0.04092    -0.10459      42
    -0.28720    -0.03647    -0.10459      43
    -0.28275    -0.03140    -0.10459      44
    -0.27900    -0.02579    -0.10460      45
    -0.27602    -0.01974    -0.10460      46
    -0.27385    -0.01335    -0.10460      47
    -0.27253    -0.00673    -0.10460      48
    -0.27209    -0.00000    -0.10460      49
    -0.27904     0.00000    -0.10774       1
    -0.27943     0.00583    -0.10774       2
    -0.36792     0.00583    -0.10775      24
    -0.36830     0.00000    -0.10775      25
    -0.36792    -0.00583    -0.10775      26
    -0.36678    -0.01155    -0.10775      27
    -0.36490    -0.01708    -0.10775      28
    -0.36232    -0.02231    -0.10774      29
    -0.35908    -0.02717    -0.10774      30
    -0.35523    -0.03156    -0.10774      31
    -0.35084    -0.03540    -0.10774      32
    -0.34598    -0.03865    -0.10773      33
    -0.34075    -0.04123    -0.10773      34
    -0.33522    -0.04310    -0.10773      35
    -0.32950    -0.04424    -0.10773      36
    -0.32367    -0.04462    -0.10773      37
    -0.31785    -0.04424    -0.10773      38
    -0.31212    -0.04310    -0.10773      39
    -0.30660    -0.04123    -0.10773      40
    -0.30136    -0.03864    -0.10773      41
    -0.29651    -0.03540    -0.10773      42
    -0.29212    -0.03155    -0.10773      43
    -0.28827    -0.02717    -0.10773      44
    -0.28502    -0.02231    -0.10774      45
    -0.28244    -0.01708    -0.10774      46
    -0.28057    -0.01155    -0.10774      47
    -0.27943    -0.00583    -0.10774      48
    -0.27904    -0.00000    -0.10774      49
    -0.28619     0.00000    -0.11042       1
    -0.28651     0.00489    -0.11042       2
    -0.28747     0.00970    -0.11042       3
    -0.36083     0.00489    -0.11042      24
    -0.36116     0.00000    -0.11042      25
    -0.36083    -0.00489    -0.11042      26
    -0.35988    -0.00970    -0.11042      27
    -0.35830    -0.01434    -0.11042      28
    -0.35613    -0.01874    -0.11042      29
    -0.35341    -0.02282    -0.11042      30
    -0.35018    -0.02650    -0.11042      31
    -0.34649    -0.02974    -0.11042      32
    -0.34241    -0.03246    -0.11041      33
    -0.33801    -0.03463    -0.11041      34
    -0.33337    -0.03620    -0.11041      35
    -0.32856    -0.03716    -0.11041      36
    -0.32367    -0.03748    -0.11041      37
    -0.31878    -0.03716    -0.11041      38
    -0.31397    -0.03620    -0.11041      39
    -0.30933    -0.03463    -0.11041      40
    -0.30493    -0.03246    -0.11041      41
    -0.30086    -0.02973    -0.11041      42
    -0.29717    -0.02650    -0.11041      43
    -0.29394    -0.02282    -0.11041      44
    -0.29121    -0.01874    -0.11041      45
    -0.28904    -0.01434    -0.11042      46
    -0.28747    -0.00970    -0.11042      47
    -0.28651    -0.00489    -0.11042      48
    -0.28619    -0.00000    -0.11042      49
    -0.29349     0.00000    -0.11262       1
    -0.29375     0.00394    -0.11262       2
    -0.29452     0.00781    -0.11262       3
    -0.35282     0.00781    -0.11263      23
    -0.35359     0.00394    -0.11263      24
    -0.35385     0.00000    -0.11263      25
    -0.35359    -0.00394    -0.11263      26
    -0.35282    -0.00781    -0.11263      27
    -0.35155    -0.01155    -0.11263      28
    -0.34981    -0.01509    -0.11263      29
    -0.34761    -0.01837    -0.11263      30
    -0.34501    -0.02134    -0.11263      31
    -0.34204    -0.02394    -0.11262      32
    -0.33876    -0.02613    -0.11262      33
    -0.33522    -0.02788    -0.11262      34
    -0.33148    -0.02915    -0.11262      35
    -0.32761    -0.02992    -0.11262      36
    -0.32367    -0.03018    -0.11262      37
    -0.31973    -0.02992    -0.11262      38
    -0.31586    -0.02915    -0.11262      39
    -0.31212    -0.02788    -0.11262      40
    -0.30858    -0.02613    -0.11262      41
    -0.30530    -0.02394    -0.11262      42
    -0.30233    -0.02134    -0.11262      43
    -0.29973    -0.01837    -0.11262      44
    -0.29754    -0.01509    -0.11262      45
    -0.29579    -0.01155    -0.11262      46
    -0.29452    -0.00781    -0.11262      47
    -0.29375    -0.00394    -0.11262      48
    -0.29349    -0.00000    -0.11262      49
    -0.30093     0.00000    -0.11435       1
    -0.30112     0.00297    -0.11435       2
    -0.30170     0.00589    -0.11435       3
    -0.30266     0.00870    -0.11435       4
    -0.34469     0.00870    -0.11435      22
    -0.34564     0.00589    -0.11435      23
    -0.34622     0.00297    -0.11435      24
    -0.34642     0.00000    -0.11435      25
    -0.34622    -0.00297    -0.11435      26
    -0.34564    -0.00589    -0.11435      27
    -0.34469    -0.00870    -0.11435      28
    -0.34337    -0.01137    -0.11435      29
    -0.34172    -0.01385    -0.11435      30
    -0.33976    -0.01608    -0.11435      31
    -0.33752    -0.01805    -0.11435      32
    -0.33504    -0.01970    -0.11435      33
    -0.33238    -0.02101    -0.11435      34
    -0.32956    -0.02197    -0.11435      35
    -0.32664    -0.02255    -0.11435      36
    -0.32367    -0.02275    -0.11435      37
    -0.32070    -0.02255    -0.11435      38
    -0.31778    -0.02197    -0.11435      39
    -0.31497    -0.02101    -0.11435      40
    -0.31230    -0.01970    -0.11435      41
    -0.30983    -0.01804    -0.11435      42
    -0.30759    -0.01608    -0.11435      43
    -0.30563    -0.01385    -0.11435      44
    -0.30397    -0.01137    -0.11435      45
    -0.30266    -0.00870    -0.11435      46
    -0.30170    -0.00589    -0.11435      47
    -0.30112    -0.00297    -0.11435      48
    -0.30093    -0.00000    -0.11435      49
    -0.30845     0.00000    -0.11559       1
    -0.30858     0.00199    -0.11559       2
    -0.30897     0.00394    -0.11559       3
    -0.30961     0.00582    -0.11559       4
    -0.31049     0.00761    -0.11559       5
    -0.31160     0.00926    -0.11559       6
    -0.33574     0.00926    -0.11559      20
    -0.33685     0.00761    -0.11559      21
    -0.33773     0.00582    -0.11559      22
    -0.33837     0.00394    -0.11559      23
    -0.33876     0.00199    -0.11559      24
    -0.33889     0.00000    -0.11559      25
    -0.33876    -0.00199    -0.11559      26
    -0.33837    -0.00394    -0.11559      27
    -0.33773    -0.00582    -0.11559      28
    -0.33685    -0.00761    -0.11559      29
    -0.33574    -0.00926    -0.11559      30
    -0.33443    -0.01076    -0.11559      31
    -0.33294    -0.01207    -0.11559      32
    -0.33128    -0.01318    -0.11559      33
    -0.32949    -0.01406    -0.11559      34
    -0.32761    -0.01470    -0.11559      35
    -0.32566    -0.01509    -0.11559      36
    -0.32367    -0.01522    -0.11559      37
    -0.32169    -0.01509    -0.11559      38
    -0.31973    -0.01470    -0.11559      39
    -0.31785    -0.01406    -0.11559      40
    -0.31606    -0.01318    -0.11559      41
    -0.31441    -0.01207    -0.11559      42
    -0.31291    -0.01076    -0.11559      43
    -0.31160    -0.00926    -0.11559      44
    -0.31049    -0.00761    -0.11559      45
    -0.30961    -0.00582    -0.11559      46
    -0.30897    -0.00394    -0.11559      47
    -0.30858    -0.00199    -0.11559      48
    -0.30845    -0.00000    -0.11559      49
    -0.31605     0.00000    -0.11633       1
    -0.31611     0.00100    -0.11633       2
    -0.31631     0.00197    -0.11633       3
    -0.31663     0.00292    -0.11633       4
    -0.31707     0.00381    -0.11633       5
    -0.31762     0.00464    -0.11633       6
    -0.31828     0.00539    -0.11633       7
    -0.31903     0.00605    -0.11633       8
    -0.31986     0.00660    -0.11633       9
    -0.32075     0.00704    -0.11633      10
    -0.32170     0.00737    -0.11633      11
    -0.32268     0.00756    -0.11633      12
    -0.32367     0.00762    -0.11633      13
    -0.32467     0.00756    -0.11633      14
    -0.32564     0.00737    -0.11633      15
    -0.32659     0.00704    -0.11633      16
    -0.32748     0.00660    -0.11633      17
    -0.32831     0.00605    -0.11633      18
    -0.32906     0.00539    -0.11633      19
    -0.32972     0.00464    -0.11633      20
    -0.33027     0.00381    -0.11633      21
    -0.33072     0.00292    -0.11633      22
    -0.33104     0.00197    -0.11633      23
    -0.33123     0.00100    -0.11633      24
    -0.33130     0.00000    -0.11633      25
    -0.33123    -0.00100    -0.11633      26
    -0.33104    -0.00197    -0.11633      27
    -0.33072    -0.00292    -0.11633      28
    -0.33027    -0.00381    -0.11633      29
    -0.32972    -0.00464    -0.11633      30
    -0.32906    -0.00539    -0.11633      31
    -0.32831    -0.00605    -0.11633      32
    -0.32748    -0.00660    -0.11633      33
    -0.32659    -0.00704    -0.11633      34
    -0.32564    -0.00737    -0.11633      35
    -0.32467    -0.00756    -0.11633      36
    -0.32367    -0.00762    -0.11633      37
    -0.32268    -0.00756    -0.11633      38
    -0.32170    -0.00737    -0.11633      39
    -0.32075    -0.00704    -0.11633      40
    -0.31986    -0.00660    -0.11633      41
    -0.31903    -0.00605    -0.11633      42
    -0.31828    -0.00539    -0.11633      43
    -0.31762    -0.00464    -0.11633      44
    -0.31707    -0.00381    -0.11633      45
    -0.31663    -0.00292    -0.11633      46
    -0.31631    -0.00197    -0.11633      47
    -0.31611    -0.00100    -0.11633      48
    -0.31605    -0.00000    -0.11633      49
    -0.32367     0.00000    -0.11658       1
