     0.44051    -0.00002
     0.44051     0.00046
     0.44051     0.00094
     0.44051     0.00142
     0.44050     0.00190
     0.44049     0.00238
     0.44048     0.00286
     0.44047     0.00334
     0.44045     0.00382
     0.44043     0.00429
     0.44042     0.00477
     0.44039     0.00525
     0.44037     0.00573
     0.44035     0.00621
     0.44032     0.00669
     0.44029     0.00717
     0.44026     0.00765
     0.44023     0.00813
     0.44019     0.00861
     0.44016     0.00908
     0.44012     0.00956
     0.44008     0.01004
     0.44004     0.01052
     0.43999     0.01100
     0.43994     0.01147
     0.43990     0.01195
     0.43985     0.01243
     0.43979     0.01291
     0.43974     0.01338
     0.43968     0.01386
     0.43963     0.01434
     0.43956     0.01481
     0.43950     0.01529
     0.43944     0.01576
     0.43937     0.01624
     0.43930     0.01671
     0.43923     0.01719
     0.43916     0.01766
     0.43909     0.01814
     0.43901     0.01861
     0.43894     0.01908
     0.43886     0.01956
     0.43877     0.02003
     0.43869     0.02050
     0.43860     0.02097
     0.43852     0.02145
     0.43843     0.02192
     0.43834     0.02239
     0.43824     0.02286
     0.43815     0.02333
     0.43805     0.02380
     0.43795     0.02427
     0.43785     0.02474
     0.43775     0.02521
     0.43764     0.02567
     0.43753     0.02614
     0.43743     0.02661
     0.43731     0.02708
     0.43720     0.02754
     0.43709     0.02801
     0.43697     0.02847
     0.43685     0.02894
     0.43673     0.02940
     0.43661     0.02987
     0.43649     0.03033
     0.43636     0.03079
     0.43623     0.03126
     0.43610     0.03172
     0.43597     0.03218
     0.43584     0.03264
     0.43570     0.03310
     0.43556     0.03356
     0.43542     0.03402
     0.43528     0.03448
     0.43514     0.03494
     0.43499     0.03539
     0.43485     0.03585
     0.43470     0.03631
     0.43455     0.03676
     0.43439     0.03722
     0.43424     0.03767
     0.43408     0.03813
     0.43393     0.03858
     0.43377     0.03903
     0.43360     0.03948
     0.43344     0.03993
     0.43327     0.04038
     0.43311     0.04083
     0.43294     0.04128
     0.43277     0.04173
     0.43259     0.04218
     0.43242     0.04263
     0.43224     0.04307
     0.43206     0.04352
     0.43188     0.04396
     0.43170     0.04441
     0.43151     0.04485
     0.43133     0.04529
     0.43114     0.04573
     0.43095     0.04618
     0.43076     0.04662
     0.43057     0.04705
     0.43037     0.04749
     0.43017     0.04793
     0.42998     0.04837
     0.42978     0.04880
     0.42957     0.04924
     0.42937     0.04967
     0.42916     0.05011
     0.42896     0.05054
     0.42875     0.05097
     0.42854     0.05140
     0.42832     0.05183
     0.42811     0.05226
     0.42789     0.05269
     0.42767     0.05312
     0.42745     0.05355
     0.42723     0.05397
     0.42701     0.05440
     0.42678     0.05482
     0.42655     0.05524
     0.42633     0.05567
     0.42610     0.05609
     0.42586     0.05651
     0.42563     0.05693
     0.42539     0.05734
     0.42516     0.05776
     0.42492     0.05818
     0.42468     0.05859
     0.42443     0.05901
     0.42419     0.05942
     0.42394     0.05983
     0.42370     0.06024
     0.42345     0.06065
     0.42319     0.06106
     0.42294     0.06147
     0.42269     0.06188
     0.42243     0.06229
     0.42217     0.06269
     0.42191     0.06310
     0.42165     0.06350
     0.42139     0.06390
     0.42112     0.06430
     0.42086     0.06470
     0.42059     0.06510
     0.42032     0.06550
     0.42005     0.06589
     0.41978     0.06629
     0.41950     0.06668
     0.41923     0.06708
     0.41895     0.06747
     0.41867     0.06786
     0.41839     0.06825
     0.41811     0.06864
     0.41782     0.06903
     0.41754     0.06941
     0.41725     0.06980
     0.41696     0.07018
     0.41667     0.07056
     0.41638     0.07094
     0.41608     0.07132
     0.41579     0.07170
     0.41549     0.07208
     0.41519     0.07246
     0.41489     0.07283
     0.41459     0.07321
     0.41429     0.07358
     0.41398     0.07395
     0.41368     0.07432
     0.41337     0.07469
     0.41306     0.07506
     0.41275     0.07543
     0.41244     0.07579
     0.41213     0.07616
     0.41181     0.07652
     0.41149     0.07688
     0.41118     0.07724
     0.41086     0.07760
     0.41053     0.07796
     0.41021     0.07832
     0.40989     0.07867
     0.40956     0.07902
     0.40923     0.07938
     0.40891     0.07973
     0.40858     0.08008
     0.40824     0.08043
     0.40791     0.08077
     0.40758     0.08112
     0.40724     0.08146
     0.40690     0.08181
     0.40657     0.08215
     0.40623     0.08249
     0.40588     0.08283
     0.40554     0.08316
     0.40520     0.08350
     0.40485     0.08384
     0.40450     0.08417
     0.40415     0.08450
     0.40380     0.08483
     0.40345     0.08516
     0.40310     0.08549
     0.40275     0.08581
     0.40239     0.08614
     0.40203     0.08646
     0.40168     0.08678
     0.40132     0.08710
     0.40096     0.08742
     0.40059     0.08774
     0.40023     0.08806
     0.39987     0.08837
     0.39950     0.08868
     0.39913     0.08899
     0.39876     0.08930
     0.39839     0.08961
     0.39802     0.08992
     0.39765     0.09023
     0.39727     0.09053
     0.39690     0.09083
     0.39652     0.09113
     0.39614     0.09143
     0.39577     0.09173
     0.39539     0.09203
     0.39500     0.09232
     0.39462     0.09261
     0.39424     0.09290
     0.39385     0.09320
     0.39347     0.09348
     0.39308     0.09377
     0.39269     0.09406
     0.39230     0.09434
     0.39191     0.09462
     0.39151     0.09490
     0.39112     0.09518
     0.39072     0.09546
     0.39033     0.09574
     0.38993     0.09601
     0.38953     0.09628
     0.38913     0.09655
     0.38873     0.09682
     0.38833     0.09709
     0.38793     0.09736
     0.38752     0.09762
     0.38712     0.09788
     0.38671     0.09815
     0.38630     0.09841
     0.38589     0.09866
     0.38548     0.09892
     0.38507     0.09917
     0.38466     0.09943
     0.38424     0.09968
     0.38383     0.09993
     0.38341     0.10018
     0.38300     0.10042
     0.38258     0.10067
     0.38216     0.10091
     0.38174     0.10115
     0.38132     0.10139
     0.38090     0.10163
     0.38047     0.10187
     0.38005     0.10210
     0.37962     0.10233
     0.37919     0.10256
     0.37876     0.10279
     0.37834     0.10302
     0.37791     0.10325
     0.37747     0.10347
     0.37704     0.10369
     0.37661     0.10391
     0.37618     0.10413
     0.37574     0.10435
     0.37531     0.10457
     0.37487     0.10478
     0.37443     0.10499
     0.37399     0.10520
     0.37355     0.10541
     0.37311     0.10562
     0.37267     0.10582
     0.37222     0.10603
     0.37178     0.10623
     0.37133     0.10643
     0.37089     0.10662
     0.37044     0.10682
     0.36999     0.10701
     0.36954     0.10721
     0.36909     0.10740
     0.36864     0.10759
     0.36819     0.10777
     0.36774     0.10796
     0.36729     0.10814
     0.36683     0.10832
     0.36637     0.10850
     0.36591     0.10868
     0.36545     0.10886
     0.36499     0.10903
     0.36453     0.10921
     0.36407     0.10938
     0.36361     0.10954
     0.36314     0.10971
     0.36268     0.10988
     0.36222     0.11004
     0.36175     0.11020
     0.36128     0.11036
     0.36082     0.11052
     0.36035     0.11067
     0.35988     0.11083
     0.35941     0.11098
     0.35893     0.11113
     0.35845     0.11128
     0.35797     0.11143
     0.35749     0.11157
     0.35701     0.11172
     0.35653     0.11186
     0.35605     0.11200
     0.35557     0.11214
     0.35509     0.11227
     0.35460     0.11241
     0.35412     0.11254
     0.35364     0.11267
     0.35315     0.11279
     0.35267     0.11292
     0.35218     0.11304
     0.35168     0.11317
     0.35118     0.11329
     0.35067     0.11341
     0.35017     0.11353
     0.34966     0.11364
     0.34916     0.11376
     0.34865     0.11387
     0.34814     0.11398
     0.34764     0.11408
     0.34713     0.11419
     0.34662     0.11429
     0.34611     0.11439
     0.34561     0.11449
     0.34510     0.11459
     0.34459     0.11468
     0.34408     0.11477
     0.34351     0.11487
     0.34295     0.11497
     0.34238     0.11506
     0.34182     0.11515
     0.34125     0.11524
     0.34069     0.11532
     0.34012     0.11540
     0.33955     0.11548
     0.33898     0.11556
     0.33842     0.11563
     0.33785     0.11570
     0.33728     0.11577
     0.33671     0.11583
     0.33614     0.11590
     0.33557     0.11596
     0.33500     0.11601
     0.33476     0.11604
     0.33451     0.11606
     0.33427     0.11608
     0.33402     0.11610
     0.33378     0.11612
     0.33353     0.11615
     0.33329     0.11617
     0.33304     0.11619
     0.33280     0.11621
     0.33255     0.11622
     0.33231     0.11624
     0.33206     0.11626
     0.33182     0.11628
     0.33157     0.11629
     0.33133     0.11631
     0.33108     0.11633
     0.33075     0.11635
     0.33043     0.11637
     0.33010     0.11638
     0.32977     0.11640
     0.32945     0.11642
     0.32912     0.11643
     0.32879     0.11645
     0.32846     0.11646
     0.32814     0.11648
     0.32781     0.11649
     0.32748     0.11650
     0.32715     0.11651
     0.32683     0.11652
     0.32650     0.11653
     0.32617     0.11653
     0.32584     0.11654
     0.32557     0.11655
     0.32530     0.11655
     0.32503     0.11655
     0.32476     0.11656
     0.32449     0.11656
     0.32421     0.11656
     0.32394     0.11656
     0.32367     0.11656
     0.32340     0.11656
     0.32313     0.11656
     0.32286     0.11656
     0.32259     0.11656
     0.32231     0.11655
     0.32204     0.11655
     0.32177     0.11655
     0.32150     0.11654
     0.32117     0.11653
     0.32085     0.11653
     0.32052     0.11652
     0.32019     0.11651
     0.31986     0.11650
     0.31954     0.11649
     0.31921     0.11647
     0.31888     0.11646
     0.31855     0.11645
     0.31822     0.11643
     0.31790     0.11642
     0.31757     0.11640
     0.31724     0.11638
     0.31692     0.11636
     0.31659     0.11635
     0.31626     0.11633
     0.31602     0.11631
     0.31577     0.11629
     0.31553     0.11628
     0.31528     0.11626
     0.31503     0.11624
     0.31479     0.11622
     0.31454     0.11620
     0.31430     0.11618
     0.31405     0.11616
     0.31381     0.11614
     0.31356     0.11612
     0.31332     0.11610
     0.31307     0.11608
     0.31283     0.11606
     0.31258     0.11603
     0.31234     0.11601
     0.31177     0.11595
     0.31120     0.11589
     0.31063     0.11583
     0.31006     0.11577
     0.30949     0.11570
     0.30893     0.11563
     0.30836     0.11555
     0.30779     0.11548
     0.30722     0.11540
     0.30666     0.11532
     0.30609     0.11523
     0.30553     0.11514
     0.30496     0.11505
     0.30439     0.11496
     0.30383     0.11487
     0.30327     0.11477
     0.30276     0.11468
     0.30225     0.11458
     0.30174     0.11449
     0.30123     0.11439
     0.30072     0.11429
     0.30021     0.11418
     0.29971     0.11408
     0.29920     0.11397
     0.29869     0.11386
     0.29819     0.11375
     0.29768     0.11364
     0.29718     0.11352
     0.29667     0.11340
     0.29617     0.11328
     0.29567     0.11316
     0.29516     0.11303
     0.29468     0.11291
     0.29419     0.11279
     0.29371     0.11266
     0.29322     0.11253
     0.29274     0.11240
     0.29226     0.11226
     0.29178     0.11213
     0.29129     0.11199
     0.29081     0.11185
     0.29033     0.11171
     0.28985     0.11157
     0.28937     0.11142
     0.28889     0.11127
     0.28842     0.11112
     0.28794     0.11097
     0.28746     0.11082
     0.28699     0.11066
     0.28653     0.11051
     0.28606     0.11035
     0.28560     0.11019
     0.28513     0.11003
     0.28467     0.10987
     0.28420     0.10970
     0.28374     0.10954
     0.28328     0.10937
     0.28281     0.10920
     0.28235     0.10902
     0.28189     0.10885
     0.28143     0.10867
     0.28098     0.10849
     0.28052     0.10831
     0.28006     0.10813
     0.27961     0.10795
     0.27916     0.10776
     0.27870     0.10758
     0.27825     0.10739
     0.27780     0.10720
     0.27736     0.10701
     0.27691     0.10681
     0.27646     0.10662
     0.27601     0.10642
     0.27557     0.10622
     0.27512     0.10602
     0.27468     0.10581
     0.27424     0.10561
     0.27380     0.10540
     0.27335     0.10519
     0.27291     0.10498
     0.27248     0.10477
     0.27204     0.10456
     0.27160     0.10434
     0.27117     0.10412
     0.27074     0.10391
     0.27030     0.10369
     0.26987     0.10346
     0.26944     0.10324
     0.26901     0.10301
     0.26858     0.10279
     0.26815     0.10256
     0.26773     0.10232
     0.26730     0.10209
     0.26688     0.10186
     0.26645     0.10162
     0.26603     0.10138
     0.26561     0.10114
     0.26519     0.10090
     0.26477     0.10066
     0.26435     0.10042
     0.26393     0.10017
     0.26352     0.09992
     0.26310     0.09967
     0.26269     0.09942
     0.26228     0.09917
     0.26187     0.09891
     0.26146     0.09866
     0.26105     0.09840
     0.26064     0.09814
     0.26023     0.09788
     0.25982     0.09761
     0.25942     0.09735
     0.25902     0.09708
     0.25861     0.09682
     0.25821     0.09655
     0.25781     0.09628
     0.25742     0.09600
     0.25702     0.09573
     0.25662     0.09545
     0.25623     0.09518
     0.25583     0.09490
     0.25544     0.09462
     0.25505     0.09433
     0.25466     0.09405
     0.25427     0.09377
     0.25388     0.09348
     0.25349     0.09319
     0.25311     0.09290
     0.25273     0.09261
     0.25234     0.09231
     0.25196     0.09202
     0.25158     0.09172
     0.25120     0.09143
     0.25082     0.09113
     0.25045     0.09083
     0.25007     0.09052
     0.24970     0.09022
     0.24933     0.08992
     0.24895     0.08961
     0.24858     0.08930
     0.24822     0.08899
     0.24785     0.08868
     0.24748     0.08837
     0.24712     0.08805
     0.24675     0.08774
     0.24639     0.08742
     0.24603     0.08710
     0.24567     0.08678
     0.24531     0.08646
     0.24496     0.08613
     0.24460     0.08581
     0.24425     0.08548
     0.24389     0.08516
     0.24354     0.08483
     0.24319     0.08450
     0.24284     0.08417
     0.24250     0.08383
     0.24215     0.08350
     0.24180     0.08316
     0.24146     0.08282
     0.24112     0.08249
     0.24078     0.08215
     0.24044     0.08180
     0.24010     0.08146
     0.23977     0.08112
     0.23943     0.08077
     0.23910     0.08042
     0.23877     0.08008
     0.23844     0.07973
     0.23811     0.07938
     0.23778     0.07902
     0.23746     0.07867
     0.23713     0.07831
     0.23681     0.07796
     0.23649     0.07760
     0.23617     0.07724
     0.23585     0.07688
     0.23553     0.07652
     0.23522     0.07616
     0.23490     0.07579
     0.23459     0.07543
     0.23428     0.07506
     0.23397     0.07469
     0.23366     0.07432
     0.23336     0.07395
     0.23305     0.07358
     0.23275     0.07321
     0.23245     0.07283
     0.23215     0.07246
     0.23185     0.07208
     0.23155     0.07170
     0.23126     0.07133
     0.23096     0.07094
     0.23067     0.07056
     0.23038     0.07018
     0.23009     0.06980
     0.22980     0.06941
     0.22952     0.06903
     0.22923     0.06864
     0.22895     0.06825
     0.22867     0.06786
     0.22839     0.06747
     0.22811     0.06708
     0.22784     0.06668
     0.22756     0.06629
     0.22729     0.06590
     0.22702     0.06550
     0.22675     0.06510
     0.22648     0.06470
     0.22621     0.06430
     0.22595     0.06390
     0.22569     0.06350
     0.22543     0.06310
     0.22517     0.06269
     0.22491     0.06229
     0.22465     0.06188
     0.22440     0.06148
     0.22414     0.06107
     0.22389     0.06066
     0.22364     0.06025
     0.22339     0.05984
     0.22315     0.05942
     0.22290     0.05901
     0.22266     0.05860
     0.22242     0.05818
     0.22218     0.05776
     0.22194     0.05735
     0.22171     0.05693
     0.22147     0.05651
     0.22124     0.05609
     0.22101     0.05567
     0.22078     0.05525
     0.22055     0.05482
     0.22033     0.05440
     0.22010     0.05398
     0.21988     0.05355
     0.21966     0.05312
     0.21944     0.05270
     0.21923     0.05227
     0.21901     0.05184
     0.21880     0.05141
     0.21859     0.05098
     0.21838     0.05054
     0.21817     0.05011
     0.21796     0.04968
     0.21776     0.04924
     0.21756     0.04881
     0.21736     0.04837
     0.21716     0.04794
     0.21696     0.04750
     0.21677     0.04706
     0.21657     0.04662
     0.21638     0.04618
     0.21619     0.04574
     0.21600     0.04530
     0.21582     0.04485
     0.21563     0.04441
     0.21545     0.04397
     0.21527     0.04352
     0.21509     0.04308
     0.21491     0.04263
     0.21474     0.04218
     0.21457     0.04174
     0.21439     0.04129
     0.21422     0.04084
     0.21406     0.04039
     0.21389     0.03994
     0.21373     0.03949
     0.21356     0.03904
     0.21340     0.03858
     0.21325     0.03813
     0.21309     0.03768
     0.21293     0.03722
     0.21278     0.03677
     0.21263     0.03631
     0.21248     0.03586
     0.21233     0.03540
     0.21219     0.03494
     0.21205     0.03448
     0.21190     0.03402
     0.21176     0.03357
     0.21163     0.03311
     0.21149     0.03265
     0.21136     0.03218
     0.21123     0.03172
     0.21110     0.03126
     0.21097     0.03080
     0.21084     0.03034
     0.21072     0.02987
     0.21059     0.02941
     0.21047     0.02894
     0.21036     0.02848
     0.21024     0.02801
     0.21012     0.02755
     0.21001     0.02708
     0.20990     0.02661
     0.20979     0.02615
     0.20968     0.02568
     0.20958     0.02521
     0.20948     0.02474
     0.20937     0.02427
     0.20927     0.02380
     0.20918     0.02333
     0.20908     0.02286
     0.20899     0.02239
     0.20890     0.02192
     0.20881     0.02145
     0.20872     0.02098
     0.20863     0.02051
     0.20855     0.02003
     0.20847     0.01956
     0.20839     0.01909
     0.20831     0.01861
     0.20823     0.01814
     0.20816     0.01766
     0.20809     0.01719
     0.20802     0.01672
     0.20795     0.01624
     0.20788     0.01577
     0.20782     0.01529
     0.20776     0.01481
     0.20770     0.01434
     0.20764     0.01386
     0.20758     0.01338
     0.20753     0.01291
     0.20748     0.01243
     0.20743     0.01195
     0.20738     0.01148
     0.20733     0.01100
     0.20729     0.01052
     0.20724     0.01004
     0.20720     0.00956
     0.20716     0.00909
     0.20713     0.00861
     0.20709     0.00813
     0.20706     0.00765
     0.20703     0.00717
     0.20700     0.00669
     0.20697     0.00621
     0.20695     0.00573
     0.20693     0.00525
     0.20691     0.00478
     0.20689     0.00430
     0.20687     0.00382
     0.20686     0.00334
     0.20684     0.00286
     0.20683     0.00238
     0.20682     0.00190
     0.20682     0.00142
     0.20681     0.00094
     0.20681     0.00046
     0.20681    -0.00002
