     0.44051    -0.00002
     0.44051    -0.00050
     0.44051    -0.00098
     0.44051    -0.00146
     0.44050    -0.00194
     0.44049    -0.00242
     0.44048    -0.00290
     0.44047    -0.00338
     0.44045    -0.00386
     0.44043    -0.00434
     0.44042    -0.00482
     0.44039    -0.00530
     0.44037    -0.00578
     0.44035    -0.00626
     0.44032    -0.00674
     0.44029    -0.00721
     0.44026    -0.00769
     0.44023    -0.00817
     0.44019    -0.00865
     0.44016    -0.00913
     0.44012    -0.00961
     0.44008    -0.01009
     0.44004    -0.01056
     0.43999    -0.01104
     0.43995    -0.01152
     0.43990    -0.01200
     0.43985    -0.01247
     0.43979    -0.01295
     0.43974    -0.01343
     0.43968    -0.01390
     0.43963    -0.01438
     0.43956    -0.01486
     0.43950    -0.01533
     0.43944    -0.01581
     0.43937    -0.01628
     0.43930    -0.01676
     0.43923    -0.01723
     0.43916    -0.01771
     0.43909    -0.01818
     0.43901    -0.01865
     0.43894    -0.01913
     0.43886    -0.01960
     0.43877    -0.02007
     0.43869    -0.02055
     0.43860    -0.02102
     0.43852    -0.02149
     0.43843    -0.02196
     0.43834    -0.02243
     0.43824    -0.02290
     0.43815    -0.02337
     0.43805    -0.02384
     0.43795    -0.02431
     0.43785    -0.02478
     0.43775    -0.02525
     0.43764    -0.02572
     0.43753    -0.02619
     0.43743    -0.02665
     0.43731    -0.02712
     0.43720    -0.02759
     0.43709    -0.02805
     0.43697    -0.02852
     0.43685    -0.02898
     0.43673    -0.02945
     0.43661    -0.02991
     0.43649    -0.03038
     0.43636    -0.03084
     0.43623    -0.03130
     0.43610    -0.03176
     0.43597    -0.03222
     0.43584    -0.03269
     0.43570    -0.03315
     0.43556    -0.03361
     0.43542    -0.03407
     0.43528    -0.03452
     0.43514    -0.03498
     0.43499    -0.03544
     0.43485    -0.03590
     0.43470    -0.03635
     0.43455    -0.03681
     0.43439    -0.03726
     0.43424    -0.03772
     0.43408    -0.03817
     0.43393    -0.03862
     0.43377    -0.03908
     0.43360    -0.03953
     0.43344    -0.03998
     0.43327    -0.04043
     0.43311    -0.04088
     0.43294    -0.04133
     0.43277    -0.04178
     0.43259    -0.04222
     0.43242    -0.04267
     0.43224    -0.04312
     0.43206    -0.04356
     0.43188    -0.04401
     0.43170    -0.04445
     0.43151    -0.04489
     0.43133    -0.04534
     0.43114    -0.04578
     0.43095    -0.04622
     0.43076    -0.04666
     0.43057    -0.04710
     0.43037    -0.04754
     0.43017    -0.04798
     0.42998    -0.04841
     0.42978    -0.04885
     0.42957    -0.04928
     0.42937    -0.04972
     0.42916    -0.05015
     0.42896    -0.05059
     0.42875    -0.05102
     0.42854    -0.05145
     0.42832    -0.05188
     0.42811    -0.05231
     0.42789    -0.05274
     0.42767    -0.05316
     0.42745    -0.05359
     0.42723    -0.05402
     0.42701    -0.05444
     0.42678    -0.05487
     0.42655    -0.05529
     0.42633    -0.05571
     0.42610    -0.05613
     0.42586    -0.05655
     0.42563    -0.05697
     0.42539    -0.05739
     0.42516    -0.05781
     0.42492    -0.05822
     0.42468    -0.05864
     0.42443    -0.05905
     0.42419    -0.05947
     0.42394    -0.05988
     0.42369    -0.06029
     0.42345    -0.06070
     0.42319    -0.06111
     0.42294    -0.06152
     0.42269    -0.06192
     0.42243    -0.06233
     0.42217    -0.06274
     0.42191    -0.06314
     0.42165    -0.06354
     0.42139    -0.06395
     0.42112    -0.06435
     0.42086    -0.06475
     0.42059    -0.06514
     0.42032    -0.06554
     0.42005    -0.06594
     0.41978    -0.06633
     0.41950    -0.06673
     0.41923    -0.06712
     0.41895    -0.06751
     0.41867    -0.06790
     0.41839    -0.06829
     0.41811    -0.06868
     0.41782    -0.06907
     0.41754    -0.06946
     0.41725    -0.06984
     0.41696    -0.07023
     0.41667    -0.07061
     0.41638    -0.07099
     0.41608    -0.07137
     0.41579    -0.07175
     0.41549    -0.07213
     0.41519    -0.07250
     0.41489    -0.07288
     0.41459    -0.07325
     0.41429    -0.07363
     0.41398    -0.07400
     0.41368    -0.07437
     0.41337    -0.07474
     0.41306    -0.07511
     0.41275    -0.07547
     0.41244    -0.07584
     0.41213    -0.07620
     0.41181    -0.07657
     0.41149    -0.07693
     0.41118    -0.07729
     0.41086    -0.07765
     0.41053    -0.07800
     0.41021    -0.07836
     0.40989    -0.07872
     0.40956    -0.07907
     0.40923    -0.07942
     0.40891    -0.07977
     0.40858    -0.08012
     0.40824    -0.08047
     0.40791    -0.08082
     0.40758    -0.08116
     0.40724    -0.08151
     0.40690    -0.08185
     0.40657    -0.08219
     0.40623    -0.08253
     0.40588    -0.08287
     0.40554    -0.08321
     0.40520    -0.08355
     0.40485    -0.08388
     0.40450    -0.08421
     0.40415    -0.08455
     0.40380    -0.08488
     0.40345    -0.08521
     0.40310    -0.08553
     0.40275    -0.08586
     0.40239    -0.08618
     0.40203    -0.08651
     0.40168    -0.08683
     0.40132    -0.08715
     0.40096    -0.08747
     0.40059    -0.08778
     0.40023    -0.08810
     0.39987    -0.08841
     0.39950    -0.08873
     0.39913    -0.08904
     0.39876    -0.08935
     0.39839    -0.08966
     0.39802    -0.08997
     0.39765    -0.09027
     0.39727    -0.09057
     0.39690    -0.09088
     0.39652    -0.09118
     0.39614    -0.09148
     0.39577    -0.09177
     0.39539    -0.09207
     0.39500    -0.09237
     0.39462    -0.09266
     0.39424    -0.09295
     0.39385    -0.09324
     0.39347    -0.09353
     0.39308    -0.09382
     0.39269    -0.09410
     0.39230    -0.09439
     0.39191    -0.09467
     0.39151    -0.09495
     0.39112    -0.09523
     0.39072    -0.09550
     0.39033    -0.09578
     0.38993    -0.09605
     0.38953    -0.09633
     0.38913    -0.09660
     0.38873    -0.09687
     0.38833    -0.09713
     0.38793    -0.09740
     0.38752    -0.09767
     0.38712    -0.09793
     0.38671    -0.09819
     0.38630    -0.09845
     0.38589    -0.09871
     0.38548    -0.09896
     0.38507    -0.09922
     0.38466    -0.09947
     0.38424    -0.09972
     0.38383    -0.09997
     0.38341    -0.10022
     0.38300    -0.10047
     0.38258    -0.10071
     0.38216    -0.10095
     0.38174    -0.10120
     0.38132    -0.10144
     0.38090    -0.10167
     0.38047    -0.10191
     0.38005    -0.10214
     0.37962    -0.10238
     0.37919    -0.10261
     0.37876    -0.10284
     0.37834    -0.10307
     0.37791    -0.10329
     0.37747    -0.10352
     0.37704    -0.10374
     0.37661    -0.10396
     0.37618    -0.10418
     0.37574    -0.10439
     0.37531    -0.10461
     0.37487    -0.10482
     0.37443    -0.10503
     0.37399    -0.10525
     0.37355    -0.10545
     0.37311    -0.10566
     0.37267    -0.10587
     0.37222    -0.10607
     0.37178    -0.10627
     0.37133    -0.10647
     0.37089    -0.10667
     0.37044    -0.10687
     0.36999    -0.10706
     0.36954    -0.10725
     0.36909    -0.10744
     0.36864    -0.10763
     0.36819    -0.10782
     0.36774    -0.10800
     0.36729    -0.10818
     0.36683    -0.10837
     0.36637    -0.10855
     0.36591    -0.10873
     0.36545    -0.10890
     0.36499    -0.10908
     0.36453    -0.10925
     0.36407    -0.10942
     0.36361    -0.10959
     0.36314    -0.10976
     0.36268    -0.10992
     0.36222    -0.11008
     0.36175    -0.11025
     0.36128    -0.11040
     0.36082    -0.11056
     0.36035    -0.11072
     0.35988    -0.11087
     0.35941    -0.11102
     0.35893    -0.11118
     0.35845    -0.11133
     0.35797    -0.11147
     0.35749    -0.11162
     0.35701    -0.11176
     0.35653    -0.11190
     0.35605    -0.11204
     0.35557    -0.11218
     0.35509    -0.11232
     0.35460    -0.11245
     0.35412    -0.11258
     0.35364    -0.11271
     0.35315    -0.11284
     0.35267    -0.11296
     0.35218    -0.11309
     0.35168    -0.11321
     0.35117    -0.11333
     0.35067    -0.11345
     0.35017    -0.11357
     0.34966    -0.11369
     0.34916    -0.11380
     0.34865    -0.11391
     0.34814    -0.11402
     0.34764    -0.11413
     0.34713    -0.11423
     0.34662    -0.11434
     0.34611    -0.11444
     0.34561    -0.11454
     0.34510    -0.11463
     0.34459    -0.11473
     0.34408    -0.11482
     0.34351    -0.11491
     0.34295    -0.11501
     0.34238    -0.11510
     0.34182    -0.11519
     0.34125    -0.11528
     0.34069    -0.11537
     0.34012    -0.11545
     0.33955    -0.11553
     0.33898    -0.11560
     0.33842    -0.11568
     0.33785    -0.11575
     0.33728    -0.11581
     0.33671    -0.11588
     0.33614    -0.11594
     0.33557    -0.11600
     0.33500    -0.11606
     0.33476    -0.11608
     0.33451    -0.11610
     0.33427    -0.11613
     0.33402    -0.11615
     0.33378    -0.11617
     0.33353    -0.11619
     0.33329    -0.11621
     0.33304    -0.11623
     0.33280    -0.11625
     0.33255    -0.11627
     0.33231    -0.11629
     0.33206    -0.11631
     0.33182    -0.11632
     0.33157    -0.11634
     0.33133    -0.11636
     0.33108    -0.11637
     0.33075    -0.11639
     0.33043    -0.11641
     0.33010    -0.11643
     0.32977    -0.11645
     0.32945    -0.11646
     0.32912    -0.11648
     0.32879    -0.11649
     0.32846    -0.11651
     0.32814    -0.11652
     0.32781    -0.11653
     0.32748    -0.11654
     0.32715    -0.11655
     0.32682    -0.11656
     0.32650    -0.11657
     0.32617    -0.11658
     0.32584    -0.11659
     0.32557    -0.11659
     0.32530    -0.11659
     0.32503    -0.11660
     0.32476    -0.11660
     0.32449    -0.11660
     0.32421    -0.11660
     0.32394    -0.11661
     0.32367    -0.11661
     0.32340    -0.11661
     0.32313    -0.11660
     0.32286    -0.11660
     0.32259    -0.11660
     0.32231    -0.11660
     0.32204    -0.11659
     0.32177    -0.11659
     0.32150    -0.11659
     0.32117    -0.11658
     0.32085    -0.11657
     0.32052    -0.11656
     0.32019    -0.11655
     0.31986    -0.11654
     0.31953    -0.11653
     0.31921    -0.11652
     0.31888    -0.11651
     0.31855    -0.11649
     0.31822    -0.11648
     0.31790    -0.11646
     0.31757    -0.11645
     0.31724    -0.11643
     0.31692    -0.11641
     0.31659    -0.11639
     0.31626    -0.11637
     0.31602    -0.11635
     0.31577    -0.11634
     0.31552    -0.11632
     0.31528    -0.11630
     0.31503    -0.11629
     0.31479    -0.11627
     0.31454    -0.11625
     0.31430    -0.11623
     0.31405    -0.11621
     0.31381    -0.11619
     0.31356    -0.11617
     0.31332    -0.11615
     0.31307    -0.11612
     0.31283    -0.11610
     0.31258    -0.11608
     0.31234    -0.11605
     0.31177    -0.11600
     0.31120    -0.11594
     0.31063    -0.11588
     0.31006    -0.11581
     0.30949    -0.11574
     0.30893    -0.11567
     0.30836    -0.11560
     0.30779    -0.11552
     0.30722    -0.11544
     0.30666    -0.11536
     0.30609    -0.11528
     0.30553    -0.11519
     0.30496    -0.11510
     0.30439    -0.11501
     0.30383    -0.11491
     0.30327    -0.11481
     0.30276    -0.11472
     0.30225    -0.11463
     0.30174    -0.11453
     0.30123    -0.11443
     0.30072    -0.11433
     0.30021    -0.11423
     0.29971    -0.11412
     0.29920    -0.11402
     0.29869    -0.11391
     0.29819    -0.11380
     0.29768    -0.11368
     0.29718    -0.11357
     0.29667    -0.11345
     0.29617    -0.11333
     0.29567    -0.11320
     0.29516    -0.11308
     0.29468    -0.11296
     0.29419    -0.11283
     0.29371    -0.11270
     0.29322    -0.11257
     0.29274    -0.11244
     0.29226    -0.11231
     0.29178    -0.11217
     0.29129    -0.11204
     0.29081    -0.11190
     0.29033    -0.11176
     0.28985    -0.11161
     0.28937    -0.11147
     0.28889    -0.11132
     0.28842    -0.11117
     0.28794    -0.11102
     0.28746    -0.11086
     0.28699    -0.11071
     0.28653    -0.11055
     0.28606    -0.11040
     0.28560    -0.11024
     0.28513    -0.11008
     0.28467    -0.10991
     0.28420    -0.10975
     0.28374    -0.10958
     0.28328    -0.10941
     0.28281    -0.10924
     0.28235    -0.10907
     0.28189    -0.10889
     0.28143    -0.10872
     0.28098    -0.10854
     0.28052    -0.10836
     0.28006    -0.10818
     0.27961    -0.10799
     0.27916    -0.10781
     0.27870    -0.10762
     0.27825    -0.10743
     0.27780    -0.10724
     0.27736    -0.10705
     0.27691    -0.10686
     0.27646    -0.10666
     0.27601    -0.10646
     0.27557    -0.10626
     0.27512    -0.10606
     0.27468    -0.10586
     0.27424    -0.10565
     0.27380    -0.10545
     0.27335    -0.10524
     0.27291    -0.10503
     0.27248    -0.10482
     0.27204    -0.10460
     0.27160    -0.10439
     0.27117    -0.10417
     0.27074    -0.10395
     0.27030    -0.10373
     0.26987    -0.10351
     0.26944    -0.10328
     0.26901    -0.10306
     0.26858    -0.10283
     0.26815    -0.10260
     0.26773    -0.10237
     0.26730    -0.10214
     0.26688    -0.10190
     0.26645    -0.10167
     0.26603    -0.10143
     0.26561    -0.10119
     0.26519    -0.10095
     0.26477    -0.10070
     0.26435    -0.10046
     0.26393    -0.10021
     0.26352    -0.09997
     0.26310    -0.09972
     0.26269    -0.09947
     0.26228    -0.09921
     0.26187    -0.09896
     0.26146    -0.09870
     0.26105    -0.09844
     0.26064    -0.09818
     0.26023    -0.09792
     0.25982    -0.09766
     0.25942    -0.09739
     0.25902    -0.09713
     0.25861    -0.09686
     0.25821    -0.09659
     0.25781    -0.09632
     0.25742    -0.09605
     0.25702    -0.09577
     0.25662    -0.09550
     0.25623    -0.09522
     0.25583    -0.09494
     0.25544    -0.09466
     0.25505    -0.09438
     0.25466    -0.09410
     0.25427    -0.09381
     0.25388    -0.09352
     0.25349    -0.09323
     0.25311    -0.09294
     0.25273    -0.09265
     0.25234    -0.09236
     0.25196    -0.09207
     0.25158    -0.09177
     0.25120    -0.09147
     0.25082    -0.09117
     0.25045    -0.09087
     0.25007    -0.09057
     0.24970    -0.09027
     0.24933    -0.08996
     0.24895    -0.08965
     0.24858    -0.08934
     0.24821    -0.08903
     0.24785    -0.08872
     0.24748    -0.08841
     0.24712    -0.08810
     0.24675    -0.08778
     0.24639    -0.08746
     0.24603    -0.08714
     0.24567    -0.08682
     0.24531    -0.08650
     0.24496    -0.08618
     0.24460    -0.08586
     0.24425    -0.08553
     0.24389    -0.08520
     0.24354    -0.08487
     0.24319    -0.08454
     0.24284    -0.08421
     0.24250    -0.08388
     0.24215    -0.08354
     0.24180    -0.08321
     0.24146    -0.08287
     0.24112    -0.08253
     0.24078    -0.08219
     0.24044    -0.08185
     0.24010    -0.08151
     0.23977    -0.08116
     0.23943    -0.08082
     0.23910    -0.08047
     0.23877    -0.08012
     0.23844    -0.07977
     0.23811    -0.07942
     0.23778    -0.07907
     0.23746    -0.07871
     0.23713    -0.07836
     0.23681    -0.07800
     0.23649    -0.07764
     0.23617    -0.07729
     0.23585    -0.07693
     0.23553    -0.07656
     0.23522    -0.07620
     0.23490    -0.07584
     0.23459    -0.07547
     0.23428    -0.07511
     0.23397    -0.07474
     0.23366    -0.07437
     0.23336    -0.07400
     0.23305    -0.07363
     0.23275    -0.07325
     0.23245    -0.07288
     0.23215    -0.07250
     0.23185    -0.07213
     0.23155    -0.07175
     0.23126    -0.07137
     0.23096    -0.07099
     0.23067    -0.07061
     0.23038    -0.07023
     0.23009    -0.06984
     0.22980    -0.06946
     0.22952    -0.06907
     0.22923    -0.06868
     0.22895    -0.06830
     0.22867    -0.06791
     0.22839    -0.06751
     0.22811    -0.06712
     0.22784    -0.06673
     0.22756    -0.06634
     0.22729    -0.06594
     0.22702    -0.06554
     0.22675    -0.06515
     0.22648    -0.06475
     0.22621    -0.06435
     0.22595    -0.06395
     0.22569    -0.06355
     0.22543    -0.06314
     0.22517    -0.06274
     0.22491    -0.06233
     0.22465    -0.06193
     0.22440    -0.06152
     0.22414    -0.06111
     0.22389    -0.06070
     0.22364    -0.06029
     0.22339    -0.05988
     0.22315    -0.05947
     0.22290    -0.05906
     0.22266    -0.05864
     0.22242    -0.05823
     0.22218    -0.05781
     0.22194    -0.05739
     0.22171    -0.05697
     0.22147    -0.05656
     0.22124    -0.05614
     0.22101    -0.05571
     0.22078    -0.05529
     0.22055    -0.05487
     0.22033    -0.05445
     0.22010    -0.05402
     0.21988    -0.05359
     0.21966    -0.05317
     0.21944    -0.05274
     0.21923    -0.05231
     0.21901    -0.05188
     0.21880    -0.05145
     0.21859    -0.05102
     0.21838    -0.05059
     0.21817    -0.05016
     0.21796    -0.04972
     0.21776    -0.04929
     0.21756    -0.04885
     0.21736    -0.04842
     0.21716    -0.04798
     0.21696    -0.04754
     0.21677    -0.04710
     0.21657    -0.04666
     0.21638    -0.04622
     0.21619    -0.04578
     0.21600    -0.04534
     0.21582    -0.04490
     0.21563    -0.04446
     0.21545    -0.04401
     0.21527    -0.04357
     0.21509    -0.04312
     0.21491    -0.04268
     0.21474    -0.04223
     0.21457    -0.04178
     0.21439    -0.04133
     0.21422    -0.04088
     0.21406    -0.04043
     0.21389    -0.03998
     0.21373    -0.03953
     0.21356    -0.03908
     0.21340    -0.03863
     0.21325    -0.03818
     0.21309    -0.03772
     0.21293    -0.03727
     0.21278    -0.03681
     0.21263    -0.03636
     0.21248    -0.03590
     0.21233    -0.03544
     0.21219    -0.03499
     0.21205    -0.03453
     0.21190    -0.03407
     0.21176    -0.03361
     0.21163    -0.03315
     0.21149    -0.03269
     0.21136    -0.03223
     0.21123    -0.03177
     0.21110    -0.03131
     0.21097    -0.03084
     0.21084    -0.03038
     0.21072    -0.02992
     0.21059    -0.02945
     0.21047    -0.02899
     0.21036    -0.02852
     0.21024    -0.02806
     0.21012    -0.02759
     0.21001    -0.02713
     0.20990    -0.02666
     0.20979    -0.02619
     0.20968    -0.02572
     0.20958    -0.02525
     0.20948    -0.02479
     0.20937    -0.02432
     0.20927    -0.02385
     0.20918    -0.02338
     0.20908    -0.02291
     0.20899    -0.02244
     0.20890    -0.02197
     0.20881    -0.02149
     0.20872    -0.02102
     0.20863    -0.02055
     0.20855    -0.02008
     0.20847    -0.01960
     0.20839    -0.01913
     0.20831    -0.01866
     0.20823    -0.01818
     0.20816    -0.01771
     0.20809    -0.01724
     0.20802    -0.01676
     0.20795    -0.01629
     0.20788    -0.01581
     0.20782    -0.01533
     0.20776    -0.01486
     0.20770    -0.01438
     0.20764    -0.01391
     0.20758    -0.01343
     0.20753    -0.01295
     0.20748    -0.01248
     0.20743    -0.01200
     0.20738    -0.01152
     0.20733    -0.01104
     0.20729    -0.01057
     0.20724    -0.01009
     0.20720    -0.00961
     0.20716    -0.00913
     0.20713    -0.00865
     0.20709    -0.00817
     0.20706    -0.00770
     0.20703    -0.00722
     0.20700    -0.00674
     0.20697    -0.00626
     0.20695    -0.00578
     0.20693    -0.00530
     0.20691    -0.00482
     0.20689    -0.00434
     0.20687    -0.00386
     0.20686    -0.00338
     0.20684    -0.00290
     0.20683    -0.00242
     0.20682    -0.00194
     0.20682    -0.00146
     0.20681    -0.00098
     0.20681    -0.00050
     0.20681    -0.00002
