     1.25902    -0.00009     1.00000    0
     1.25916     0.00415     1.00000    0
     1.25958     0.00838     1.00000    0
     1.26027     0.01257     1.00000    0
     1.26124     0.01670     1.00000    0
     1.26248     0.02077     1.00000    0
     1.26399     0.02474     1.00000    0
     1.26575     0.02861     1.00000    0
     1.26777     0.03235     1.00000    0
     1.27003     0.03595     1.00000    0
     1.27252     0.03940     1.00000    0
     1.27523     0.04268     1.00000    0
     1.27816     0.04577     1.00000    0
     1.28129     0.04867     1.00000    0
     1.28460     0.05136     1.00000    0
     1.28809     0.05383     1.00000    0
     1.29175     0.05606     1.00000    0
     1.29556     0.05806     1.00000    0
     1.29952     0.05981     1.00000    0
     1.30361     0.06130     1.00000    0
     1.30788     0.06253     1.00000    0
     1.31237     0.06349     1.00000    0
     1.31739     0.06418     1.00000    0
     1.31956     0.06435     1.00000    0
     1.32247     0.06447     1.00000    0
     1.32487     0.06447     1.00000    0
     1.32778     0.06435     1.00000    0
     1.32995     0.06417     1.00000    0
     1.33498     0.06349     1.00000    0
     1.33946     0.06252     1.00000    0
     1.34373     0.06129     1.00000    0
     1.34783     0.05980     1.00000    0
     1.35178     0.05806     1.00000    0
     1.35559     0.05606     1.00000    0
     1.35925     0.05382     1.00000    0
     1.36274     0.05136     1.00000    0
     1.36606     0.04867     1.00000    0
     1.36918     0.04577     1.00000    0
     1.37211     0.04268     1.00000    0
     1.37482     0.03940     1.00000    0
     1.37732     0.03595     1.00000    0
     1.37957     0.03235     1.00000    0
     1.38159     0.02861     1.00000    0
     1.38335     0.02474     1.00000    0
     1.38486     0.02077     1.00000    0
     1.38610     0.01671     1.00000    0
     1.38707     0.01257     1.00000    0
     1.38777     0.00838     1.00000    0
     1.38819     0.00415     1.00000    0
     1.38833    -0.00009     1.00000    0
     1.25902    -0.00009     2.00000    0
     1.25916    -0.00434     2.00000    0
     1.25958    -0.00856     2.00000    0
     1.26027    -0.01275     2.00000    0
     1.26124    -0.01689     2.00000    0
     1.26248    -0.02095     2.00000    0
     1.26399    -0.02492     2.00000    0
     1.26575    -0.02879     2.00000    0
     1.26777    -0.03253     2.00000    0
     1.27003    -0.03614     2.00000    0
     1.27252    -0.03958     2.00000    0
     1.27523    -0.04286     2.00000    0
     1.27816    -0.04596     2.00000    0
     1.28129    -0.04885     2.00000    0
     1.28460    -0.05154     2.00000    0
     1.28809    -0.05401     2.00000    0
     1.29175    -0.05625     2.00000    0
     1.29556    -0.05824     2.00000    0
     1.29952    -0.05999     2.00000    0
     1.30361    -0.06148     2.00000    0
     1.30788    -0.06271     2.00000    0
     1.31237    -0.06367     2.00000    0
     1.31739    -0.06436     2.00000    0
     1.31956    -0.06453     2.00000    0
     1.32247    -0.06465     2.00000    0
     1.32487    -0.06465     2.00000    0
     1.32778    -0.06453     2.00000    0
     1.32995    -0.06436     2.00000    0
     1.33498    -0.06367     2.00000    0
     1.33946    -0.06271     2.00000    0
     1.34373    -0.06148     2.00000    0
     1.34783    -0.05999     2.00000    0
     1.35178    -0.05824     2.00000    0
     1.35559    -0.05624     2.00000    0
     1.35925    -0.05401     2.00000    0
     1.36274    -0.05154     2.00000    0
     1.36606    -0.04885     2.00000    0
     1.36918    -0.04596     2.00000    0
     1.37211    -0.04286     2.00000    0
     1.37482    -0.03958     2.00000    0
     1.37732    -0.03614     2.00000    0
     1.37957    -0.03253     2.00000    0
     1.38159    -0.02879     2.00000    0
     1.38335    -0.02492     2.00000    0
     1.38486    -0.02095     2.00000    0
     1.38610    -0.01689     2.00000    0
     1.38707    -0.01275     2.00000    0
     1.38777    -0.00856     2.00000    0
     1.38819    -0.00434     2.00000    0
     1.38833    -0.00009     2.00000    0
     0.44051    -0.00002     1.00000    0
     0.44026     0.00765     1.00000    0
     0.43950     0.01529     1.00000    0
     0.43824     0.02286     1.00000    0
     0.43649     0.03033     1.00000    0
     0.43424     0.03767     1.00000    0
     0.43151     0.04485     1.00000    0
     0.42832     0.05183     1.00000    0
     0.42468     0.05859     1.00000    0
     0.42059     0.06510     1.00000    0
     0.41608     0.07132     1.00000    0
     0.41118     0.07724     1.00000    0
     0.40588     0.08283     1.00000    0
     0.40023     0.08806     1.00000    0
     0.39424     0.09290     1.00000    0
     0.38793     0.09736     1.00000    0
     0.38132     0.10139     1.00000    0
     0.37443     0.10499     1.00000    0
     0.36729     0.10814     1.00000    0
     0.35988     0.11083     1.00000    0
     0.35218     0.11304     1.00000    0
     0.34408     0.11477     1.00000    0
     0.33500     0.11601     1.00000    0
     0.33108     0.11633     1.00000    0
     0.32584     0.11654     1.00000    0
     0.32150     0.11654     1.00000    0
     0.31626     0.11633     1.00000    0
     0.31234     0.11601     1.00000    0
     0.30327     0.11477     1.00000    0
     0.29516     0.11303     1.00000    0
     0.28746     0.11082     1.00000    0
     0.28006     0.10813     1.00000    0
     0.27291     0.10498     1.00000    0
     0.26603     0.10138     1.00000    0
     0.25942     0.09735     1.00000    0
     0.25311     0.09290     1.00000    0
     0.24712     0.08805     1.00000    0
     0.24146     0.08282     1.00000    0
     0.23617     0.07724     1.00000    0
     0.23126     0.07133     1.00000    0
     0.22675     0.06510     1.00000    0
     0.22266     0.05860     1.00000    0
     0.21901     0.05184     1.00000    0
     0.21582     0.04485     1.00000    0
     0.21309     0.03768     1.00000    0
     0.21084     0.03034     1.00000    0
     0.20908     0.02286     1.00000    0
     0.20782     0.01529     1.00000    0
     0.20706     0.00765     1.00000    0
     0.20681    -0.00002     1.00000    0
     0.44051    -0.00002     2.00000    0
     0.44026    -0.00769     2.00000    0
     0.43950    -0.01533     2.00000    0
     0.43824    -0.02290     2.00000    0
     0.43649    -0.03038     2.00000    0
     0.43424    -0.03772     2.00000    0
     0.43151    -0.04489     2.00000    0
     0.42832    -0.05188     2.00000    0
     0.42468    -0.05864     2.00000    0
     0.42059    -0.06514     2.00000    0
     0.41608    -0.07137     2.00000    0
     0.41118    -0.07729     2.00000    0
     0.40588    -0.08287     2.00000    0
     0.40023    -0.08810     2.00000    0
     0.39424    -0.09295     2.00000    0
     0.38793    -0.09740     2.00000    0
     0.38132    -0.10144     2.00000    0
     0.37443    -0.10503     2.00000    0
     0.36729    -0.10818     2.00000    0
     0.35988    -0.11087     2.00000    0
     0.35218    -0.11309     2.00000    0
     0.34408    -0.11482     2.00000    0
     0.33500    -0.11606     2.00000    0
     0.33108    -0.11637     2.00000    0
     0.32584    -0.11659     2.00000    0
     0.32150    -0.11659     2.00000    0
     0.31626    -0.11637     2.00000    0
     0.31234    -0.11605     2.00000    0
     0.30327    -0.11481     2.00000    0
     0.29516    -0.11308     2.00000    0
     0.28746    -0.11086     2.00000    0
     0.28006    -0.10818     2.00000    0
     0.27291    -0.10503     2.00000    0
     0.26603    -0.10143     2.00000    0
     0.25942    -0.09739     2.00000    0
     0.25311    -0.09294     2.00000    0
     0.24712    -0.08810     2.00000    0
     0.24146    -0.08287     2.00000    0
     0.23617    -0.07729     2.00000    0
     0.23126    -0.07137     2.00000    0
     0.22675    -0.06515     2.00000    0
     0.22266    -0.05864     2.00000    0
     0.21901    -0.05188     2.00000    0
     0.21582    -0.04490     2.00000    0
     0.21309    -0.03772     2.00000    0
     0.21084    -0.03038     2.00000    0
     0.20908    -0.02291     2.00000    0
     0.20782    -0.01533     2.00000    0
     0.20706    -0.00770     2.00000    0
     0.20681    -0.00002     2.00000    0
   49   49
   0.67633  -0.11609  -0.01070
   0.66870  -0.11584  -0.01067
   0.66877  -0.11576  -0.01166
   0.66896  -0.11567  -0.01264
   0.66928  -0.11559  -0.01358
   0.66972  -0.11551  -0.01447
   0.67028  -0.11544  -0.01529
   0.67093  -0.11537  -0.01604
   0.67168  -0.11532  -0.01670
   0.67251  -0.11527  -0.01725
   0.67340  -0.11523  -0.01769
   0.67435  -0.11520  -0.01801
   0.67533  -0.11518  -0.01821
   0.67632  -0.11518  -0.01827
   0.67732  -0.11518  -0.01821
   0.67830  -0.11520  -0.01801
   0.67924  -0.11523  -0.01770
   0.68014  -0.11527  -0.01726
   0.68097  -0.11532  -0.01671
   0.68172  -0.11537  -0.01605
   0.68237  -0.11544  -0.01530
   0.68293  -0.11551  -0.01448
   0.68337  -0.11559  -0.01359
   0.68369  -0.11567  -0.01265
   0.68389  -0.11576  -0.01167
   0.68395  -0.11584  -0.01068
   0.68389  -0.11593  -0.00969
   0.68370  -0.11602  -0.00872
   0.68338  -0.11610  -0.00777
   0.68293  -0.11618  -0.00688
   0.68238  -0.11625  -0.00606
   0.68172  -0.11631  -0.00531
   0.68097  -0.11637  -0.00465
   0.68015  -0.11642  -0.00410
   0.67925  -0.11646  -0.00366
   0.67831  -0.11649  -0.00334
   0.67733  -0.11650  -0.00315
   0.67633  -0.11651  -0.00308
   0.67534  -0.11650  -0.00314
   0.67436  -0.11649  -0.00334
   0.67342  -0.11646  -0.00366
   0.67252  -0.11642  -0.00409
   0.67169  -0.11637  -0.00465
   0.67094  -0.11631  -0.00530
   0.67028  -0.11625  -0.00605
   0.66973  -0.11618  -0.00687
   0.66929  -0.11610  -0.00776
   0.66896  -0.11602  -0.00870
   0.66877  -0.11593  -0.00968
   0.66870  -0.11584  -0.01067
   0.66111  -0.11510  -0.01060
   0.66124  -0.11493  -0.01258
   0.66163  -0.11476  -0.01452
   0.66226  -0.11459  -0.01640
   0.66314  -0.11444  -0.01818
   0.66425  -0.11429  -0.01983
   0.66556  -0.11416  -0.02132
   0.66706  -0.11405  -0.02263
   0.66871  -0.11395  -0.02373
   0.67049  -0.11387  -0.02461
   0.67238  -0.11382  -0.02525
   0.67433  -0.11379  -0.02564
   0.67632  -0.11377  -0.02577
   0.67830  -0.11379  -0.02564
   0.68026  -0.11382  -0.02526
   0.68214  -0.11388  -0.02462
   0.68393  -0.11395  -0.02375
   0.68558  -0.11405  -0.02265
   0.68708  -0.11416  -0.02134
   0.68839  -0.11429  -0.01985
   0.68950  -0.11444  -0.01820
   0.69038  -0.11460  -0.01642
   0.69102  -0.11476  -0.01455
   0.69141  -0.11493  -0.01260
   0.69155  -0.11510  -0.01062
   0.69142  -0.11528  -0.00864
   0.69103  -0.11545  -0.00670
   0.69039  -0.11561  -0.00482
   0.68951  -0.11577  -0.00304
   0.68841  -0.11591  -0.00139
   0.68710  -0.11604   0.00010
   0.68560  -0.11615   0.00141
   0.68395  -0.11625   0.00251
   0.68216  -0.11633   0.00339
   0.68028  -0.11638   0.00403
   0.67833  -0.11642   0.00442
   0.67634  -0.11643   0.00455
   0.67435  -0.11642   0.00442
   0.67240  -0.11638   0.00404
   0.67052  -0.11633   0.00340
   0.66873  -0.11625   0.00252
   0.66707  -0.11615   0.00142
   0.66558  -0.11604   0.00012
   0.66426  -0.11591  -0.00137
   0.66316  -0.11576  -0.00302
   0.66227  -0.11561  -0.00480
   0.66163  -0.11544  -0.00668
   0.66124  -0.11527  -0.00862
   0.66111  -0.11510  -0.01060
   0.65358  -0.11387  -0.01048
   0.65378  -0.11361  -0.01344
   0.65435  -0.11336  -0.01635
   0.65531  -0.11311  -0.01916
   0.65662  -0.11288  -0.02182
   0.65827  -0.11266  -0.02428
   0.66023  -0.11246  -0.02651
   0.66247  -0.11229  -0.02847
   0.66494  -0.11215  -0.03012
   0.66761  -0.11203  -0.03143
   0.67042  -0.11195  -0.03238
   0.67334  -0.11190  -0.03296
   0.67631  -0.11188  -0.03316
   0.67928  -0.11190  -0.03297
   0.68220  -0.11195  -0.03239
   0.68502  -0.11203  -0.03144
   0.68769  -0.11215  -0.03014
   0.69016  -0.11229  -0.02849
   0.69240  -0.11247  -0.02654
   0.69436  -0.11266  -0.02431
   0.69602  -0.11288  -0.02185
   0.69734  -0.11311  -0.01919
   0.69830  -0.11336  -0.01639
   0.69888  -0.11361  -0.01348
   0.69907  -0.11387  -0.01052
   0.69888  -0.11413  -0.00756
   0.69830  -0.11438  -0.00466
   0.69735  -0.11463  -0.00185
   0.69604  -0.11486   0.00081
   0.69439  -0.11508   0.00328
   0.69242  -0.11527   0.00551
   0.69019  -0.11544   0.00746
   0.68772  -0.11558   0.00911
   0.68505  -0.11570   0.01042
   0.68223  -0.11578   0.01138
   0.67932  -0.11583   0.01196
   0.67635  -0.11585   0.01216
   0.67338  -0.11583   0.01196
   0.67046  -0.11578   0.01139
   0.66764  -0.11570   0.01044
   0.66497  -0.11558   0.00913
   0.66250  -0.11544   0.00748
   0.66026  -0.11527   0.00553
   0.65829  -0.11507   0.00331
   0.65664  -0.11486   0.00084
   0.65532  -0.11463  -0.00181
   0.65436  -0.11438  -0.00462
   0.65378  -0.11413  -0.00753
   0.65358  -0.11387  -0.01048
   0.64615  -0.11215  -0.01033
   0.64641  -0.11181  -0.01425
   0.64717  -0.11147  -0.01811
   0.64844  -0.11114  -0.02183
   0.65018  -0.11083  -0.02536
   0.65237  -0.11055  -0.02863
   0.65497  -0.11029  -0.03159
   0.65794  -0.11006  -0.03419
   0.66122  -0.10987  -0.03637
   0.66476  -0.10971  -0.03812
   0.66849  -0.10960  -0.03938
   0.67237  -0.10954  -0.04015
   0.67630  -0.10951  -0.04041
   0.68024  -0.10954  -0.04016
   0.68412  -0.10960  -0.03940
   0.68785  -0.10971  -0.03813
   0.69140  -0.10987  -0.03640
   0.69468  -0.11006  -0.03422
   0.69765  -0.11029  -0.03163
   0.70026  -0.11055  -0.02867
   0.70245  -0.11084  -0.02541
   0.70420  -0.11114  -0.02188
   0.70547  -0.11147  -0.01816
   0.70625  -0.11181  -0.01430
   0.70651  -0.11215  -0.01038
   0.70625  -0.11250  -0.00645
   0.70549  -0.11283  -0.00259
   0.70422  -0.11316   0.00113
   0.70248  -0.11347   0.00466
   0.70028  -0.11375   0.00793
   0.69768  -0.11401   0.01089
   0.69472  -0.11423   0.01348
   0.69144  -0.11442   0.01567
   0.68790  -0.11457   0.01741
   0.68416  -0.11468   0.01868
   0.68029  -0.11475   0.01945
   0.67635  -0.11477   0.01971
   0.67241  -0.11475   0.01946
   0.66854  -0.11468   0.01869
   0.66480  -0.11457   0.01743
   0.66126  -0.11442   0.01569
   0.65798  -0.11423   0.01351
   0.65501  -0.11401   0.01092
   0.65240  -0.11375   0.00797
   0.65021  -0.11346   0.00470
   0.64846  -0.11316   0.00117
   0.64719  -0.11283  -0.00255
   0.64641  -0.11249  -0.00640
   0.64615  -0.11215  -0.01033
   0.63885  -0.10995  -0.01013
   0.63916  -0.10953  -0.01500
   0.64012  -0.10911  -0.01980
   0.64169  -0.10870  -0.02442
   0.64385  -0.10832  -0.02880
   0.64658  -0.10796  -0.03287
   0.64981  -0.10764  -0.03654
   0.65349  -0.10735  -0.03976
   0.65756  -0.10711  -0.04248
   0.66196  -0.10692  -0.04464
   0.66660  -0.10679  -0.04622
   0.67141  -0.10670  -0.04717
   0.67630  -0.10667  -0.04750
   0.68119  -0.10670  -0.04718
   0.68600  -0.10679  -0.04623
   0.69064  -0.10693  -0.04467
   0.69504  -0.10712  -0.04251
   0.69912  -0.10736  -0.03980
   0.70281  -0.10764  -0.03658
   0.70605  -0.10796  -0.03291
   0.70877  -0.10832  -0.02886
   0.71095  -0.10870  -0.02448
   0.71253  -0.10911  -0.01985
   0.71349  -0.10953  -0.01506
   0.71381  -0.10996  -0.01019
   0.71350  -0.11038  -0.00532
   0.71254  -0.11080  -0.00052
   0.71097  -0.11120   0.00410
   0.70880  -0.11159   0.00848
   0.70608  -0.11194   0.01255
   0.70285  -0.11226   0.01622
   0.69917  -0.11254   0.01944
   0.69509  -0.11277   0.02216
   0.69070  -0.11296   0.02432
   0.68606  -0.11310   0.02590
   0.68125  -0.11318   0.02685
   0.67636  -0.11321   0.02718
   0.67147  -0.11318   0.02686
   0.66666  -0.11310   0.02591
   0.66201  -0.11296   0.02435
   0.65761  -0.11277   0.02219
   0.65354  -0.11254   0.01948
   0.64985  -0.11226   0.01626
   0.64661  -0.11194   0.01259
   0.64388  -0.11158   0.00853
   0.64171  -0.11120   0.00416
   0.64013  -0.11080  -0.00047
   0.63917  -0.11038  -0.00526
   0.63885  -0.10995  -0.01013
   0.63170  -0.10729  -0.00989
   0.63208  -0.10678  -0.01569
   0.63321  -0.10628  -0.02140
   0.63509  -0.10579  -0.02691
   0.63766  -0.10534  -0.03212
   0.64090  -0.10491  -0.03696
   0.64475  -0.10453  -0.04133
   0.64914  -0.10419  -0.04517
   0.65399  -0.10390  -0.04841
   0.65922  -0.10368  -0.05098
   0.66475  -0.10351  -0.05285
   0.67047  -0.10341  -0.05399
   0.67629  -0.10338  -0.05438
   0.68212  -0.10341  -0.05400
   0.68784  -0.10351  -0.05287
   0.69337  -0.10368  -0.05101
   0.69861  -0.10391  -0.04844
   0.70347  -0.10419  -0.04522
   0.70786  -0.10453  -0.04139
   0.71171  -0.10491  -0.03702
   0.71496  -0.10534  -0.03219
   0.71755  -0.10580  -0.02697
   0.71943  -0.10628  -0.02147
   0.72057  -0.10678  -0.01577
   0.72096  -0.10729  -0.00996
   0.72058  -0.10780  -0.00416
   0.71945  -0.10829   0.00155
   0.71757  -0.10877   0.00705
   0.71500  -0.10923   0.01227
   0.71176  -0.10965   0.01711
   0.70791  -0.11003   0.02148
   0.70352  -0.11036   0.02532
   0.69867  -0.11064   0.02856
   0.69344  -0.11087   0.03113
   0.68791  -0.11103   0.03300
   0.68219  -0.11113   0.03414
   0.67636  -0.11116   0.03453
   0.67054  -0.11113   0.03415
   0.66481  -0.11103   0.03302
   0.65929  -0.11086   0.03116
   0.65405  -0.11064   0.02859
   0.64919  -0.11036   0.02536
   0.64480  -0.11003   0.02153
   0.64095  -0.10965   0.01716
   0.63770  -0.10923   0.01233
   0.63511  -0.10877   0.00712
   0.63323  -0.10829   0.00161
   0.63209  -0.10779  -0.00409
   0.63170  -0.10729  -0.00989
   0.62474  -0.10416  -0.00961
   0.62518  -0.10357  -0.01632
   0.62649  -0.10300  -0.02291
   0.62866  -0.10244  -0.02928
   0.63164  -0.10191  -0.03531
   0.63538  -0.10141  -0.04090
   0.63983  -0.10097  -0.04596
   0.64490  -0.10058  -0.05039
   0.65050  -0.10025  -0.05413
   0.65655  -0.09999  -0.05710
   0.66294  -0.09980  -0.05927
   0.66956  -0.09968  -0.06058
   0.67629  -0.09964  -0.06103
   0.68302  -0.09968  -0.06060
   0.68964  -0.09980  -0.05929
   0.69603  -0.09999  -0.05714
   0.70208  -0.10025  -0.05417
   0.70770  -0.10058  -0.05044
   0.71277  -0.10097  -0.04602
   0.71723  -0.10142  -0.04097
   0.72098  -0.10191  -0.03538
   0.72397  -0.10244  -0.02936
   0.72615  -0.10300  -0.02299
   0.72747  -0.10357  -0.01640
   0.72792  -0.10416  -0.00969
   0.72748  -0.10475  -0.00299
   0.72617  -0.10532   0.00361
   0.72400  -0.10588   0.00997
   0.72102  -0.10640   0.01601
   0.71728  -0.10689   0.02160
   0.71283  -0.10733   0.02665
   0.70776  -0.10771   0.03109
   0.70215  -0.10804   0.03483
   0.69610  -0.10830   0.03780
   0.68972  -0.10848   0.03997
   0.68310  -0.10860   0.04128
   0.67637  -0.10863   0.04173
   0.66964  -0.10859   0.04129
   0.66302  -0.10848   0.03999
   0.65663  -0.10829   0.03783
   0.65058  -0.10804   0.03486
   0.64496  -0.10771   0.03114
   0.63989  -0.10733   0.02671
   0.63543  -0.10689   0.02166
   0.63168  -0.10640   0.01608
   0.62869  -0.10588   0.01005
   0.62651  -0.10532   0.00369
   0.62519  -0.10475  -0.00291
   0.62474  -0.10416  -0.00961
   0.61801  -0.10059  -0.00929
   0.61850  -0.09993  -0.01688
   0.61998  -0.09927  -0.02433
   0.62243  -0.09864  -0.03153
   0.62580  -0.09804  -0.03835
   0.63003  -0.09748  -0.04467
   0.63506  -0.09698  -0.05038
   0.64079  -0.09654  -0.05540
   0.64713  -0.09617  -0.05962
   0.65397  -0.09587  -0.06299
   0.66119  -0.09565  -0.06543
   0.66867  -0.09552  -0.06692
   0.67628  -0.09548  -0.06742
   0.68389  -0.09552  -0.06693
   0.69138  -0.09565  -0.06546
   0.69860  -0.09587  -0.06302
   0.70544  -0.09617  -0.05967
   0.71179  -0.09654  -0.05546
   0.71753  -0.09698  -0.05045
   0.72257  -0.09749  -0.04475
   0.72681  -0.09804  -0.03843
   0.73020  -0.09864  -0.03162
   0.73265  -0.09927  -0.02442
   0.73415  -0.09993  -0.01697
   0.73465  -0.10059  -0.00939
   0.73416  -0.10125  -0.00180
   0.73268  -0.10190   0.00565
   0.73023  -0.10253   0.01285
   0.72686  -0.10312   0.01967
   0.72263  -0.10367   0.02599
   0.71760  -0.10417   0.03171
   0.71187  -0.10460   0.03672
   0.70553  -0.10497   0.04095
   0.69869  -0.10526   0.04431
   0.69146  -0.10547   0.04676
   0.68399  -0.10560   0.04825
   0.67637  -0.10564   0.04875
   0.66876  -0.10560   0.04826
   0.66128  -0.10547   0.04678
   0.65406  -0.10526   0.04434
   0.64721  -0.10497   0.04099
   0.64087  -0.10460   0.03677
   0.63513  -0.10417   0.03177
   0.63009  -0.10367   0.02606
   0.62585  -0.10312   0.01975
   0.62247  -0.10253   0.01294
   0.62001  -0.10190   0.00574
   0.61851  -0.10125  -0.00171
   0.61801  -0.10059  -0.00929
   0.61152  -0.09659  -0.00894
   0.61206  -0.09585  -0.01737
   0.61371  -0.09512  -0.02565
   0.61643  -0.09442  -0.03365
   0.62018  -0.09375  -0.04123
   0.62488  -0.09314  -0.04825
   0.63047  -0.09258  -0.05460
   0.63684  -0.09208  -0.06017
   0.64389  -0.09167  -0.06486
   0.65148  -0.09134  -0.06860
   0.65951  -0.09110  -0.07132
   0.66782  -0.09096  -0.07298
   0.67628  -0.09091  -0.07353
   0.68473  -0.09096  -0.07299
   0.69305  -0.09110  -0.07135
   0.70108  -0.09134  -0.06865
   0.70868  -0.09167  -0.06492
   0.71574  -0.09209  -0.06024
   0.72212  -0.09258  -0.05468
   0.72771  -0.09314  -0.04833
   0.73243  -0.09375  -0.04132
   0.73619  -0.09442  -0.03375
   0.73892  -0.09512  -0.02575
   0.74058  -0.09585  -0.01747
   0.74115  -0.09659  -0.00904
   0.74060  -0.09732  -0.00061
   0.73895  -0.09805   0.00767
   0.73623  -0.09874   0.01567
   0.73248  -0.09940   0.02325
   0.72778  -0.10001   0.03027
   0.72219  -0.10056   0.03662
   0.71582  -0.10105   0.04220
   0.70877  -0.10145   0.04689
   0.70117  -0.10178   0.05063
   0.69315  -0.10201   0.05335
   0.68484  -0.10215   0.05500
   0.67638  -0.10220   0.05556
   0.66792  -0.10215   0.05501
   0.65961  -0.10201   0.05337
   0.65158  -0.10177   0.05067
   0.64397  -0.10145   0.04694
   0.63692  -0.10105   0.04226
   0.63054  -0.10056   0.03669
   0.62495  -0.10001   0.03035
   0.62023  -0.09940   0.02333
   0.61647  -0.09874   0.01576
   0.61374  -0.09805   0.00777
   0.61208  -0.09732  -0.00051
   0.61152  -0.09659  -0.00894
   0.60530  -0.09217  -0.00855
   0.60590  -0.09136  -0.01778
   0.60771  -0.09057  -0.02686
   0.61069  -0.08980  -0.03563
   0.61479  -0.08907  -0.04393
   0.61995  -0.08839  -0.05163
   0.62607  -0.08777  -0.05859
   0.63306  -0.08724  -0.06469
   0.64078  -0.08678  -0.06983
   0.64910  -0.08642  -0.07393
   0.65790  -0.08616  -0.07691
   0.66700  -0.08600  -0.07872
   0.67627  -0.08594  -0.07933
   0.68554  -0.08600  -0.07874
   0.69465  -0.08616  -0.07694
   0.70345  -0.08642  -0.07398
   0.71178  -0.08678  -0.06989
   0.71951  -0.08724  -0.06476
   0.72651  -0.08777  -0.05867
   0.73264  -0.08839  -0.05172
   0.73781  -0.08906  -0.04403
   0.74193  -0.08979  -0.03573
   0.74492  -0.09056  -0.02697
   0.74675  -0.09136  -0.01790
   0.74736  -0.09217  -0.00866
   0.74676  -0.09298   0.00058
   0.74495  -0.09377   0.00966
   0.74197  -0.09453   0.01842
   0.73787  -0.09525   0.02673
   0.73271  -0.09592   0.03442
   0.72659  -0.09653   0.04138
   0.71960  -0.09706   0.04749
   0.71188  -0.09750   0.05263
   0.70355  -0.09786   0.05673
   0.69476  -0.09811   0.05971
   0.68565  -0.09827   0.06152
   0.67638  -0.09832   0.06213
   0.66712  -0.09827   0.06153
   0.65801  -0.09811   0.05974
   0.64921  -0.09785   0.05677
   0.64087  -0.09750   0.05269
   0.63315  -0.09706   0.04755
   0.62615  -0.09653   0.04146
   0.62002  -0.09592   0.03451
   0.61485  -0.09526   0.02682
   0.61073  -0.09453   0.01852
   0.60774  -0.09377   0.00976
   0.60592  -0.09298   0.00069
   0.60530  -0.09217  -0.00855
   0.59939  -0.08736  -0.00812
   0.60004  -0.08648  -0.01813
   0.60199  -0.08562  -0.02796
   0.60522  -0.08479  -0.03746
   0.60967  -0.08400  -0.04645
   0.61526  -0.08326  -0.05479
   0.62189  -0.08260  -0.06232
   0.62946  -0.08201  -0.06893
   0.63782  -0.08152  -0.07451
   0.64684  -0.08113  -0.07894
   0.65636  -0.08084  -0.08217
   0.66623  -0.08067  -0.08413
   0.67627  -0.08061  -0.08479
   0.68631  -0.08067  -0.08415
   0.69618  -0.08084  -0.08220
   0.70571  -0.08113  -0.07899
   0.71473  -0.08152  -0.07457
   0.72311  -0.08201  -0.06901
   0.73068  -0.08259  -0.06241
   0.73733  -0.08326  -0.05489
   0.74293  -0.08399  -0.04656
   0.74739  -0.08478  -0.03757
   0.75063  -0.08562  -0.02808
   0.75261  -0.08648  -0.01825
   0.75327  -0.08735  -0.00824
   0.75262  -0.08823   0.00176
   0.75067  -0.08909   0.01160
   0.74744  -0.08992   0.02109
   0.74299  -0.09070   0.03009
   0.73740  -0.09142   0.03843
   0.73077  -0.09208   0.04596
   0.72321  -0.09265   0.05258
   0.71484  -0.09313   0.05815
   0.70582  -0.09352   0.06259
   0.69629  -0.09379   0.06581
   0.68643  -0.09396   0.06777
   0.67639  -0.09402   0.06843
   0.66635  -0.09396   0.06779
   0.65648  -0.09379   0.06584
   0.64695  -0.09351   0.06263
   0.63792  -0.09313   0.05821
   0.62955  -0.09265   0.05265
   0.62198  -0.09208   0.04605
   0.61533  -0.09142   0.03852
   0.60973  -0.09070   0.03019
   0.60527  -0.08992   0.02120
   0.60203  -0.08909   0.01171
   0.60005  -0.08824   0.00188
   0.59939  -0.08736  -0.00812
   0.59380  -0.08217  -0.00766
   0.59450  -0.08123  -0.01840
   0.59660  -0.08031  -0.02894
   0.60006  -0.07941  -0.03913
   0.60483  -0.07856  -0.04877
   0.61083  -0.07778  -0.05771
   0.61794  -0.07706  -0.06580
   0.62605  -0.07644  -0.07289
   0.63503  -0.07591  -0.07886
   0.64470  -0.07549  -0.08362
   0.65492  -0.07518  -0.08708
   0.66550  -0.07500  -0.08918
   0.67626  -0.07493  -0.08990
   0.68703  -0.07500  -0.08920
   0.69761  -0.07518  -0.08712
   0.70784  -0.07549  -0.08368
   0.71752  -0.07591  -0.07893
   0.72650  -0.07644  -0.07297
   0.73463  -0.07706  -0.06590
   0.74175  -0.07777  -0.05782
   0.74776  -0.07856  -0.04889
   0.75255  -0.07941  -0.03925
   0.75603  -0.08030  -0.02907
   0.75814  -0.08123  -0.01853
   0.75886  -0.08217  -0.00780
   0.75816  -0.08310   0.00294
   0.75606  -0.08402   0.01349
   0.75260  -0.08491   0.02367
   0.74783  -0.08575   0.03332
   0.74183  -0.08653   0.04226
   0.73472  -0.08723   0.05035
   0.72661  -0.08784   0.05744
   0.71763  -0.08836   0.06341
   0.70796  -0.08877   0.06817
   0.69774  -0.08907   0.07163
   0.68716  -0.08925   0.07373
   0.67639  -0.08931   0.07444
   0.66563  -0.08925   0.07375
   0.65504  -0.08907   0.07166
   0.64482  -0.08877   0.06822
   0.63514  -0.08836   0.06348
   0.62616  -0.08785   0.05751
   0.61804  -0.08723   0.05044
   0.61091  -0.08653   0.04236
   0.60490  -0.08576   0.03343
   0.60011  -0.08492   0.02379
   0.59663  -0.08403   0.01361
   0.59451  -0.08311   0.00307
   0.59380  -0.08217  -0.00766
   0.58856  -0.07663  -0.00718
   0.58931  -0.07563  -0.01859
   0.59154  -0.07465  -0.02980
   0.59523  -0.07370  -0.04063
   0.60030  -0.07280  -0.05089
   0.60668  -0.07196  -0.06040
   0.61424  -0.07120  -0.06899
   0.62287  -0.07053  -0.07653
   0.63241  -0.06997  -0.08288
   0.64270  -0.06952  -0.08794
   0.65356  -0.06920  -0.09162
   0.66481  -0.06900  -0.09386
   0.67626  -0.06893  -0.09462
   0.68771  -0.06900  -0.09388
   0.69896  -0.06920  -0.09166
   0.70983  -0.06952  -0.08800
   0.72013  -0.06997  -0.08296
   0.72968  -0.07053  -0.07662
   0.73832  -0.07119  -0.06910
   0.74590  -0.07195  -0.06051
   0.75229  -0.07279  -0.05101
   0.75738  -0.07369  -0.04076
   0.76108  -0.07464  -0.02994
   0.76333  -0.07562  -0.01873
   0.76409  -0.07662  -0.00731
   0.76335  -0.07762   0.00410
   0.76112  -0.07860   0.01532
   0.75743  -0.07954   0.02615
   0.75236  -0.08044   0.03641
   0.74599  -0.08126   0.04592
   0.73842  -0.08201   0.05451
   0.72979  -0.08266   0.06205
   0.72025  -0.08321   0.06841
   0.70996  -0.08365   0.07347
   0.69910  -0.08397   0.07714
   0.68785  -0.08416   0.07938
   0.67640  -0.08422   0.08013
   0.66495  -0.08416   0.07940
   0.65369  -0.08397   0.07718
   0.64283  -0.08365   0.07351
   0.63253  -0.08321   0.06847
   0.62298  -0.08266   0.06213
   0.61434  -0.08201   0.05461
   0.60676  -0.08127   0.04602
   0.60037  -0.08044   0.03652
   0.59528  -0.07955   0.02627
   0.59158  -0.07861   0.01545
   0.58932  -0.07763   0.00424
   0.58856  -0.07663  -0.00718
   0.58370  -0.07076  -0.00666
   0.58449  -0.06971  -0.01870
   0.58684  -0.06867  -0.03054
   0.59074  -0.06766  -0.04197
   0.59609  -0.06671  -0.05279
   0.60282  -0.06583  -0.06283
   0.61081  -0.06503  -0.07190
   0.61991  -0.06432  -0.07985
   0.62998  -0.06373  -0.08656
   0.64084  -0.06326  -0.09189
   0.65230  -0.06292  -0.09577
   0.66417  -0.06271  -0.09813
   0.67625  -0.06264  -0.09893
   0.68834  -0.06271  -0.09816
   0.70021  -0.06292  -0.09582
   0.71169  -0.06326  -0.09196
   0.72255  -0.06373  -0.08664
   0.73263  -0.06432  -0.07995
   0.74175  -0.06502  -0.07201
   0.74975  -0.06582  -0.06295
   0.75649  -0.06670  -0.05292
   0.76187  -0.06765  -0.04211
   0.76577  -0.06866  -0.03068
   0.76815  -0.06970  -0.01885
   0.76895  -0.07075  -0.00680
   0.76817  -0.07180   0.00524
   0.76581  -0.07284   0.01708
   0.76192  -0.07383   0.02851
   0.75657  -0.07478   0.03934
   0.74984  -0.07565   0.04937
   0.74185  -0.07644   0.05844
   0.73275  -0.07713   0.06640
   0.72268  -0.07771   0.07311
   0.71182  -0.07817   0.07844
   0.70036  -0.07850   0.08233
   0.68848  -0.07871   0.08468
   0.67640  -0.07877   0.08548
   0.66432  -0.07870   0.08470
   0.65244  -0.07850   0.08236
   0.64097  -0.07817   0.07849
   0.63011  -0.07771   0.07317
   0.62003  -0.07713   0.06649
   0.61091  -0.07644   0.05854
   0.60291  -0.07565   0.04948
   0.59617  -0.07478   0.03946
   0.59079  -0.07384   0.02864
   0.58688  -0.07285   0.01722
   0.58451  -0.07182   0.00539
   0.58370  -0.07076  -0.00666
   0.57924  -0.06459  -0.00611
   0.58006  -0.06348  -0.01874
   0.58253  -0.06239  -0.03115
   0.58661  -0.06134  -0.04313
   0.59223  -0.06034  -0.05447
   0.59928  -0.05941  -0.06499
   0.60765  -0.05858  -0.07450
   0.61719  -0.05784  -0.08283
   0.62775  -0.05722  -0.08986
   0.63913  -0.05672  -0.09545
   0.65114  -0.05636  -0.09952
   0.66359  -0.05615  -0.10199
   0.67625  -0.05607  -0.10283
   0.68891  -0.05615  -0.10202
   0.70136  -0.05636  -0.09956
   0.71339  -0.05672  -0.09552
   0.72478  -0.05722  -0.08994
   0.73534  -0.05784  -0.08293
   0.74490  -0.05857  -0.07461
   0.75329  -0.05941  -0.06511
   0.76036  -0.06033  -0.05461
   0.76599  -0.06133  -0.04327
   0.77008  -0.06238  -0.03130
   0.77257  -0.06347  -0.01889
   0.77342  -0.06457  -0.00627
   0.77259  -0.06568   0.00636
   0.77012  -0.06676   0.01877
   0.76605  -0.06780   0.03075
   0.76043  -0.06879   0.04209
   0.75338  -0.06971   0.05261
   0.74501  -0.07053   0.06212
   0.73547  -0.07126   0.07046
   0.72491  -0.07186   0.07749
   0.71353  -0.07235   0.08308
   0.70151  -0.07270   0.08715
   0.68907  -0.07291   0.08962
   0.67641  -0.07298   0.09046
   0.66374  -0.07291   0.08964
   0.65129  -0.07270   0.08719
   0.63927  -0.07235   0.08314
   0.62788  -0.07187   0.07756
   0.61732  -0.07126   0.07055
   0.60776  -0.07054   0.06223
   0.59937  -0.06971   0.05273
   0.59230  -0.06880   0.04223
   0.58667  -0.06782   0.03089
   0.58257  -0.06677   0.01892
   0.58008  -0.06569   0.00651
   0.57924  -0.06459  -0.00611
   0.57519  -0.05813  -0.00555
   0.57604  -0.05698  -0.01870
   0.57862  -0.05585  -0.03162
   0.58287  -0.05475  -0.04410
   0.58872  -0.05371  -0.05592
   0.59607  -0.05274  -0.06687
   0.60479  -0.05187  -0.07678
   0.61473  -0.05110  -0.08546
   0.62572  -0.05046  -0.09278
   0.63758  -0.04994  -0.09860
   0.65010  -0.04957  -0.10284
   0.66306  -0.04934  -0.10542
   0.67625  -0.04927  -0.10629
   0.68944  -0.04934  -0.10544
   0.70241  -0.04957  -0.10289
   0.71493  -0.04994  -0.09867
   0.72680  -0.05046  -0.09286
   0.73780  -0.05110  -0.08556
   0.74776  -0.05186  -0.07690
   0.75649  -0.05274  -0.06700
   0.76386  -0.05370  -0.05606
   0.76972  -0.05474  -0.04425
   0.77399  -0.05583  -0.03178
   0.77659  -0.05696  -0.01886
   0.77746  -0.05811  -0.00571
   0.77661  -0.05926   0.00745
   0.77403  -0.06039   0.02037
   0.76979  -0.06148   0.03285
   0.76394  -0.06251   0.04467
   0.75659  -0.06346   0.05563
   0.74787  -0.06433   0.06553
   0.73793  -0.06508   0.07422
   0.72694  -0.06571   0.08154
   0.71508  -0.06622   0.08737
   0.70256  -0.06658   0.09160
   0.68960  -0.06681   0.09418
   0.67641  -0.06688   0.09505
   0.66322  -0.06681   0.09420
   0.65025  -0.06658   0.09164
   0.63773  -0.06622   0.08742
   0.62586  -0.06572   0.08161
   0.61486  -0.06508   0.07431
   0.60490  -0.06433   0.06564
   0.59617  -0.06347   0.05575
   0.58880  -0.06252   0.04481
   0.58293  -0.06150   0.03300
   0.57866  -0.06041   0.02053
   0.57606  -0.05928   0.00760
   0.57519  -0.05813  -0.00555
   0.57157  -0.05142  -0.00496
   0.57246  -0.05023  -0.01858
   0.57513  -0.04906  -0.03197
   0.57953  -0.04792  -0.04489
   0.58559  -0.04685  -0.05713
   0.59320  -0.04585  -0.06848
   0.60223  -0.04494  -0.07873
   0.61253  -0.04415  -0.08772
   0.62392  -0.04348  -0.09530
   0.63620  -0.04295  -0.10134
   0.64916  -0.04256  -0.10572
   0.66259  -0.04233  -0.10839
   0.67624  -0.04225  -0.10929
   0.68991  -0.04233  -0.10842
   0.70334  -0.04256  -0.10577
   0.71631  -0.04295  -0.10141
   0.72860  -0.04348  -0.09539
   0.74000  -0.04414  -0.08783
   0.75031  -0.04493  -0.07885
   0.75936  -0.04584  -0.06861
   0.76699  -0.04683  -0.05728
   0.77306  -0.04791  -0.04504
   0.77748  -0.04904  -0.03213
   0.78017  -0.05021  -0.01874
   0.78108  -0.05141  -0.00512
   0.78019  -0.05260   0.00850
   0.77753  -0.05377   0.02189
   0.77313  -0.05489   0.03481
   0.76707  -0.05596   0.04706
   0.75946  -0.05695   0.05840
   0.75043  -0.05784   0.06866
   0.74013  -0.05862   0.07766
   0.72874  -0.05928   0.08524
   0.71646  -0.05980   0.09127
   0.70350  -0.06018   0.09566
   0.69007  -0.06041   0.09833
   0.67641  -0.06049   0.09922
   0.66275  -0.06041   0.09834
   0.64932  -0.06018   0.09570
   0.63635  -0.05980   0.09133
   0.62406  -0.05928   0.08531
   0.61266  -0.05863   0.07775
   0.60235  -0.05785   0.06878
   0.59330  -0.05696   0.05853
   0.58567  -0.05597   0.04720
   0.57959  -0.05491   0.03497
   0.57517  -0.05378   0.02205
   0.57248  -0.05262   0.00866
   0.57157  -0.05142  -0.00496
   0.56840  -0.04450  -0.00435
   0.56932  -0.04327  -0.01838
   0.57207  -0.04206  -0.03217
   0.57660  -0.04089  -0.04549
   0.58285  -0.03978  -0.05810
   0.59069  -0.03875  -0.06979
   0.60000  -0.03782  -0.08035
   0.61061  -0.03700  -0.08962
   0.62234  -0.03631  -0.09742
   0.63499  -0.03577  -0.10364
   0.64834  -0.03537  -0.10816
   0.66217  -0.03513  -0.11090
   0.67624  -0.03505  -0.11183
   0.69032  -0.03513  -0.11093
   0.70415  -0.03537  -0.10821
   0.71752  -0.03576  -0.10371
   0.73018  -0.03631  -0.09751
   0.74192  -0.03700  -0.08973
   0.75254  -0.03781  -0.08048
   0.76186  -0.03874  -0.06992
   0.76972  -0.03977  -0.05825
   0.77598  -0.04087  -0.04565
   0.78054  -0.04204  -0.03234
   0.78331  -0.04325  -0.01855
   0.78424  -0.04448  -0.00452
   0.78333  -0.04570   0.00951
   0.78058  -0.04691   0.02331
   0.77605  -0.04807   0.03662
   0.76981  -0.04917   0.04924
   0.76197  -0.05019   0.06093
   0.75266  -0.05111   0.07149
   0.74206  -0.05191   0.08076
   0.73033  -0.05259   0.08857
   0.71767  -0.05313   0.09478
   0.70432  -0.05352   0.09930
   0.69049  -0.05376   0.10205
   0.67641  -0.05384   0.10298
   0.66234  -0.05376   0.10207
   0.64851  -0.05352   0.09934
   0.63514  -0.05313   0.09484
   0.62248  -0.05259   0.08865
   0.61074  -0.05192   0.08086
   0.60012  -0.05111   0.07161
   0.59079  -0.05020   0.06106
   0.58293  -0.04918   0.04938
   0.57667  -0.04809   0.03678
   0.57211  -0.04693   0.02348
   0.56934  -0.04572   0.00969
   0.56840  -0.04450  -0.00435
   0.56570  -0.03737  -0.00372
   0.56663  -0.03611  -0.01811
   0.56945  -0.03487  -0.03225
   0.57410  -0.03368  -0.04590
   0.58050  -0.03254  -0.05882
   0.58854  -0.03149  -0.07080
   0.59809  -0.03053  -0.08163
   0.60896  -0.02970  -0.09112
   0.62098  -0.02899  -0.09912
   0.63395  -0.02843  -0.10549
   0.64764  -0.02802  -0.11013
   0.66182  -0.02778  -0.11294
   0.67624  -0.02769  -0.11390
   0.69067  -0.02777  -0.11297
   0.70485  -0.02802  -0.11018
   0.71855  -0.02843  -0.10557
   0.73152  -0.02899  -0.09922
   0.74356  -0.02969  -0.09124
   0.75445  -0.03052  -0.08176
   0.76401  -0.03147  -0.07094
   0.77206  -0.03253  -0.05897
   0.77848  -0.03366  -0.04606
   0.78315  -0.03486  -0.03241
   0.78599  -0.03609  -0.01828
   0.78695  -0.03735  -0.00390
   0.78601  -0.03861   0.01049
   0.78319  -0.03985   0.02463
   0.77855  -0.04104   0.03828
   0.77215  -0.04216   0.05120
   0.76411  -0.04321   0.06318
   0.75458  -0.04415   0.07402
   0.74370  -0.04498   0.08352
   0.73168  -0.04567   0.09152
   0.71871  -0.04623   0.09789
   0.70502  -0.04663   0.10252
   0.69084  -0.04687   0.10533
   0.67642  -0.04696   0.10628
   0.66199  -0.04687   0.10535
   0.64781  -0.04663   0.10256
   0.63411  -0.04623   0.09795
   0.62114  -0.04568   0.09160
   0.60910  -0.04499   0.08362
   0.59821  -0.04416   0.07414
   0.58865  -0.04322   0.06332
   0.58059  -0.04218   0.05136
   0.57417  -0.04105   0.03844
   0.56950  -0.03986   0.02480
   0.56666  -0.03863   0.01066
   0.56570  -0.03737  -0.00372
   0.56347  -0.03009  -0.00308
   0.56442  -0.02880  -0.01776
   0.56730  -0.02754  -0.03218
   0.57204  -0.02632  -0.04611
   0.57857  -0.02516  -0.05929
   0.58678  -0.02409  -0.07151
   0.59651  -0.02311  -0.08256
   0.60761  -0.02226  -0.09224
   0.61987  -0.02154  -0.10040
   0.63310  -0.02097  -0.10690
   0.64706  -0.02056  -0.11163
   0.66152  -0.02030  -0.11450
   0.67624  -0.02022  -0.11547
   0.69095  -0.02030  -0.11453
   0.70542  -0.02055  -0.11168
   0.71939  -0.02097  -0.10698
   0.73263  -0.02154  -0.10050
   0.74491  -0.02225  -0.09236
   0.75602  -0.02310  -0.08269
   0.76577  -0.02407  -0.07165
   0.77399  -0.02514  -0.05944
   0.78054  -0.02630  -0.04627
   0.78530  -0.02752  -0.03235
   0.78820  -0.02878  -0.01793
   0.78917  -0.03007  -0.00326
   0.78822  -0.03135   0.01141
   0.78535  -0.03261   0.02584
   0.78061  -0.03383   0.03976
   0.77408  -0.03498   0.05295
   0.76588  -0.03604   0.06517
   0.75615  -0.03701   0.07622
   0.74506  -0.03785   0.08591
   0.73279  -0.03856   0.09407
   0.71956  -0.03913   0.10057
   0.70560  -0.03954   0.10530
   0.69113  -0.03979   0.10817
   0.67642  -0.03987   0.10913
   0.66170  -0.03979   0.10819
   0.64724  -0.03954   0.10534
   0.63327  -0.03913   0.10063
   0.62003  -0.03857   0.09415
   0.60775  -0.03786   0.08601
   0.59664  -0.03702   0.07634
   0.58689  -0.03606   0.06531
   0.57866  -0.03499   0.05310
   0.57211  -0.03384   0.03993
   0.56734  -0.03263   0.02601
   0.56445  -0.03137   0.01159
   0.56347  -0.03009  -0.00308
   0.56172  -0.02267  -0.00243
   0.56269  -0.02137  -0.01734
   0.56561  -0.02008  -0.03198
   0.57043  -0.01884  -0.04612
   0.57706  -0.01767  -0.05951
   0.58539  -0.01658  -0.07192
   0.59528  -0.01560  -0.08314
   0.60654  -0.01473  -0.09297
   0.61900  -0.01400  -0.10126
   0.63243  -0.01342  -0.10785
   0.64661  -0.01300  -0.11265
   0.66130  -0.01275  -0.11557
   0.67624  -0.01266  -0.11656
   0.69118  -0.01274  -0.11560
   0.70587  -0.01300  -0.11271
   0.72006  -0.01342  -0.10793
   0.73350  -0.01400  -0.10136
   0.74597  -0.01472  -0.09309
   0.75725  -0.01558  -0.08327
   0.76715  -0.01657  -0.07206
   0.77550  -0.01765  -0.05966
   0.78215  -0.01883  -0.04629
   0.78698  -0.02007  -0.03215
   0.78992  -0.02135  -0.01751
   0.79092  -0.02265  -0.00261
   0.78995  -0.02395   0.01229
   0.78703  -0.02524   0.02693
   0.78222  -0.02647   0.04107
   0.77559  -0.02764   0.05446
   0.76726  -0.02872   0.06687
   0.75738  -0.02970   0.07809
   0.74612  -0.03056   0.08793
   0.73366  -0.03128   0.09622
   0.72023  -0.03186   0.10282
   0.70605  -0.03227   0.10762
   0.69136  -0.03253   0.11053
   0.67642  -0.03261   0.11151
   0.66148  -0.03253   0.11055
   0.64679  -0.03228   0.10766
   0.63260  -0.03186   0.10288
   0.61916  -0.03129   0.09630
   0.60669  -0.03057   0.08804
   0.59541  -0.02971   0.07822
   0.58551  -0.02874   0.06702
   0.57716  -0.02765   0.05462
   0.57050  -0.02649   0.04124
   0.56566  -0.02525   0.02711
   0.56272  -0.02397   0.01247
   0.56172  -0.02267  -0.00243
   0.56047  -0.01516  -0.00177
   0.56145  -0.01384  -0.01684
   0.56440  -0.01254  -0.03165
   0.56928  -0.01129  -0.04594
   0.57598  -0.01010  -0.05947
   0.58440  -0.00900  -0.07202
   0.59439  -0.00801  -0.08336
   0.60578  -0.00714  -0.09330
   0.61838  -0.00640  -0.10168
   0.63195  -0.00582  -0.10835
   0.64629  -0.00539  -0.11320
   0.66113  -0.00513  -0.11614
   0.67624  -0.00504  -0.11714
   0.69134  -0.00513  -0.11617
   0.70619  -0.00539  -0.11325
   0.72054  -0.00581  -0.10842
   0.73413  -0.00639  -0.10178
   0.74673  -0.00713  -0.09342
   0.75813  -0.00800  -0.08349
   0.76814  -0.00899  -0.07216
   0.77658  -0.01009  -0.05963
   0.78330  -0.01127  -0.04611
   0.78819  -0.01252  -0.03182
   0.79116  -0.01382  -0.01702
   0.79217  -0.01514  -0.00196
   0.79119  -0.01646   0.01311
   0.78824  -0.01775   0.02791
   0.78337  -0.01900   0.04220
   0.77667  -0.02018   0.05574
   0.76825  -0.02128   0.06829
   0.75827  -0.02227   0.07963
   0.74688  -0.02314   0.08958
   0.73429  -0.02387   0.09795
   0.72071  -0.02445   0.10462
   0.70637  -0.02487   0.10947
   0.69152  -0.02513   0.11242
   0.67642  -0.02522   0.11341
   0.66132  -0.02513   0.11244
   0.64647  -0.02487   0.10951
   0.63212  -0.02445   0.10469
   0.61854  -0.02387   0.09804
   0.60593  -0.02314   0.08968
   0.59452  -0.02228   0.07976
   0.58451  -0.02129   0.06843
   0.57607  -0.02020   0.05590
   0.56935  -0.01902   0.04238
   0.56445  -0.01777   0.02809
   0.56148  -0.01647   0.01329
   0.56047  -0.01516  -0.00177
   0.55972  -0.00758  -0.00111
   0.56070  -0.00625  -0.01627
   0.56368  -0.00494  -0.03118
   0.56858  -0.00368  -0.04556
   0.57533  -0.00249  -0.05919
   0.58381  -0.00139  -0.07181
   0.59386  -0.00039  -0.08322
   0.60533   0.00049  -0.09323
   0.61800   0.00123  -0.10166
   0.63167   0.00182  -0.10837
   0.64609   0.00225  -0.11325
   0.66103   0.00251  -0.11622
   0.67624   0.00259  -0.11723
   0.69144   0.00251  -0.11625
   0.70639   0.00225  -0.11331
   0.72082   0.00182  -0.10845
   0.73450   0.00124  -0.10176
   0.74719   0.00050  -0.09335
   0.75867  -0.00037  -0.08336
   0.76874  -0.00137  -0.07196
   0.77723  -0.00248  -0.05934
   0.78399  -0.00367  -0.04573
   0.78892  -0.00493  -0.03135
   0.79191  -0.00623  -0.01645
   0.79292  -0.00756  -0.00130
   0.79193  -0.00888   0.01387
   0.78896  -0.01019   0.02877
   0.78407  -0.01145   0.04315
   0.77732  -0.01264   0.05678
   0.76885  -0.01374   0.06941
   0.75880  -0.01474   0.08082
   0.74734  -0.01561   0.09083
   0.73466  -0.01635   0.09926
   0.72099  -0.01694   0.10598
   0.70657  -0.01736   0.11086
   0.69162  -0.01762   0.11382
   0.67642  -0.01771   0.11482
   0.66122  -0.01762   0.11384
   0.64627  -0.01737   0.11090
   0.63184  -0.01694   0.10604
   0.61816  -0.01636   0.09935
   0.60547  -0.01562   0.09094
   0.59399  -0.01475   0.08095
   0.58392  -0.01375   0.06955
   0.57542  -0.01265   0.05694
   0.56865  -0.01146   0.04333
   0.56372  -0.01020   0.02895
   0.56073  -0.00890   0.01405
   0.55972  -0.00758  -0.00111
   0.55946   0.00004  -0.00044
   0.56045   0.00137  -0.01564
   0.56343   0.00268  -0.03058
   0.56835   0.00394  -0.04499
   0.57511   0.00513  -0.05865
   0.58361   0.00624  -0.07130
   0.59368   0.00724  -0.08273
   0.60517   0.00812  -0.09276
   0.61787   0.00885  -0.10121
   0.63157   0.00944  -0.10794
   0.64603   0.00987  -0.11283
   0.66100   0.01013  -0.11580
   0.67624   0.01022  -0.11681
   0.69147   0.01013  -0.11583
   0.70645   0.00988  -0.11289
   0.72092   0.00945  -0.10802
   0.73463   0.00886  -0.10131
   0.74734   0.00813  -0.09288
   0.75884   0.00725  -0.08287
   0.76894   0.00625  -0.07144
   0.77745   0.00514  -0.05880
   0.78423   0.00395  -0.04516
   0.78916   0.00269  -0.03075
   0.79216   0.00138  -0.01582
   0.79317   0.00006  -0.00063
   0.79218  -0.00127   0.01456
   0.78921  -0.00258   0.02950
   0.78430  -0.00384   0.04392
   0.77754  -0.00504   0.05757
   0.76905  -0.00614   0.07022
   0.75897  -0.00714   0.08166
   0.74749  -0.00802   0.09170
   0.73479  -0.00876   0.10015
   0.72109  -0.00935   0.10687
   0.70663  -0.00978   0.11176
   0.69166  -0.01004   0.11474
   0.67642  -0.01013   0.11574
   0.66119  -0.01004   0.11476
   0.64621  -0.00978   0.11181
   0.63174  -0.00936   0.10694
   0.61804  -0.00877   0.10023
   0.60532  -0.00803   0.09180
   0.59382  -0.00716   0.08179
   0.58372  -0.00616   0.07037
   0.57520  -0.00505   0.05773
   0.56842  -0.00386   0.04409
   0.56348  -0.00260   0.02968
   0.56048  -0.00129   0.01475
   0.55946   0.00004  -0.00044
   0.55972   0.00765   0.00022
   0.56070   0.00898  -0.01494
   0.56368   0.01028  -0.02984
   0.56858   0.01154  -0.04423
   0.57533   0.01273  -0.05785
   0.58381   0.01383  -0.07048
   0.59386   0.01483  -0.08189
   0.60533   0.01571  -0.09190
   0.61800   0.01644  -0.10033
   0.63167   0.01703  -0.10704
   0.64609   0.01746  -0.11192
   0.66103   0.01771  -0.11489
   0.67624   0.01780  -0.11590
   0.69144   0.01772  -0.11492
   0.70639   0.01746  -0.11198
   0.72082   0.01704  -0.10712
   0.73450   0.01645  -0.10043
   0.74719   0.01572  -0.09202
   0.75867   0.01484  -0.08203
   0.76874   0.01385  -0.07063
   0.77723   0.01274  -0.05801
   0.78399   0.01155  -0.04440
   0.78892   0.01030  -0.03002
   0.79191   0.00899  -0.01512
   0.79292   0.00767   0.00004
   0.79193   0.00634   0.01520
   0.78896   0.00504   0.03010
   0.78407   0.00378   0.04449
   0.77732   0.00259   0.05811
   0.76885   0.00148   0.07074
   0.75880   0.00048   0.08215
   0.74734  -0.00040   0.09216
   0.73466  -0.00114   0.10060
   0.72099  -0.00172   0.10731
   0.70657  -0.00215   0.11219
   0.69162  -0.00241   0.11515
   0.67642  -0.00250   0.11615
   0.66122  -0.00241   0.11517
   0.64627  -0.00216   0.11223
   0.63184  -0.00173   0.10737
   0.61816  -0.00114   0.10068
   0.60547  -0.00041   0.09227
   0.59399   0.00047   0.08228
   0.58392   0.00147   0.07088
   0.57542   0.00257   0.05827
   0.56865   0.00376   0.04466
   0.56372   0.00502   0.03028
   0.56073   0.00633   0.01538
   0.55972   0.00765   0.00022
   0.56047   0.01523   0.00088
   0.56145   0.01655  -0.01418
   0.56440   0.01785  -0.02899
   0.56928   0.01909  -0.04328
   0.57598   0.02028  -0.05682
   0.58440   0.02137  -0.06936
   0.59439   0.02236  -0.08070
   0.60578   0.02323  -0.09064
   0.61838   0.02396  -0.09902
   0.63195   0.02454  -0.10569
   0.64629   0.02496  -0.11054
   0.66113   0.02522  -0.11349
   0.67624   0.02531  -0.11449
   0.69134   0.02522  -0.11352
   0.70619   0.02497  -0.11059
   0.72054   0.02455  -0.10577
   0.73413   0.02397  -0.09912
   0.74673   0.02324  -0.09076
   0.75813   0.02237  -0.08083
   0.76814   0.02138  -0.06951
   0.77658   0.02029  -0.05697
   0.78330   0.01911  -0.04345
   0.78819   0.01786  -0.02916
   0.79116   0.01656  -0.01436
   0.79217   0.01525   0.00070
   0.79119   0.01393   0.01576
   0.78824   0.01263   0.03057
   0.78337   0.01138   0.04486
   0.77667   0.01020   0.05840
   0.76825   0.00910   0.07095
   0.75827   0.00810   0.08229
   0.74688   0.00723   0.09223
   0.73429   0.00650   0.10061
   0.72071   0.00591   0.10728
   0.70637   0.00548   0.11213
   0.69152   0.00523   0.11507
   0.67642   0.00514   0.11607
   0.66132   0.00522   0.11510
   0.64647   0.00548   0.11217
   0.63212   0.00590   0.10734
   0.61854   0.00649   0.10069
   0.60593   0.00722   0.09234
   0.59452   0.00809   0.08241
   0.58451   0.00908   0.07109
   0.57607   0.01018   0.05856
   0.56935   0.01137   0.04504
   0.56445   0.01262   0.03075
   0.56148   0.01392   0.01595
   0.56047   0.01523   0.00088
   0.56172   0.02275   0.00154
   0.56269   0.02405  -0.01336
   0.56561   0.02533  -0.02801
   0.57043   0.02657  -0.04215
   0.57706   0.02773  -0.05554
   0.58539   0.02882  -0.06795
   0.59528   0.02979  -0.07916
   0.60654   0.03065  -0.08900
   0.61900   0.03137  -0.09729
   0.63243   0.03195  -0.10388
   0.64661   0.03237  -0.10868
   0.66130   0.03262  -0.11160
   0.67624   0.03271  -0.11259
   0.69118   0.03262  -0.11163
   0.70587   0.03237  -0.10874
   0.72006   0.03196  -0.10396
   0.73350   0.03138  -0.09738
   0.74597   0.03066  -0.08912
   0.75725   0.02981  -0.07930
   0.76715   0.02883  -0.06809
   0.77550   0.02775  -0.05569
   0.78215   0.02658  -0.04231
   0.78698   0.02534  -0.02818
   0.78992   0.02406  -0.01354
   0.79092   0.02276   0.00136
   0.78995   0.02146   0.01626
   0.78703   0.02017   0.03091
   0.78222   0.01894   0.04504
   0.77559   0.01776   0.05843
   0.76726   0.01667   0.07085
   0.75738   0.01569   0.08207
   0.74612   0.01483   0.09190
   0.73366   0.01410   0.10019
   0.72023   0.01352   0.10679
   0.70605   0.01310   0.11159
   0.69136   0.01284   0.11450
   0.67642   0.01275   0.11548
   0.66148   0.01284   0.11452
   0.64679   0.01309   0.11163
   0.63260   0.01351   0.10685
   0.61916   0.01409   0.10027
   0.60669   0.01482   0.09201
   0.59541   0.01568   0.08219
   0.58551   0.01666   0.07099
   0.57716   0.01775   0.05859
   0.57050   0.01892   0.04522
   0.56566   0.02016   0.03108
   0.56272   0.02144   0.01644
   0.56172   0.02275   0.00154
   0.56347   0.03017   0.00219
   0.56442   0.03145  -0.01249
   0.56730   0.03271  -0.02691
   0.57204   0.03392  -0.04084
   0.57857   0.03507  -0.05402
   0.58678   0.03614  -0.06624
   0.59651   0.03710  -0.07729
   0.60761   0.03794  -0.08698
   0.61987   0.03865  -0.09514
   0.63310   0.03922  -0.10164
   0.64706   0.03963  -0.10636
   0.66152   0.03988  -0.10924
   0.67624   0.03996  -0.11021
   0.69095   0.03988  -0.10926
   0.70542   0.03964  -0.10641
   0.71939   0.03923  -0.10171
   0.73263   0.03866  -0.09524
   0.74491   0.03795  -0.08709
   0.75602   0.03711  -0.07742
   0.76577   0.03615  -0.06639
   0.77399   0.03509  -0.05418
   0.78054   0.03394  -0.04100
   0.78530   0.03272  -0.02708
   0.78820   0.03146  -0.01266
   0.78917   0.03018   0.00201
   0.78822   0.02889   0.01668
   0.78535   0.02763   0.03111
   0.78061   0.02641   0.04503
   0.77408   0.02525   0.05822
   0.76588   0.02418   0.07044
   0.75615   0.02321   0.08149
   0.74506   0.02236   0.09118
   0.73279   0.02164   0.09934
   0.71956   0.02107   0.10584
   0.70560   0.02065   0.11056
   0.69113   0.02040   0.11343
   0.67642   0.02031   0.11440
   0.66170   0.02040   0.11345
   0.64724   0.02065   0.11060
   0.63327   0.02106   0.10590
   0.62003   0.02163   0.09942
   0.60775   0.02235   0.09128
   0.59664   0.02320   0.08161
   0.58689   0.02417   0.07058
   0.57866   0.02524   0.05837
   0.57211   0.02640   0.04520
   0.56734   0.02762   0.03128
   0.56445   0.02888   0.01686
   0.56347   0.03017   0.00219
   0.56570   0.03745   0.00282
   0.56663   0.03871  -0.01156
   0.56945   0.03994  -0.02570
   0.57410   0.04113  -0.03935
   0.58050   0.04226  -0.05228
   0.58854   0.04330  -0.06426
   0.59809   0.04424  -0.07509
   0.60896   0.04507  -0.08458
   0.62098   0.04576  -0.09258
   0.63395   0.04632  -0.09895
   0.64764   0.04672  -0.10359
   0.66182   0.04697  -0.10640
   0.67624   0.04705  -0.10736
   0.69067   0.04697  -0.10643
   0.70485   0.04673  -0.10364
   0.71855   0.04633  -0.09903
   0.73152   0.04578  -0.09268
   0.74356   0.04508  -0.08470
   0.75445   0.04426  -0.07521
   0.76401   0.04332  -0.06440
   0.77206   0.04227  -0.05243
   0.77848   0.04115  -0.03951
   0.78315   0.03995  -0.02587
   0.78599   0.03872  -0.01173
   0.78695   0.03746   0.00265
   0.78601   0.03620   0.01703
   0.78319   0.03496   0.03117
   0.77855   0.03377   0.04482
   0.77215   0.03263   0.05775
   0.76411   0.03158   0.06973
   0.75458   0.03063   0.08056
   0.74370   0.02979   0.09006
   0.73168   0.02909   0.09806
   0.71871   0.02853   0.10443
   0.70502   0.02812   0.10906
   0.69084   0.02787   0.11187
   0.67642   0.02779   0.11282
   0.66199   0.02787   0.11189
   0.64781   0.02811   0.10910
   0.63411   0.02852   0.10449
   0.62114   0.02908   0.09814
   0.60910   0.02978   0.09016
   0.59821   0.03062   0.08068
   0.58865   0.03157   0.06987
   0.58059   0.03262   0.05790
   0.57417   0.03376   0.04499
   0.56950   0.03495   0.03134
   0.56666   0.03619   0.01721
   0.56570   0.03745   0.00282
   0.56840   0.04457   0.00345
   0.56932   0.04580  -0.01059
   0.57207   0.04701  -0.02438
   0.57660   0.04817  -0.03770
   0.58285   0.04926  -0.05031
   0.59069   0.05028  -0.06200
   0.60000   0.05120  -0.07256
   0.61061   0.05200  -0.08183
   0.62234   0.05268  -0.08963
   0.63499   0.05322  -0.09585
   0.64834   0.05361  -0.10037
   0.66217   0.05385  -0.10312
   0.67624   0.05393  -0.10405
   0.69032   0.05385  -0.10315
   0.70415   0.05362  -0.10042
   0.71752   0.05323  -0.09592
   0.73018   0.05269  -0.08973
   0.74192   0.05202  -0.08194
   0.75254   0.05121  -0.07269
   0.76186   0.05029  -0.06213
   0.76972   0.04928  -0.05046
   0.77598   0.04818  -0.03786
   0.78054   0.04702  -0.02455
   0.78331   0.04581  -0.01076
   0.78424   0.04458   0.00327
   0.78333   0.04336   0.01731
   0.78058   0.04215   0.03110
   0.77605   0.04098   0.04442
   0.76981   0.03987   0.05703
   0.76197   0.03885   0.06871
   0.75266   0.03792   0.07928
   0.74206   0.03710   0.08855
   0.73033   0.03641   0.09636
   0.71767   0.03586   0.10257
   0.70432   0.03546   0.10709
   0.69049   0.03522   0.10983
   0.67641   0.03514   0.11076
   0.66234   0.03522   0.10985
   0.64851   0.03546   0.10713
   0.63514   0.03586   0.10263
   0.62248   0.03640   0.09643
   0.61074   0.03709   0.08865
   0.60012   0.03790   0.07940
   0.59079   0.03883   0.06885
   0.58293   0.03986   0.05717
   0.57667   0.04097   0.04458
   0.57211   0.04214   0.03127
   0.56934   0.04335   0.01748
   0.56840   0.04457   0.00345
   0.57157   0.05150   0.00405
   0.57246   0.05270  -0.00957
   0.57513   0.05386  -0.02296
   0.57953   0.05499  -0.03589
   0.58559   0.05605  -0.04813
   0.59320   0.05704  -0.05947
   0.60223   0.05793  -0.06973
   0.61253   0.05871  -0.07873
   0.62392   0.05937  -0.08630
   0.63620   0.05989  -0.09234
   0.64916   0.06027  -0.09673
   0.66259   0.06050  -0.09940
   0.67624   0.06058  -0.10030
   0.68991   0.06051  -0.09942
   0.70334   0.06028  -0.09678
   0.71631   0.05990  -0.09241
   0.72860   0.05938  -0.08639
   0.74000   0.05872  -0.07883
   0.75031   0.05794  -0.06985
   0.75936   0.05705  -0.05961
   0.76699   0.05607  -0.04827
   0.77306   0.05500  -0.03604
   0.77748   0.05387  -0.02312
   0.78017   0.05271  -0.00974
   0.78108   0.05151   0.00388
   0.78019   0.05032   0.01750
   0.77753   0.04915   0.03089
   0.77313   0.04801   0.04382
   0.76707   0.04694   0.05606
   0.75946   0.04594   0.06740
   0.75043   0.04504   0.07766
   0.74013   0.04425   0.08666
   0.72874   0.04358   0.09424
   0.71646   0.04304   0.10027
   0.70350   0.04266   0.10466
   0.69007   0.04242   0.10732
   0.67641   0.04234   0.10822
   0.66275   0.04242   0.10734
   0.64932   0.04265   0.10469
   0.63635   0.04304   0.10033
   0.62406   0.04357   0.09431
   0.61266   0.04423   0.08675
   0.60235   0.04503   0.07778
   0.59330   0.04593   0.06753
   0.58567   0.04693   0.05620
   0.57959   0.04800   0.04397
   0.57517   0.04914   0.03105
   0.57248   0.05031   0.01767
   0.57157   0.05150   0.00405
   0.57519   0.05821   0.00463
   0.57604   0.05936  -0.00852
   0.57862   0.06049  -0.02145
   0.58287   0.06158  -0.03393
   0.58872   0.06260  -0.04574
   0.59607   0.06356  -0.05670
   0.60479   0.06442  -0.06660
   0.61473   0.06517  -0.07529
   0.62572   0.06580  -0.08261
   0.63758   0.06631  -0.08843
   0.65010   0.06667  -0.09267
   0.66306   0.06690  -0.09525
   0.67625   0.06697  -0.09612
   0.68944   0.06690  -0.09527
   0.70241   0.06668  -0.09272
   0.71493   0.06632  -0.08850
   0.72680   0.06581  -0.08269
   0.73780   0.06518  -0.07539
   0.74776   0.06443  -0.06672
   0.75649   0.06357  -0.05683
   0.76386   0.06262  -0.04588
   0.76972   0.06159  -0.03407
   0.77399   0.06050  -0.02160
   0.77659   0.05937  -0.00868
   0.77746   0.05822   0.00447
   0.77661   0.05707   0.01762
   0.77403   0.05594   0.03055
   0.76979   0.05484   0.04303
   0.76394   0.05380   0.05485
   0.75659   0.05284   0.06580
   0.74787   0.05197   0.07571
   0.73793   0.05120   0.08439
   0.72694   0.05056   0.09171
   0.71508   0.05004   0.09754
   0.70256   0.04967   0.10177
   0.68960   0.04944   0.10435
   0.67641   0.04936   0.10522
   0.66322   0.04943   0.10436
   0.65025   0.04966   0.10181
   0.63773   0.05003   0.09759
   0.62586   0.05055   0.09178
   0.61486   0.05119   0.08449
   0.60490   0.05195   0.07582
   0.59617   0.05283   0.06593
   0.58880   0.05379   0.05499
   0.58293   0.05483   0.04318
   0.57866   0.05593   0.03071
   0.57606   0.05706   0.01778
   0.57519   0.05821   0.00463
   0.57924   0.06467   0.00519
   0.58006   0.06577  -0.00743
   0.58253   0.06685  -0.01984
   0.58661   0.06790  -0.03182
   0.59223   0.06888  -0.04317
   0.59928   0.06980  -0.05368
   0.60765   0.07062  -0.06319
   0.61719   0.07134  -0.07153
   0.62775   0.07195  -0.07856
   0.63913   0.07244  -0.08415
   0.65114   0.07279  -0.08822
   0.66359   0.07300  -0.09069
   0.67625   0.07308  -0.09153
   0.68891   0.07301  -0.09072
   0.70136   0.07280  -0.08826
   0.71339   0.07245  -0.08422
   0.72478   0.07196  -0.07864
   0.73534   0.07136  -0.07163
   0.74490   0.07064  -0.06331
   0.75329   0.06981  -0.05381
   0.76036   0.06890  -0.04330
   0.76599   0.06791  -0.03196
   0.77008   0.06687  -0.01999
   0.77257   0.06578  -0.00758
   0.77342   0.06468   0.00504
   0.77259   0.06357   0.01767
   0.77012   0.06249   0.03007
   0.76605   0.06143   0.04205
   0.76043   0.06044   0.05340
   0.75338   0.05951   0.06392
   0.74501   0.05867   0.07343
   0.73547   0.05794   0.08177
   0.72491   0.05732   0.08879
   0.71353   0.05682   0.09438
   0.70151   0.05646   0.09845
   0.68907   0.05624   0.10092
   0.67641   0.05617   0.10176
   0.66374   0.05624   0.10094
   0.65129   0.05645   0.09849
   0.63927   0.05681   0.09444
   0.62788   0.05731   0.08886
   0.61732   0.05792   0.08185
   0.60776   0.05866   0.07353
   0.59937   0.05950   0.06404
   0.59230   0.06042   0.05353
   0.58667   0.06142   0.04220
   0.58257   0.06247   0.03022
   0.58008   0.06356   0.01782
   0.57924   0.06467   0.00519
   0.58370   0.07084   0.00573
   0.58449   0.07190  -0.00631
   0.58684   0.07293  -0.01815
   0.59074   0.07392  -0.02958
   0.59609   0.07487  -0.04041
   0.60282   0.07574  -0.05044
   0.61081   0.07652  -0.05951
   0.61991   0.07721  -0.06747
   0.62998   0.07779  -0.07417
   0.64084   0.07826  -0.07951
   0.65230   0.07859  -0.08339
   0.66417   0.07880  -0.08575
   0.67625   0.07887  -0.08655
   0.68834   0.07880  -0.08578
   0.70021   0.07860  -0.08344
   0.71169   0.07827  -0.07957
   0.72255   0.07781  -0.07425
   0.73263   0.07723  -0.06756
   0.74175   0.07654  -0.05962
   0.74975   0.07575  -0.05056
   0.75649   0.07488  -0.04054
   0.76187   0.07394  -0.02972
   0.76577   0.07294  -0.01829
   0.76815   0.07191  -0.00646
   0.76895   0.07086   0.00558
   0.76817   0.06980   0.01763
   0.76581   0.06876   0.02947
   0.76192   0.06776   0.04090
   0.75657   0.06681   0.05172
   0.74984   0.06593   0.06176
   0.74185   0.06513   0.07083
   0.73275   0.06442   0.07879
   0.72268   0.06383   0.08549
   0.71182   0.06336   0.09083
   0.70036   0.06301   0.09471
   0.68848   0.06280   0.09706
   0.67640   0.06273   0.09786
   0.66432   0.06280   0.09708
   0.65244   0.06301   0.09474
   0.64097   0.06335   0.09088
   0.63011   0.06382   0.08556
   0.62003   0.06441   0.07887
   0.61091   0.06511   0.07093
   0.60291   0.06591   0.06187
   0.59617   0.06679   0.05185
   0.59079   0.06775   0.04103
   0.58688   0.06875   0.02961
   0.58451   0.06979   0.01777
   0.58370   0.07084   0.00573
   0.58856   0.07672   0.00624
   0.58931   0.07771  -0.00517
   0.59154   0.07869  -0.01639
   0.59523   0.07963  -0.02722
   0.60030   0.08053  -0.03748
   0.60668   0.08135  -0.04699
   0.61424   0.08210  -0.05558
   0.62287   0.08275  -0.06312
   0.63241   0.08330  -0.06948
   0.64270   0.08374  -0.07453
   0.65356   0.08406  -0.07821
   0.66481   0.08425  -0.08045
   0.67626   0.08432  -0.08121
   0.68771   0.08425  -0.08047
   0.69896   0.08406  -0.07825
   0.70983   0.08375  -0.07459
   0.72013   0.08331  -0.06955
   0.72968   0.08276  -0.06321
   0.73832   0.08211  -0.05568
   0.74590   0.08137  -0.04710
   0.75229   0.08054  -0.03760
   0.75738   0.07965  -0.02735
   0.76108   0.07871  -0.01652
   0.76333   0.07773  -0.00531
   0.76409   0.07673   0.00610
   0.76335   0.07573   0.01751
   0.76112   0.07475   0.02873
   0.75743   0.07379   0.03956
   0.75236   0.07289   0.04982
   0.74599   0.07206   0.05933
   0.73842   0.07130   0.06793
   0.72979   0.07063   0.07547
   0.72025   0.07007   0.08182
   0.70996   0.06962   0.08688
   0.69910   0.06930   0.09055
   0.68785   0.06910   0.09279
   0.67640   0.06903   0.09354
   0.66495   0.06909   0.09280
   0.65369   0.06929   0.09059
   0.64283   0.06961   0.08692
   0.63253   0.07006   0.08188
   0.62298   0.07062   0.07554
   0.61434   0.07128   0.06802
   0.60676   0.07204   0.05944
   0.60037   0.07288   0.04994
   0.59528   0.07378   0.03969
   0.59158   0.07473   0.02887
   0.58932   0.07572   0.01765
   0.58856   0.07672   0.00624
   0.59380   0.08226   0.00672
   0.59450   0.08319  -0.00401
   0.59660   0.08411  -0.01456
   0.60006   0.08500  -0.02474
   0.60483   0.08584  -0.03439
   0.61083   0.08662  -0.04333
   0.61794   0.08732  -0.05142
   0.62605   0.08793  -0.05851
   0.63503   0.08845  -0.06448
   0.64470   0.08886  -0.06924
   0.65492   0.08916  -0.07270
   0.66550   0.08934  -0.07481
   0.67626   0.08941  -0.07552
   0.68703   0.08935  -0.07483
   0.69761   0.08917  -0.07274
   0.70784   0.08887  -0.06930
   0.71752   0.08846  -0.06455
   0.72650   0.08795  -0.05859
   0.73463   0.08733  -0.05151
   0.74175   0.08663  -0.04344
   0.74776   0.08586  -0.03450
   0.75255   0.08502  -0.02487
   0.75603   0.08413  -0.01469
   0.75814   0.08321  -0.00414
   0.75886   0.08227   0.00659
   0.75816   0.08133   0.01732
   0.75606   0.08041   0.02787
   0.75260   0.07951   0.03806
   0.74783   0.07866   0.04770
   0.74183   0.07788   0.05664
   0.73472   0.07716   0.06473
   0.72661   0.07654   0.07182
   0.71763   0.07601   0.07780
   0.70796   0.07559   0.08255
   0.69774   0.07528   0.08601
   0.68716   0.07509   0.08811
   0.67639   0.07503   0.08882
   0.66563   0.07509   0.08813
   0.65504   0.07527   0.08604
   0.64482   0.07558   0.08260
   0.63514   0.07600   0.07785
   0.62616   0.07652   0.07189
   0.61804   0.07715   0.06482
   0.61091   0.07786   0.05674
   0.60490   0.07865   0.04781
   0.60011   0.07950   0.03818
   0.59663   0.08039   0.02800
   0.59451   0.08132   0.01745
   0.59380   0.08226   0.00672
   0.59939   0.08744   0.00717
   0.60004   0.08832  -0.00283
   0.60199   0.08918  -0.01267
   0.60522   0.09000  -0.02216
   0.60967   0.09079  -0.03116
   0.61526   0.09151  -0.03950
   0.62189   0.09216  -0.04703
   0.62946   0.09274  -0.05365
   0.63782   0.09322  -0.05922
   0.64684   0.09360  -0.06366
   0.65636   0.09388  -0.06688
   0.66623   0.09405  -0.06884
   0.67627   0.09411  -0.06951
   0.68631   0.09406  -0.06886
   0.69618   0.09389  -0.06692
   0.70571   0.09361  -0.06371
   0.71473   0.09323  -0.05928
   0.72311   0.09275  -0.05372
   0.73068   0.09218  -0.04712
   0.73733   0.09152  -0.03960
   0.74293   0.09080  -0.03127
   0.74739   0.09002  -0.02228
   0.75063   0.08919  -0.01279
   0.75261   0.08833  -0.00296
   0.75327   0.08746   0.00705
   0.75262   0.08658   0.01706
   0.75067   0.08572   0.02689
   0.74744   0.08489   0.03639
   0.74299   0.08410   0.04538
   0.73740   0.08336   0.05372
   0.73077   0.08270   0.06126
   0.72321   0.08211   0.06787
   0.71484   0.08162   0.07344
   0.70582   0.08123   0.07787
   0.69629   0.08094   0.08110
   0.68643   0.08077   0.08306
   0.67639   0.08071   0.08372
   0.66635   0.08076   0.08307
   0.65648   0.08093   0.08113
   0.64695   0.08122   0.07792
   0.63792   0.08161   0.07349
   0.62955   0.08210   0.06794
   0.62198   0.08268   0.06134
   0.61533   0.08335   0.05381
   0.60973   0.08408   0.04548
   0.60527   0.08487   0.03650
   0.60203   0.08571   0.02701
   0.60005   0.08657   0.01718
   0.59939   0.08744   0.00717
   0.60530   0.09226   0.00759
   0.60590   0.09306  -0.00165
   0.60771   0.09386  -0.01073
   0.61069   0.09462  -0.01949
   0.61479   0.09534  -0.02780
   0.61995   0.09601  -0.03549
   0.62607   0.09661  -0.04245
   0.63306   0.09714  -0.04856
   0.64078   0.09759  -0.05370
   0.64910   0.09794  -0.05780
   0.65790   0.09820  -0.06078
   0.66700   0.09836  -0.06259
   0.67627   0.09841  -0.06320
   0.68554   0.09836  -0.06261
   0.69465   0.09821  -0.06081
   0.70345   0.09795  -0.05785
   0.71178   0.09760  -0.05376
   0.71951   0.09716  -0.04863
   0.72651   0.09663  -0.04254
   0.73264   0.09603  -0.03559
   0.73781   0.09536  -0.02790
   0.74193   0.09464  -0.01960
   0.74492   0.09387  -0.01084
   0.74675   0.09308  -0.00176
   0.74736   0.09227   0.00748
   0.74676   0.09146   0.01671
   0.74495   0.09067   0.02579
   0.74197   0.08990   0.03456
   0.73787   0.08917   0.04286
   0.73271   0.08849   0.05056
   0.72659   0.08788   0.05752
   0.71960   0.08734   0.06362
   0.71188   0.08688   0.06876
   0.70355   0.08652   0.07286
   0.69476   0.08625   0.07584
   0.68565   0.08609   0.07765
   0.67638   0.08604   0.07826
   0.66712   0.08609   0.07766
   0.65801   0.08625   0.07586
   0.64921   0.08651   0.07290
   0.64087   0.08687   0.06882
   0.63315   0.08732   0.06368
   0.62615   0.08786   0.05759
   0.62002   0.08847   0.05064
   0.61485   0.08915   0.04295
   0.61073   0.08988   0.03466
   0.60774   0.09065   0.02590
   0.60592   0.09145   0.01682
   0.60530   0.09226   0.00759
   0.61152   0.09667   0.00797
   0.61206   0.09741  -0.00046
   0.61371   0.09813  -0.00874
   0.61643   0.09883  -0.01674
   0.62018   0.09949  -0.02432
   0.62488   0.10010  -0.03134
   0.63047   0.10065  -0.03769
   0.63684   0.10113  -0.04327
   0.64389   0.10154  -0.04796
   0.65148   0.10187  -0.05170
   0.65951   0.10210  -0.05442
   0.66782   0.10225  -0.05607
   0.67628   0.10229  -0.05663
   0.68473   0.10225  -0.05609
   0.69305   0.10211  -0.05445
   0.70108   0.10187  -0.05174
   0.70868   0.10155  -0.04802
   0.71574   0.10115  -0.04333
   0.72212   0.10066  -0.03777
   0.72771   0.10011  -0.03143
   0.73243   0.09950  -0.02441
   0.73619   0.09885  -0.01684
   0.73892   0.09815  -0.00884
   0.74058   0.09743  -0.00056
   0.74115   0.09669   0.00787
   0.74060   0.09595   0.01630
   0.73895   0.09522   0.02458
   0.73623   0.09452   0.03258
   0.73248   0.09386   0.04016
   0.72778   0.09324   0.04718
   0.72219   0.09268   0.05353
   0.71582   0.09219   0.05910
   0.70877   0.09177   0.06380
   0.70117   0.09144   0.06753
   0.69315   0.09120   0.07025
   0.68484   0.09105   0.07190
   0.67638   0.09100   0.07246
   0.66792   0.09105   0.07192
   0.65961   0.09119   0.07028
   0.65158   0.09143   0.06757
   0.64397   0.09176   0.06384
   0.63692   0.09217   0.05916
   0.63054   0.09266   0.05360
   0.62495   0.09322   0.04726
   0.62023   0.09384   0.04024
   0.61647   0.09451   0.03267
   0.61374   0.09521   0.02468
   0.61208   0.09593   0.01640
   0.61152   0.09667   0.00797
   0.61801   0.10068   0.00831
   0.61850   0.10134   0.00073
   0.61998   0.10199  -0.00672
   0.62243   0.10262  -0.01392
   0.62580   0.10321  -0.02074
   0.63003   0.10376  -0.02706
   0.63506   0.10426  -0.03278
   0.64079   0.10469  -0.03779
   0.64713   0.10506  -0.04202
   0.65397   0.10535  -0.04538
   0.66119   0.10556  -0.04783
   0.66867   0.10569  -0.04932
   0.67628   0.10574  -0.04982
   0.68389   0.10570  -0.04933
   0.69138   0.10557  -0.04786
   0.69860   0.10536  -0.04542
   0.70544   0.10507  -0.04207
   0.71179   0.10470  -0.03785
   0.71753   0.10427  -0.03285
   0.72257   0.10377  -0.02714
   0.72681   0.10323  -0.02082
   0.73020   0.10263  -0.01401
   0.73265   0.10200  -0.00681
   0.73415   0.10135   0.00064
   0.73465   0.10069   0.00822
   0.73416   0.10003   0.01581
   0.73268   0.09937   0.02326
   0.73023   0.09874   0.03046
   0.72686   0.09814   0.03728
   0.72263   0.09759   0.04360
   0.71760   0.09708   0.04931
   0.71187   0.09664   0.05433
   0.70553   0.09627   0.05855
   0.69869   0.09597   0.06192
   0.69146   0.09575   0.06436
   0.68399   0.09562   0.06585
   0.67637   0.09557   0.06635
   0.66876   0.09562   0.06586
   0.66128   0.09575   0.06438
   0.65406   0.09596   0.06195
   0.64721   0.09626   0.05860
   0.64087   0.09663   0.05438
   0.63513   0.09707   0.04938
   0.63009   0.09757   0.04367
   0.62585   0.09813   0.03736
   0.62247   0.09873   0.03054
   0.62001   0.09936   0.02335
   0.61851   0.10001   0.01590
   0.61801   0.10068   0.00831
   0.62474   0.10425   0.00862
   0.62518   0.10483   0.00191
   0.62649   0.10541  -0.00468
   0.62866   0.10596  -0.01105
   0.63164   0.10649  -0.01708
   0.63538   0.10698  -0.02267
   0.63983   0.10742  -0.02772
   0.64490   0.10780  -0.03216
   0.65050   0.10813  -0.03590
   0.65655   0.10838  -0.03887
   0.66294   0.10857  -0.04104
   0.66956   0.10869  -0.04235
   0.67629   0.10873  -0.04280
   0.68302   0.10869  -0.04237
   0.68964   0.10858  -0.04106
   0.69603   0.10839  -0.03891
   0.70208   0.10814  -0.03594
   0.70770   0.10781  -0.03221
   0.71277   0.10743  -0.02778
   0.71723   0.10699  -0.02274
   0.72098   0.10650  -0.01715
   0.72397   0.10598  -0.01112
   0.72615   0.10542  -0.00476
   0.72747   0.10485   0.00183
   0.72792   0.10426   0.00854
   0.72748   0.10368   0.01525
   0.72617   0.10310   0.02184
   0.72400   0.10254   0.02821
   0.72102   0.10201   0.03424
   0.71728   0.10152   0.03983
   0.71283   0.10107   0.04489
   0.70776   0.10068   0.04932
   0.70215   0.10035   0.05306
   0.69610   0.10009   0.05603
   0.68972   0.09989   0.05820
   0.68310   0.09978   0.05951
   0.67637   0.09974   0.05996
   0.66964   0.09977   0.05952
   0.66302   0.09989   0.05822
   0.65663   0.10008   0.05606
   0.65058   0.10034   0.05310
   0.64496   0.10067   0.04937
   0.63989   0.10106   0.04494
   0.63543   0.10150   0.03989
   0.63168   0.10199   0.03431
   0.62869   0.10252   0.02828
   0.62651   0.10308   0.02192
   0.62519   0.10366   0.01533
   0.62474   0.10425   0.00862
   0.63170   0.10737   0.00889
   0.63208   0.10788   0.00309
   0.63321   0.10838  -0.00262
   0.63509   0.10886  -0.00813
   0.63766   0.10931  -0.01334
   0.64090   0.10974  -0.01818
   0.64475   0.11012  -0.02256
   0.64914   0.11045  -0.02639
   0.65399   0.11073  -0.02963
   0.65922   0.11096  -0.03220
   0.66475   0.11112  -0.03408
   0.67047   0.11122  -0.03521
   0.67629   0.11125  -0.03560
   0.68212   0.11122  -0.03522
   0.68784   0.11112  -0.03409
   0.69337   0.11096  -0.03223
   0.69861   0.11074  -0.02966
   0.70347   0.11046  -0.02644
   0.70786   0.11013  -0.02261
   0.71171   0.10975  -0.01824
   0.71496   0.10933  -0.01341
   0.71755   0.10887  -0.00819
   0.71943   0.10839  -0.00269
   0.72057   0.10790   0.00302
   0.72096   0.10739   0.00882
   0.72058   0.10688   0.01462
   0.71945   0.10638   0.02033
   0.71757   0.10590   0.02584
   0.71500   0.10544   0.03105
   0.71176   0.10501   0.03589
   0.70791   0.10463   0.04026
   0.70352   0.10429   0.04410
   0.69867   0.10400   0.04733
   0.69344   0.10378   0.04991
   0.68791   0.10361   0.05178
   0.68219   0.10351   0.05292
   0.67636   0.10347   0.05330
   0.67054   0.10351   0.05293
   0.66481   0.10361   0.05180
   0.65929   0.10377   0.04993
   0.65405   0.10400   0.04737
   0.64919   0.10428   0.04414
   0.64480   0.10462   0.04031
   0.64095   0.10500   0.03594
   0.63770   0.10543   0.03111
   0.63511   0.10588   0.02590
   0.63323   0.10637   0.02039
   0.63209   0.10687   0.01469
   0.63170   0.10737   0.00889
   0.63885   0.11004   0.00912
   0.63916   0.11047   0.00424
   0.64012   0.11089  -0.00055
   0.64169   0.11129  -0.00517
   0.64385   0.11167  -0.00956
   0.64658   0.11203  -0.01362
   0.64981   0.11235  -0.01729
   0.65349   0.11263  -0.02052
   0.65756   0.11286  -0.02323
   0.66196   0.11305  -0.02540
   0.66660   0.11319  -0.02697
   0.67141   0.11327  -0.02793
   0.67630   0.11330  -0.02825
   0.68119   0.11327  -0.02793
   0.68600   0.11319  -0.02699
   0.69064   0.11306  -0.02542
   0.69504   0.11287  -0.02326
   0.69912   0.11264  -0.02055
   0.70281   0.11236  -0.01734
   0.70605   0.11204  -0.01367
   0.70877   0.11168  -0.00961
   0.71095   0.11130  -0.00523
   0.71253   0.11090  -0.00061
   0.71349   0.11048   0.00418
   0.71381   0.11005   0.00906
   0.71350   0.10963   0.01393
   0.71254   0.10921   0.01872
   0.71097   0.10880   0.02335
   0.70880   0.10842   0.02773
   0.70608   0.10806   0.03179
   0.70285   0.10774   0.03547
   0.69917   0.10745   0.03869
   0.69509   0.10721   0.04141
   0.69070   0.10702   0.04357
   0.68606   0.10688   0.04514
   0.68125   0.10680   0.04610
   0.67636   0.10677   0.04642
   0.67147   0.10680   0.04611
   0.66666   0.10688   0.04516
   0.66201   0.10702   0.04359
   0.65761   0.10721   0.04144
   0.65354   0.10744   0.03873
   0.64985   0.10773   0.03551
   0.64661   0.10805   0.03184
   0.64388   0.10841   0.02778
   0.64171   0.10879   0.02340
   0.64013   0.10920   0.01878
   0.63917   0.10961   0.01399
   0.63885   0.11004   0.00912
   0.64615   0.11224   0.00930
   0.64641   0.11258   0.00538
   0.64717   0.11292   0.00152
   0.64844   0.11325  -0.00220
   0.65018   0.11355  -0.00573
   0.65237   0.11384  -0.00900
   0.65497   0.11410  -0.01196
   0.65794   0.11432  -0.01456
   0.66122   0.11451  -0.01674
   0.66476   0.11467  -0.01848
   0.66849   0.11478  -0.01975
   0.67237   0.11484  -0.02052
   0.67630   0.11487  -0.02078
   0.68024   0.11485  -0.02053
   0.68412   0.11478  -0.01976
   0.68785   0.11467  -0.01850
   0.69140   0.11452  -0.01677
   0.69468   0.11433  -0.01459
   0.69765   0.11410  -0.01200
   0.70026   0.11385  -0.00904
   0.70245   0.11356  -0.00577
   0.70420   0.11326  -0.00225
   0.70547   0.11293   0.00148
   0.70625   0.11259   0.00533
   0.70651   0.11225   0.00926
   0.70625   0.11191   0.01318
   0.70549   0.11157   0.01704
   0.70422   0.11124   0.02076
   0.70248   0.11093   0.02429
   0.70028   0.11065   0.02756
   0.69768   0.11039   0.03052
   0.69472   0.11016   0.03311
   0.69144   0.10996   0.03530
   0.68790   0.10981   0.03704
   0.68416   0.10970   0.03831
   0.68029   0.10963   0.03908
   0.67635   0.10961   0.03934
   0.67241   0.10963   0.03909
   0.66854   0.10970   0.03832
   0.66480   0.10981   0.03706
   0.66126   0.10996   0.03532
   0.65798   0.11015   0.03314
   0.65501   0.11038   0.03055
   0.65240   0.11064   0.02760
   0.65021   0.11092   0.02433
   0.64846   0.11123   0.02081
   0.64719   0.11156   0.01708
   0.64641   0.11190   0.01323
   0.64615   0.11224   0.00930
   0.65358   0.11396   0.00945
   0.65378   0.11422   0.00649
   0.65435   0.11447   0.00358
   0.65531   0.11472   0.00078
   0.65662   0.11495  -0.00188
   0.65827   0.11517  -0.00435
   0.66023   0.11536  -0.00658
   0.66247   0.11553  -0.00854
   0.66494   0.11567  -0.01018
   0.66761   0.11579  -0.01150
   0.67042   0.11587  -0.01245
   0.67334   0.11592  -0.01303
   0.67631   0.11594  -0.01323
   0.67928   0.11592  -0.01304
   0.68220   0.11588  -0.01246
   0.68502   0.11579  -0.01151
   0.68769   0.11568  -0.01020
   0.69016   0.11554  -0.00856
   0.69240   0.11537  -0.00661
   0.69436   0.11517  -0.00438
   0.69602   0.11496  -0.00192
   0.69734   0.11473   0.00074
   0.69830   0.11448   0.00355
   0.69888   0.11423   0.00645
   0.69907   0.11397   0.00941
   0.69888   0.11371   0.01237
   0.69830   0.11345   0.01528
   0.69735   0.11321   0.01808
   0.69604   0.11297   0.02074
   0.69439   0.11276   0.02321
   0.69242   0.11256   0.02544
   0.69019   0.11239   0.02740
   0.68772   0.11225   0.02904
   0.68505   0.11213   0.03036
   0.68223   0.11205   0.03131
   0.67932   0.11199   0.03189
   0.67635   0.11198   0.03209
   0.67338   0.11199   0.03190
   0.67046   0.11204   0.03132
   0.66764   0.11213   0.03037
   0.66497   0.11224   0.02906
   0.66250   0.11239   0.02742
   0.66026   0.11256   0.02546
   0.65829   0.11275   0.02324
   0.65664   0.11297   0.02077
   0.65532   0.11320   0.01812
   0.65436   0.11345   0.01531
   0.65378   0.11370   0.01241
   0.65358   0.11396   0.00945
   0.66111   0.11519   0.00955
   0.66124   0.11537   0.00757
   0.66163   0.11554   0.00563
   0.66226   0.11570   0.00375
   0.66314   0.11586   0.00197
   0.66425   0.11600   0.00032
   0.66556   0.11613  -0.00117
   0.66706   0.11625  -0.00248
   0.66871   0.11634  -0.00358
   0.67049   0.11642  -0.00446
   0.67238   0.11647  -0.00510
   0.67433   0.11651  -0.00549
   0.67632   0.11652  -0.00562
   0.67830   0.11651  -0.00549
   0.68026   0.11648  -0.00511
   0.68214   0.11642  -0.00447
   0.68393   0.11634  -0.00360
   0.68558   0.11625  -0.00250
   0.68708   0.11614  -0.00119
   0.68839   0.11601   0.00030
   0.68950   0.11586   0.00195
   0.69038   0.11571   0.00373
   0.69102   0.11554   0.00560
   0.69141   0.11537   0.00755
   0.69155   0.11520   0.00953
   0.69142   0.11503   0.01150
   0.69103   0.11486   0.01345
   0.69039   0.11469   0.01533
   0.68951   0.11454   0.01711
   0.68841   0.11439   0.01876
   0.68710   0.11426   0.02025
   0.68560   0.11414   0.02156
   0.68395   0.11405   0.02266
   0.68216   0.11397   0.02354
   0.68028   0.11391   0.02418
   0.67833   0.11388   0.02457
   0.67634   0.11387   0.02470
   0.67435   0.11388   0.02457
   0.67240   0.11391   0.02418
   0.67052   0.11397   0.02355
   0.66873   0.11404   0.02267
   0.66707   0.11414   0.02157
   0.66558   0.11426   0.02027
   0.66426   0.11439   0.01878
   0.66316   0.11453   0.01713
   0.66227   0.11469   0.01535
   0.66163   0.11485   0.01347
   0.66124   0.11502   0.01153
   0.66111   0.11519   0.00955
   0.66870   0.11594   0.00961
   0.66877   0.11602   0.00862
   0.66896   0.11611   0.00764
   0.66928   0.11619   0.00670
   0.66972   0.11627   0.00581
   0.67028   0.11634   0.00498
   0.67093   0.11641   0.00424
   0.67168   0.11646   0.00358
   0.67251   0.11651   0.00303
   0.67340   0.11655   0.00259
   0.67435   0.11658   0.00227
   0.67533   0.11660   0.00207
   0.67632   0.11660   0.00201
   0.67732   0.11660   0.00207
   0.67830   0.11658   0.00226
   0.67924   0.11655   0.00258
   0.68014   0.11651   0.00302
   0.68097   0.11647   0.00357
   0.68172   0.11641   0.00423
   0.68237   0.11634   0.00497
   0.68293   0.11627   0.00580
   0.68337   0.11619   0.00669
   0.68369   0.11611   0.00763
   0.68389   0.11603   0.00861
   0.68395   0.11594   0.00960
   0.68389   0.11585   0.01059
   0.68370   0.11577   0.01156
   0.68338   0.11568   0.01250
   0.68293   0.11561   0.01340
   0.68238   0.11553   0.01422
   0.68172   0.11547   0.01497
   0.68097   0.11541   0.01563
   0.68015   0.11536   0.01618
   0.67925   0.11532   0.01662
   0.67831   0.11530   0.01694
   0.67733   0.11528   0.01713
   0.67633   0.11527   0.01720
   0.67534   0.11528   0.01713
   0.67436   0.11530   0.01694
   0.67342   0.11532   0.01662
   0.67252   0.11536   0.01618
   0.67169   0.11541   0.01563
   0.67094   0.11547   0.01498
   0.67028   0.11553   0.01423
   0.66973   0.11560   0.01341
   0.66929   0.11568   0.01251
   0.66896   0.11576   0.01157
   0.66877   0.11585   0.01060
   0.66870   0.11594   0.00961
   0.67633   0.11619   0.00962
